  AnimationControler.cpp
C:\Users\szyme\OneDrive\Pulpit\GameEngine2D\GameEngine2D\src\core\Controllers\AnimationControler.cpp(29,13): warning C4244: "inicjowanie": konwersja z "int" do "float", możliwa utrata danych
C:\Users\szyme\OneDrive\Pulpit\GameEngine2D\GameEngine2D\src\core\Controllers\AnimationControler.cpp(30,46): warning C4838: konwersja z „int” do „float” wymaga konwersji zawężającej
C:\Users\szyme\OneDrive\Pulpit\GameEngine2D\GameEngine2D\src\core\Controllers\AnimationControler.cpp(30,46): warning C4244: "inicjowanie": konwersja z "int" do "float", możliwa utrata danych
C:\Users\szyme\OneDrive\Pulpit\GameEngine2D\GameEngine2D\src\core\Controllers\AnimationControler.cpp(30,76): warning C4838: konwersja z „int” do „float” wymaga konwersji zawężającej
C:\Users\szyme\OneDrive\Pulpit\GameEngine2D\GameEngine2D\src\core\Controllers\AnimationControler.cpp(30,76): warning C4244: "inicjowanie": konwersja z "int" do "float", możliwa utrata danych
  SpriteController.cpp
  Engine.cpp
C:\Users\szyme\OneDrive\Pulpit\GameEngine2D\GameEngine2D\src\core\Scenes\Game\FourTree.h(33,57): warning C4244: "argument": konwersja z "float" do "int", możliwa utrata danych
C:\Users\szyme\OneDrive\Pulpit\GameEngine2D\GameEngine2D\src\core\Scenes\Game\FourTree.h(33,50): warning C4244: "argument": konwersja z "float" do "int", możliwa utrata danych
  GameScene.cpp
C:\Users\szyme\OneDrive\Pulpit\GameEngine2D\GameEngine2D\src\core\Scenes\Game\FourTree.h(33,57): warning C4244: "argument": konwersja z "float" do "int", możliwa utrata danych
C:\Users\szyme\OneDrive\Pulpit\GameEngine2D\GameEngine2D\src\core\Scenes\Game\FourTree.h(33,50): warning C4244: "argument": konwersja z "float" do "int", możliwa utrata danych
C:\Users\szyme\OneDrive\Pulpit\GameEngine2D\GameEngine2D\src\core\Scenes\GameScene.cpp(28,9): warning C4477: „printf”: ciąg formatu „%d” wymaga argumentu typu „int”, ale argument 1 ze zmienną liczbą argumentów ma typ „unsigned __int64”
C:\Users\szyme\OneDrive\Pulpit\GameEngine2D\GameEngine2D\src\core\Scenes\GameScene.cpp(28,9): message : rozważ użycie elementu „%zd” w ciągu formatu
C:\Users\szyme\OneDrive\Pulpit\GameEngine2D\GameEngine2D\src\core\Scenes\GameScene.cpp(51,31): warning C4267: "inicjowanie": konwersja z "size_t" do "int", możliwa utrata danych
C:\Users\szyme\OneDrive\Pulpit\GameEngine2D\GameEngine2D\src\core\Scenes\GameScene.cpp(81,13): warning C4244: "inicjowanie": konwersja z "float" do "int", możliwa utrata danych
C:\Users\szyme\OneDrive\Pulpit\GameEngine2D\GameEngine2D\src\core\Scenes\GameScene.cpp(82,13): warning C4244: "inicjowanie": konwersja z "float" do "int", możliwa utrata danych
C:\Users\szyme\OneDrive\Pulpit\GameEngine2D\GameEngine2D\src\core\Scenes\GameScene.cpp(83,12): warning C4244: "inicjowanie": konwersja z "float" do "int", możliwa utrata danych
C:\Users\szyme\OneDrive\Pulpit\GameEngine2D\GameEngine2D\src\core\Scenes\GameScene.cpp(84,12): warning C4244: "inicjowanie": konwersja z "float" do "int", możliwa utrata danych
C:\Users\szyme\OneDrive\Pulpit\GameEngine2D\GameEngine2D\src\core\Scenes\GameScene.cpp(92,13): warning C4244: "inicjowanie": konwersja z "float" do "int", możliwa utrata danych
C:\Users\szyme\OneDrive\Pulpit\GameEngine2D\GameEngine2D\src\core\Scenes\GameScene.cpp(93,13): warning C4244: "inicjowanie": konwersja z "float" do "int", możliwa utrata danych
C:\Users\szyme\OneDrive\Pulpit\GameEngine2D\GameEngine2D\src\core\Scenes\GameScene.cpp(94,12): warning C4244: "inicjowanie": konwersja z "float" do "int", możliwa utrata danych
C:\Users\szyme\OneDrive\Pulpit\GameEngine2D\GameEngine2D\src\core\Scenes\GameScene.cpp(95,12): warning C4244: "inicjowanie": konwersja z "float" do "int", możliwa utrata danych
C:\Users\szyme\OneDrive\Pulpit\GameEngine2D\GameEngine2D\src\core\Scenes\GameScene.cpp(102,13): warning C4244: "inicjowanie": konwersja z "float" do "int", możliwa utrata danych
C:\Users\szyme\OneDrive\Pulpit\GameEngine2D\GameEngine2D\src\core\Scenes\GameScene.cpp(103,13): warning C4244: "inicjowanie": konwersja z "float" do "int", możliwa utrata danych
C:\Users\szyme\OneDrive\Pulpit\GameEngine2D\GameEngine2D\src\core\Scenes\GameScene.cpp(104,12): warning C4244: "inicjowanie": konwersja z "float" do "int", możliwa utrata danych
C:\Users\szyme\OneDrive\Pulpit\GameEngine2D\GameEngine2D\src\core\Scenes\GameScene.cpp(105,12): warning C4244: "inicjowanie": konwersja z "float" do "int", możliwa utrata danych
C:\Users\szyme\OneDrive\Pulpit\GameEngine2D\GameEngine2D\src\core\Scenes\GameScene.cpp(120,13): warning C4244: "inicjowanie": konwersja z "float" do "int", możliwa utrata danych
C:\Users\szyme\OneDrive\Pulpit\GameEngine2D\GameEngine2D\src\core\Scenes\GameScene.cpp(121,13): warning C4244: "inicjowanie": konwersja z "float" do "int", możliwa utrata danych
C:\Users\szyme\OneDrive\Pulpit\GameEngine2D\GameEngine2D\src\core\Scenes\GameScene.cpp(127,13): warning C4244: "inicjowanie": konwersja z "float" do "int", możliwa utrata danych
C:\Users\szyme\OneDrive\Pulpit\GameEngine2D\GameEngine2D\src\core\Scenes\GameScene.cpp(128,13): warning C4244: "inicjowanie": konwersja z "float" do "int", możliwa utrata danych
C:\Users\szyme\OneDrive\Pulpit\GameEngine2D\GameEngine2D\src\core\Scenes\GameScene.cpp(129,12): warning C4244: "inicjowanie": konwersja z "float" do "int", możliwa utrata danych
C:\Users\szyme\OneDrive\Pulpit\GameEngine2D\GameEngine2D\src\core\Scenes\GameScene.cpp(130,12): warning C4244: "inicjowanie": konwersja z "float" do "int", możliwa utrata danych
  FourTree.cpp
C:\Users\szyme\OneDrive\Pulpit\GameEngine2D\GameEngine2D\src\core\Scenes\Game\FourTree.h(33,57): warning C4244: "argument": konwersja z "float" do "int", możliwa utrata danych
C:\Users\szyme\OneDrive\Pulpit\GameEngine2D\GameEngine2D\src\core\Scenes\Game\FourTree.h(33,50): warning C4244: "argument": konwersja z "float" do "int", możliwa utrata danych
  ObjectHandler.cpp
C:\Users\szyme\OneDrive\Pulpit\GameEngine2D\GameEngine2D\src\core\Scenes\Game\FourTree.h(33,57): warning C4244: "argument": konwersja z "float" do "int", możliwa utrata danych
C:\Users\szyme\OneDrive\Pulpit\GameEngine2D\GameEngine2D\src\core\Scenes\Game\FourTree.h(33,50): warning C4244: "argument": konwersja z "float" do "int", możliwa utrata danych
C:\Users\szyme\OneDrive\Pulpit\GameEngine2D\GameEngine2D\src\core\Scenes\Game\ObjectHandler.cpp(6,16): warning C4244: "=": konwersja z "float" do "int", możliwa utrata danych
C:\Users\szyme\OneDrive\Pulpit\GameEngine2D\GameEngine2D\src\core\Scenes\Game\ObjectHandler.cpp(7,17): warning C4244: "=": konwersja z "float" do "int", możliwa utrata danych
C:\Users\szyme\OneDrive\Pulpit\GameEngine2D\GameEngine2D\src\core\Scenes\Game\ObjectHandler.cpp(114,9): warning C4244: "inicjowanie": konwersja z "float" do "int", możliwa utrata danych
C:\Users\szyme\OneDrive\Pulpit\GameEngine2D\GameEngine2D\src\core\Scenes\Game\ObjectHandler.cpp(115,9): warning C4244: "inicjowanie": konwersja z "float" do "int", możliwa utrata danych
  PerlinNoice.cpp
C:\Users\szyme\OneDrive\Pulpit\GameEngine2D\GameEngine2D\src\core\Scenes\Game\PerlinNoice.cpp(18,10): warning C4244: "inicjowanie": konwersja z "double" do "float", możliwa utrata danych
C:\Users\szyme\OneDrive\Pulpit\GameEngine2D\GameEngine2D\src\core\Scenes\Game\PerlinNoice.cpp(104,20): warning C4244: "inicjowanie": konwersja z "float" do "unsigned char", możliwa utrata danych
  Scene.cpp
  Collider.cpp
  UserInterface.cpp
  Block.cpp
C:\Users\szyme\OneDrive\Pulpit\GameEngine2D\GameEngine2D\src\core\Scenes\Game\FourTree.h(33,57): warning C4244: "argument": konwersja z "float" do "int", możliwa utrata danych
C:\Users\szyme\OneDrive\Pulpit\GameEngine2D\GameEngine2D\src\core\Scenes\Game\FourTree.h(33,50): warning C4244: "argument": konwersja z "float" do "int", możliwa utrata danych
C:\Users\szyme\OneDrive\Pulpit\GameEngine2D\GameEngine2D\src\GameObjects\Blocks\Block.cpp(32,14): warning C4244: "-=": konwersja z "double" do "int", możliwa utrata danych
  GameObject.cpp
C:\Users\szyme\OneDrive\Pulpit\GameEngine2D\GameEngine2D\src\core\Scenes\Game\FourTree.h(33,57): warning C4244: "argument": konwersja z "float" do "int", możliwa utrata danych
C:\Users\szyme\OneDrive\Pulpit\GameEngine2D\GameEngine2D\src\core\Scenes\Game\FourTree.h(33,50): warning C4244: "argument": konwersja z "float" do "int", możliwa utrata danych
C:\Users\szyme\OneDrive\Pulpit\GameEngine2D\GameEngine2D\src\GameObjects\GameObject.cpp(18,15): warning C4244: "inicjowanie": konwersja z "double" do "float", możliwa utrata danych
C:\Users\szyme\OneDrive\Pulpit\GameEngine2D\GameEngine2D\src\GameObjects\GameObject.cpp(39,16): warning C4244: "*=": konwersja z "double" do "float", możliwa utrata danych
C:\Users\szyme\OneDrive\Pulpit\GameEngine2D\GameEngine2D\src\GameObjects\GameObject.cpp(40,16): warning C4244: "*=": konwersja z "double" do "float", możliwa utrata danych
  Item.cpp
  ShootingWeapon.cpp
C:\Users\szyme\OneDrive\Pulpit\GameEngine2D\GameEngine2D\src\core\Scenes\Game\FourTree.h(33,57): warning C4244: "argument": konwersja z "float" do "int", możliwa utrata danych
C:\Users\szyme\OneDrive\Pulpit\GameEngine2D\GameEngine2D\src\core\Scenes\Game\FourTree.h(33,50): warning C4244: "argument": konwersja z "float" do "int", możliwa utrata danych
  Weapon.cpp
  ObjectsHandler.h
  Player.cpp
C:\Users\szyme\OneDrive\Pulpit\GameEngine2D\GameEngine2D\src\core\Scenes\Game\FourTree.h(33,57): warning C4244: "argument": konwersja z "float" do "int", możliwa utrata danych
C:\Users\szyme\OneDrive\Pulpit\GameEngine2D\GameEngine2D\src\core\Scenes\Game\FourTree.h(33,50): warning C4244: "argument": konwersja z "float" do "int", możliwa utrata danych
  Projectal.cpp
C:\Users\szyme\OneDrive\Pulpit\GameEngine2D\GameEngine2D\src\core\Scenes\Game\FourTree.h(33,57): warning C4244: "argument": konwersja z "float" do "int", możliwa utrata danych
C:\Users\szyme\OneDrive\Pulpit\GameEngine2D\GameEngine2D\src\core\Scenes\Game\FourTree.h(33,50): warning C4244: "argument": konwersja z "float" do "int", możliwa utrata danych
  ItemFactory.cpp
  Main.cpp
  Trwa generowanie kodu
  Previous IPDB not found, fall back to full compilation.
  All 276 functions were compiled because no usable IPDB/IOBJ from previous compilation was found.
  Zakończono generowanie kodu
  GameEngine2D.vcxproj -> C:\Users\szyme\OneDrive\Pulpit\GameEngine2D\x64\Release\GameEngine2D.exe
