  AnimationController.cpp
C:\Users\szymek\Desktop\Enginire\GameEngine2D_Engineer\src\core\Controllers\AnimationController.cpp(41,21): warning C4018: ">=": niezgodność typu ze znakiem/bez znaku
C:\Users\szymek\Desktop\Enginire\GameEngine2D_Engineer\src\core\Controllers\AnimationController.cpp(55,21): warning C4018: ">=": niezgodność typu ze znakiem/bez znaku
  SpriteController.cpp
  Add.cpp
  AddItem.cpp
C:\Users\szymek\Desktop\Enginire\GameEngine2D_Engineer\src\GameObjects\AddisionalTypes\CircleCollider.h(15,35): warning C4244: "return": konwersja z "float" do "int", możliwa utrata danych
C:\Users\szymek\Desktop\Enginire\GameEngine2D_Engineer\src\GameObjects\Items\Tool\ToolItem.h(13,28): warning C4305: "inicjowanie": obcięcie z "double" do "float"
C:\Users\szymek\Desktop\Enginire\GameEngine2D_Engineer\src\core\Elements\AddItem.cpp(21,42): warning C4244: "argument": konwersja z "float" do "int", możliwa utrata danych
C:\Users\szymek\Desktop\Enginire\GameEngine2D_Engineer\src\core\Elements\AddItem.cpp(21,19): warning C4244: "argument": konwersja z "float" do "int", możliwa utrata danych
C:\Users\szymek\Desktop\Enginire\GameEngine2D_Engineer\src\core\Elements\AddItem.cpp(22,56): warning C4244: "argument": konwersja z "float" do "int", możliwa utrata danych
C:\Users\szymek\Desktop\Enginire\GameEngine2D_Engineer\src\core\Elements\AddItem.cpp(22,46): warning C4244: "argument": konwersja z "float" do "int", możliwa utrata danych
C:\Users\szymek\Desktop\Enginire\GameEngine2D_Engineer\src\core\Elements\AddItem.cpp(22,38): warning C4244: "argument": konwersja z "float" do "int", możliwa utrata danych
C:\Users\szymek\Desktop\Enginire\GameEngine2D_Engineer\src\core\Elements\AddItem.cpp(23,54): warning C4244: "argument": konwersja z "float" do "int", możliwa utrata danych
C:\Users\szymek\Desktop\Enginire\GameEngine2D_Engineer\src\core\Elements\AddItem.cpp(23,46): warning C4244: "argument": konwersja z "float" do "int", możliwa utrata danych
C:\Users\szymek\Desktop\Enginire\GameEngine2D_Engineer\src\core\Elements\AddItem.cpp(23,19): warning C4244: "argument": konwersja z "float" do "int", możliwa utrata danych
  Button.cpp
C:\Users\szymek\Desktop\Enginire\GameEngine2D_Engineer\src\core\Elements\Button.cpp(16,28): warning C4305: "argument": obcięcie z "double" do "float"
C:\Users\szymek\Desktop\Enginire\GameEngine2D_Engineer\src\core\Elements\Button.cpp(17,33): warning C4305: "argument": obcięcie z "double" do "float"
C:\Users\szymek\Desktop\Enginire\GameEngine2D_Engineer\src\core\Elements\Button.cpp(20,48): warning C4244: "argument": konwersja z "float" do "int", możliwa utrata danych
C:\Users\szymek\Desktop\Enginire\GameEngine2D_Engineer\src\core\Elements\Button.cpp(20,22): warning C4244: "argument": konwersja z "float" do "int", możliwa utrata danych
  CheckBox.cpp
C:\Users\szymek\Desktop\Enginire\GameEngine2D_Engineer\src\core\Elements\CheckBox.cpp(24,8): warning C4244: "inicjowanie": konwersja z "float" do "int", możliwa utrata danych
C:\Users\szymek\Desktop\Enginire\GameEngine2D_Engineer\src\core\Elements\CheckBox.cpp(25,48): warning C4244: "argument": konwersja z "float" do "int", możliwa utrata danych
C:\Users\szymek\Desktop\Enginire\GameEngine2D_Engineer\src\core\Elements\CheckBox.cpp(25,28): warning C4244: "argument": konwersja z "float" do "int", możliwa utrata danych
  CheckBoxOpenElements.cpp
C:\Users\szymek\Desktop\Enginire\GameEngine2D_Engineer\src\core\Elements\CheckBoxOpenElements.cpp(97,68): warning C4244: "argument": konwersja z "float" do "int", możliwa utrata danych
C:\Users\szymek\Desktop\Enginire\GameEngine2D_Engineer\src\core\Elements\CheckBoxOpenElements.cpp(97,56): warning C4244: "argument": konwersja z "float" do "int", możliwa utrata danych
C:\Users\szymek\Desktop\Enginire\GameEngine2D_Engineer\src\core\Elements\CheckBoxOpenElements.cpp(97,49): warning C4244: "argument": konwersja z "float" do "int", możliwa utrata danych
C:\Users\szymek\Desktop\Enginire\GameEngine2D_Engineer\src\core\Elements\CheckBoxOpenElements.cpp(97,33): warning C4244: "argument": konwersja z "float" do "int", możliwa utrata danych
  Element.cpp
  EnumEnter.cpp
C:\Users\szymek\Desktop\Enginire\GameEngine2D_Engineer\src\core\Elements\EnumEnter.cpp(57,31): warning C4244: "argument": konwersja z "float" do "int", możliwa utrata danych
C:\Users\szymek\Desktop\Enginire\GameEngine2D_Engineer\src\core\Elements\EnumEnter.cpp(57,22): warning C4244: "argument": konwersja z "float" do "int", możliwa utrata danych
  FloatEnter.cpp
C:\Users\szymek\Desktop\Enginire\GameEngine2D_Engineer\src\core\Elements\FloatEnter.cpp(5,10): warning C4244: "inicjowanie": konwersja z "float" do "int", możliwa utrata danych
C:\Users\szymek\Desktop\Enginire\GameEngine2D_Engineer\src\core\Elements\FloatEnter.cpp(108,39): warning C4244: "argument": konwersja z "float" do "int", możliwa utrata danych
C:\Users\szymek\Desktop\Enginire\GameEngine2D_Engineer\src\core\Elements\FloatEnter.cpp(108,30): warning C4244: "argument": konwersja z "float" do "int", możliwa utrata danych
  IntEnter.cpp
C:\Users\szymek\Desktop\Enginire\GameEngine2D_Engineer\src\core\Elements\IntEnter.cpp(46,60): warning C4244: "argument": konwersja z "float" do "int", możliwa utrata danych
C:\Users\szymek\Desktop\Enginire\GameEngine2D_Engineer\src\core\Elements\IntEnter.cpp(46,53): warning C4244: "argument": konwersja z "float" do "int", możliwa utrata danych
  LineColliderCheckBox.cpp
C:\Users\szymek\Desktop\Enginire\GameEngine2D_Engineer\src\GameObjects\AddisionalTypes\CircleCollider.h(15,35): warning C4244: "return": konwersja z "float" do "int", możliwa utrata danych
C:\Users\szymek\Desktop\Enginire\GameEngine2D_Engineer\src\GameObjects\Items\Tool\ToolItem.h(13,28): warning C4305: "inicjowanie": obcięcie z "double" do "float"
  RectangleEnter.cpp
C:\Users\szymek\Desktop\Enginire\GameEngine2D_Engineer\src\core\Elements\RectangleEnter.cpp(21,22): warning C4244: "=": konwersja z "int" do "float", możliwa utrata danych
C:\Users\szymek\Desktop\Enginire\GameEngine2D_Engineer\src\core\Elements\RectangleEnter.cpp(35,8): warning C4244: "inicjowanie": konwersja z "float" do "int", możliwa utrata danych
C:\Users\szymek\Desktop\Enginire\GameEngine2D_Engineer\src\core\Elements\RectangleEnter.cpp(96,35): warning C4244: "argument": konwersja z "float" do "int", możliwa utrata danych
C:\Users\szymek\Desktop\Enginire\GameEngine2D_Engineer\src\core\Elements\RectangleEnter.cpp(96,28): warning C4244: "argument": konwersja z "float" do "int", możliwa utrata danych
C:\Users\szymek\Desktop\Enginire\GameEngine2D_Engineer\src\core\Elements\RectangleEnter.cpp(103,61): warning C4244: "argument": konwersja z "float" do "int", możliwa utrata danych
C:\Users\szymek\Desktop\Enginire\GameEngine2D_Engineer\src\core\Elements\RectangleEnter.cpp(103,44): warning C4244: "argument": konwersja z "float" do "int", możliwa utrata danych
  Remove.cpp
  RemoveItem.cpp
C:\Users\szymek\Desktop\Enginire\GameEngine2D_Engineer\src\core\Elements\RemoveItem.cpp(21,42): warning C4244: "argument": konwersja z "float" do "int", możliwa utrata danych
C:\Users\szymek\Desktop\Enginire\GameEngine2D_Engineer\src\core\Elements\RemoveItem.cpp(21,19): warning C4244: "argument": konwersja z "float" do "int", możliwa utrata danych
C:\Users\szymek\Desktop\Enginire\GameEngine2D_Engineer\src\core\Elements\RemoveItem.cpp(22,54): warning C4244: "argument": konwersja z "float" do "int", możliwa utrata danych
C:\Users\szymek\Desktop\Enginire\GameEngine2D_Engineer\src\core\Elements\RemoveItem.cpp(22,46): warning C4244: "argument": konwersja z "float" do "int", możliwa utrata danych
C:\Users\szymek\Desktop\Enginire\GameEngine2D_Engineer\src\core\Elements\RemoveItem.cpp(22,19): warning C4244: "argument": konwersja z "float" do "int", możliwa utrata danych
  TextEnter.cpp
C:\Users\szymek\Desktop\Enginire\GameEngine2D_Engineer\src\core\Elements\TextEnter.cpp(57,35): warning C4244: "argument": konwersja z "float" do "int", możliwa utrata danych
C:\Users\szymek\Desktop\Enginire\GameEngine2D_Engineer\src\core\Elements\TextEnter.cpp(57,28): warning C4244: "argument": konwersja z "float" do "int", możliwa utrata danych
C:\Users\szymek\Desktop\Enginire\GameEngine2D_Engineer\src\core\Elements\TextEnter.cpp(58,12): warning C4244: "inicjowanie": konwersja z "float" do "int", możliwa utrata danych
C:\Users\szymek\Desktop\Enginire\GameEngine2D_Engineer\src\core\Elements\TextEnter.cpp(59,38): warning C4244: "argument": konwersja z "float" do "int", możliwa utrata danych
C:\Users\szymek\Desktop\Enginire\GameEngine2D_Engineer\src\core\Elements\TextEnter.cpp(59,29): warning C4244: "argument": konwersja z "float" do "int", możliwa utrata danych
  VectorEnter.cpp
C:\Users\szymek\Desktop\Enginire\GameEngine2D_Engineer\src\core\Elements\VectorEnter.cpp(85,48): warning C4244: "argument": konwersja z "float" do "int", możliwa utrata danych
C:\Users\szymek\Desktop\Enginire\GameEngine2D_Engineer\src\core\Elements\VectorEnter.cpp(85,36): warning C4244: "argument": konwersja z "float" do "int", możliwa utrata danych
C:\Users\szymek\Desktop\Enginire\GameEngine2D_Engineer\src\core\Elements\VectorEnter.cpp(86,49): warning C4244: "argument": konwersja z "float" do "int", możliwa utrata danych
C:\Users\szymek\Desktop\Enginire\GameEngine2D_Engineer\src\core\Elements\VectorEnter.cpp(86,37): warning C4244: "argument": konwersja z "float" do "int", możliwa utrata danych
  Engine.cpp
C:\Users\szymek\Desktop\Enginire\GameEngine2D_Engineer\src\GameObjects\AddisionalTypes\CircleCollider.h(15,35): warning C4244: "return": konwersja z "float" do "int", możliwa utrata danych
C:\Users\szymek\Desktop\Enginire\GameEngine2D_Engineer\src\GameObjects\Items\Tool\ToolItem.h(13,28): warning C4305: "inicjowanie": obcięcie z "double" do "float"
C:\Users\szymek\Desktop\Enginire\GameEngine2D_Engineer\src\core\Engine.cpp(55,21): warning C4244: "=": konwersja z "double" do "float", możliwa utrata danych
  Properties.cpp
C:\Users\szymek\Desktop\Enginire\GameEngine2D_Engineer\src\core\Properties.cpp(53,61): warning C4244: "argument": konwersja z "int" do "float", możliwa utrata danych
C:\Users\szymek\Desktop\Enginire\GameEngine2D_Engineer\src\core\Properties.cpp(58,41): warning C4244: "argument": konwersja z "int" do "float", możliwa utrata danych
C:\Users\szymek\Desktop\Enginire\GameEngine2D_Engineer\src\core\Properties.cpp(58,35): warning C4244: "argument": konwersja z "int" do "float", możliwa utrata danych
  GameScene.cpp
C:\Users\szymek\Desktop\Enginire\GameEngine2D_Engineer\src\GameObjects\AddisionalTypes\CircleCollider.h(15,35): warning C4244: "return": konwersja z "float" do "int", możliwa utrata danych
C:\Users\szymek\Desktop\Enginire\GameEngine2D_Engineer\src\core\Scenes\GameScene.cpp(76,15): warning C4305: "+=": obcięcie z "double" do "float"
C:\Users\szymek\Desktop\Enginire\GameEngine2D_Engineer\src\core\Scenes\GameScene.cpp(78,15): warning C4305: "-=": obcięcie z "double" do "float"
C:\Users\szymek\Desktop\Enginire\GameEngine2D_Engineer\src\core\Scenes\GameScene.cpp(180,16): warning C4244: "=": konwersja z "float" do "int", możliwa utrata danych
C:\Users\szymek\Desktop\Enginire\GameEngine2D_Engineer\src\core\Scenes\GameScene.cpp(181,17): warning C4244: "=": konwersja z "float" do "int", możliwa utrata danych
C:\Users\szymek\Desktop\Enginire\GameEngine2D_Engineer\src\core\Scenes\GameScene.cpp(185,30): warning C4244: "argument": konwersja z "float" do "int", możliwa utrata danych
C:\Users\szymek\Desktop\Enginire\GameEngine2D_Engineer\src\core\Scenes\GameScene.cpp(185,23): warning C4244: "argument": konwersja z "float" do "int", możliwa utrata danych
C:\Users\szymek\Desktop\Enginire\GameEngine2D_Engineer\src\core\Scenes\GameScene.cpp(191,16): warning C4244: "=": konwersja z "float" do "int", możliwa utrata danych
C:\Users\szymek\Desktop\Enginire\GameEngine2D_Engineer\src\core\Scenes\GameScene.cpp(192,17): warning C4244: "=": konwersja z "float" do "int", możliwa utrata danych
C:\Users\szymek\Desktop\Enginire\GameEngine2D_Engineer\src\core\Scenes\GameScene.cpp(196,30): warning C4244: "argument": konwersja z "float" do "int", możliwa utrata danych
C:\Users\szymek\Desktop\Enginire\GameEngine2D_Engineer\src\core\Scenes\GameScene.cpp(196,23): warning C4244: "argument": konwersja z "float" do "int", możliwa utrata danych
C:\Users\szymek\Desktop\Enginire\GameEngine2D_Engineer\src\core\Scenes\GameScene.cpp(211,33): warning C4244: "argument": konwersja z "float" do "int", możliwa utrata danych
C:\Users\szymek\Desktop\Enginire\GameEngine2D_Engineer\src\core\Scenes\GameScene.cpp(211,26): warning C4244: "argument": konwersja z "float" do "int", możliwa utrata danych
C:\Users\szymek\Desktop\Enginire\GameEngine2D_Engineer\src\core\Scenes\GameScene.cpp(222,55): warning C4244: "argument": konwersja z "float" do "int", możliwa utrata danych
C:\Users\szymek\Desktop\Enginire\GameEngine2D_Engineer\src\core\Scenes\GameScene.cpp(222,44): warning C4244: "argument": konwersja z "float" do "int", możliwa utrata danych
C:\Users\szymek\Desktop\Enginire\GameEngine2D_Engineer\src\core\Scenes\GameScene.cpp(222,37): warning C4244: "argument": konwersja z "float" do "int", możliwa utrata danych
C:\Users\szymek\Desktop\Enginire\GameEngine2D_Engineer\src\core\Scenes\GameScene.cpp(222,30): warning C4244: "argument": konwersja z "float" do "int", możliwa utrata danych
C:\Users\szymek\Desktop\Enginire\GameEngine2D_Engineer\src\core\Scenes\GameScene.cpp(225,68): warning C4244: "argument": konwersja z "float" do "int", możliwa utrata danych
C:\Users\szymek\Desktop\Enginire\GameEngine2D_Engineer\src\core\Scenes\GameScene.cpp(225,57): warning C4244: "argument": konwersja z "float" do "int", możliwa utrata danych
C:\Users\szymek\Desktop\Enginire\GameEngine2D_Engineer\src\core\Scenes\GameScene.cpp(225,50): warning C4244: "argument": konwersja z "float" do "int", możliwa utrata danych
C:\Users\szymek\Desktop\Enginire\GameEngine2D_Engineer\src\core\Scenes\GameScene.cpp(225,43): warning C4244: "argument": konwersja z "float" do "int", możliwa utrata danych
  Generowanie kodu...
  Trwa kompilowanie...
  FourTree.cpp
C:\Users\szymek\Desktop\Enginire\GameEngine2D_Engineer\src\core\Scenes\Game\FourTree.cpp(156,56): warning C4244: "argument": konwersja z "float" do "int", możliwa utrata danych
C:\Users\szymek\Desktop\Enginire\GameEngine2D_Engineer\src\core\Scenes\Game\FourTree.cpp(156,49): warning C4244: "argument": konwersja z "float" do "int", możliwa utrata danych
  ObjectHandler.cpp
C:\Users\szymek\Desktop\Enginire\GameEngine2D_Engineer\src\GameObjects\AddisionalTypes\CircleCollider.h(15,35): warning C4244: "return": konwersja z "float" do "int", możliwa utrata danych
C:\Users\szymek\Desktop\Enginire\GameEngine2D_Engineer\src\core\Scenes\Game\ObjectHandler.cpp(24,30): warning C4305: "argument": obcięcie z "double" do "float"
C:\Users\szymek\Desktop\Enginire\GameEngine2D_Engineer\src\core\Scenes\Game\ObjectHandler.cpp(37,47): warning C4244: "=": konwersja z "float" do "int", możliwa utrata danych
C:\Users\szymek\Desktop\Enginire\GameEngine2D_Engineer\src\core\Scenes\Game\ObjectHandler.cpp(118,14): warning C4244: "inicjowanie": konwersja z "float" do "int", możliwa utrata danych
C:\Users\szymek\Desktop\Enginire\GameEngine2D_Engineer\src\core\Scenes\Game\ObjectHandler.cpp(119,14): warning C4244: "inicjowanie": konwersja z "float" do "int", możliwa utrata danych
C:\Users\szymek\Desktop\Enginire\GameEngine2D_Engineer\src\core\Scenes\Game\ObjectHandler.cpp(124,9): warning C4244: "inicjowanie": konwersja z "float" do "int", możliwa utrata danych
C:\Users\szymek\Desktop\Enginire\GameEngine2D_Engineer\src\core\Scenes\Game\ObjectHandler.cpp(125,9): warning C4244: "inicjowanie": konwersja z "float" do "int", możliwa utrata danych
C:\Users\szymek\Desktop\Enginire\GameEngine2D_Engineer\src\core\Scenes\Game\ObjectHandler.cpp(198,17): warning C4244: "=": konwersja z "float" do "int", możliwa utrata danych
C:\Users\szymek\Desktop\Enginire\GameEngine2D_Engineer\src\core\Scenes\Game\ObjectHandler.cpp(217,13): warning C4244: "inicjowanie": konwersja z "float" do "int", możliwa utrata danych
C:\Users\szymek\Desktop\Enginire\GameEngine2D_Engineer\src\core\Scenes\Game\ObjectHandler.cpp(218,13): warning C4244: "inicjowanie": konwersja z "float" do "int", możliwa utrata danych
C:\Users\szymek\Desktop\Enginire\GameEngine2D_Engineer\src\core\Scenes\Game\ObjectHandler.cpp(223,8): warning C4244: "inicjowanie": konwersja z "float" do "int", możliwa utrata danych
C:\Users\szymek\Desktop\Enginire\GameEngine2D_Engineer\src\core\Scenes\Game\ObjectHandler.cpp(224,8): warning C4244: "inicjowanie": konwersja z "float" do "int", możliwa utrata danych
C:\Users\szymek\Desktop\Enginire\GameEngine2D_Engineer\src\core\Scenes\Game\ObjectHandler.cpp(295,8): warning C4244: "inicjowanie": konwersja z "float" do "int", możliwa utrata danych
C:\Users\szymek\Desktop\Enginire\GameEngine2D_Engineer\src\core\Scenes\Game\ObjectHandler.cpp(298,8): warning C4244: "inicjowanie": konwersja z "float" do "int", możliwa utrata danych
C:\Users\szymek\Desktop\Enginire\GameEngine2D_Engineer\src\core\Scenes\Game\ObjectHandler.cpp(315,9): warning C4244: "inicjowanie": konwersja z "float" do "int", możliwa utrata danych
C:\Users\szymek\Desktop\Enginire\GameEngine2D_Engineer\src\core\Scenes\Game\ObjectHandler.cpp(316,9): warning C4244: "inicjowanie": konwersja z "float" do "int", możliwa utrata danych
  PerlinNoice.cpp
C:\Users\szymek\Desktop\Enginire\GameEngine2D_Engineer\src\core\Scenes\Game\PerlinNoice.cpp(18,10): warning C4244: "inicjowanie": konwersja z "double" do "float", możliwa utrata danych
C:\Users\szymek\Desktop\Enginire\GameEngine2D_Engineer\src\core\Scenes\Game\PerlinNoice.cpp(104,20): warning C4244: "inicjowanie": konwersja z "float" do "unsigned char", możliwa utrata danych
  ItemEdytor.cpp
C:\Users\szymek\Desktop\Enginire\GameEngine2D_Engineer\src\GameObjects\AddisionalTypes\CircleCollider.h(15,35): warning C4244: "return": konwersja z "float" do "int", możliwa utrata danych
C:\Users\szymek\Desktop\Enginire\GameEngine2D_Engineer\src\GameObjects\Items\Tool\ToolItem.h(13,28): warning C4305: "inicjowanie": obcięcie z "double" do "float"
C:\Users\szymek\Desktop\Enginire\GameEngine2D_Engineer\src\core\Scenes\ItemEdytor.cpp(96,18): warning C4244: "=": konwersja z "const int" do "float", możliwa utrata danych
C:\Users\szymek\Desktop\Enginire\GameEngine2D_Engineer\src\core\Scenes\ItemEdytor.cpp(97,19): warning C4244: "=": konwersja z "const int" do "float", możliwa utrata danych
C:\Users\szymek\Desktop\Enginire\GameEngine2D_Engineer\src\core\Scenes\ItemEdytor.cpp(120,44): warning C4244: "=": konwersja z "int" do "float", możliwa utrata danych
C:\Users\szymek\Desktop\Enginire\GameEngine2D_Engineer\src\core\Scenes\ItemEdytor.cpp(153,20): warning C4018: "<": niezgodność typu ze znakiem/bez znaku
C:\Users\szymek\Desktop\Enginire\GameEngine2D_Engineer\src\core\Scenes\ItemEdytor.cpp(222,20): warning C4018: "<": niezgodność typu ze znakiem/bez znaku
C:\Users\szymek\Desktop\Enginire\GameEngine2D_Engineer\src\core\Scenes\ItemEdytor.cpp(229,22): warning C4018: "<": niezgodność typu ze znakiem/bez znaku
C:\Users\szymek\Desktop\Enginire\GameEngine2D_Engineer\src\core\Scenes\ItemEdytor.cpp(235,10): warning C4018: "<": niezgodność typu ze znakiem/bez znaku
C:\Users\szymek\Desktop\Enginire\GameEngine2D_Engineer\src\core\Scenes\ItemEdytor.cpp(356,51): warning C4244: "=": konwersja z "float" do "int", możliwa utrata danych
C:\Users\szymek\Desktop\Enginire\GameEngine2D_Engineer\src\core\Scenes\ItemEdytor.cpp(359,22): warning C4018: ">=": niezgodność typu ze znakiem/bez znaku
C:\Users\szymek\Desktop\Enginire\GameEngine2D_Engineer\src\core\Scenes\ItemEdytor.cpp(418,8): warning C4244: "inicjowanie": konwersja z "float" do "int", możliwa utrata danych
C:\Users\szymek\Desktop\Enginire\GameEngine2D_Engineer\src\core\Scenes\ItemEdytor.cpp(419,8): warning C4244: "inicjowanie": konwersja z "float" do "int", możliwa utrata danych
C:\Users\szymek\Desktop\Enginire\GameEngine2D_Engineer\src\core\Scenes\ItemEdytor.cpp(420,12): warning C4244: "inicjowanie": konwersja z "float" do "int", możliwa utrata danych
C:\Users\szymek\Desktop\Enginire\GameEngine2D_Engineer\src\core\Scenes\ItemEdytor.cpp(421,12): warning C4244: "inicjowanie": konwersja z "float" do "int", możliwa utrata danych
C:\Users\szymek\Desktop\Enginire\GameEngine2D_Engineer\src\core\Scenes\ItemEdytor.cpp(424,43): warning C4244: "argument": konwersja z "float" do "int", możliwa utrata danych
C:\Users\szymek\Desktop\Enginire\GameEngine2D_Engineer\src\core\Scenes\ItemEdytor.cpp(424,24): warning C4244: "argument": konwersja z "float" do "int", możliwa utrata danych
C:\Users\szymek\Desktop\Enginire\GameEngine2D_Engineer\src\core\Scenes\ItemEdytor.cpp(425,42): warning C4244: "argument": konwersja z "float" do "int", możliwa utrata danych
C:\Users\szymek\Desktop\Enginire\GameEngine2D_Engineer\src\core\Scenes\ItemEdytor.cpp(425,35): warning C4244: "argument": konwersja z "float" do "int", możliwa utrata danych
C:\Users\szymek\Desktop\Enginire\GameEngine2D_Engineer\src\core\Scenes\ItemEdytor.cpp(426,77): warning C4244: "argument": konwersja z "float" do "int", możliwa utrata danych
C:\Users\szymek\Desktop\Enginire\GameEngine2D_Engineer\src\core\Scenes\ItemEdytor.cpp(426,61): warning C4244: "argument": konwersja z "float" do "int", możliwa utrata danych
C:\Users\szymek\Desktop\Enginire\GameEngine2D_Engineer\src\core\Scenes\ItemEdytor.cpp(427,104): warning C4244: "argument": konwersja z "float" do "int", możliwa utrata danych
C:\Users\szymek\Desktop\Enginire\GameEngine2D_Engineer\src\core\Scenes\ItemEdytor.cpp(427,85): warning C4244: "argument": konwersja z "float" do "int", możliwa utrata danych
C:\Users\szymek\Desktop\Enginire\GameEngine2D_Engineer\src\core\Scenes\ItemEdytor.cpp(428,69): warning C4244: "argument": konwersja z "float" do "int", możliwa utrata danych
C:\Users\szymek\Desktop\Enginire\GameEngine2D_Engineer\src\core\Scenes\ItemEdytor.cpp(428,59): warning C4244: "argument": konwersja z "float" do "int", możliwa utrata danych
C:\Users\szymek\Desktop\Enginire\GameEngine2D_Engineer\src\core\Scenes\ItemEdytor.cpp(430,85): warning C4244: "argument": konwersja z "float" do "int", możliwa utrata danych
C:\Users\szymek\Desktop\Enginire\GameEngine2D_Engineer\src\core\Scenes\ItemEdytor.cpp(430,65): warning C4244: "argument": konwersja z "float" do "int", możliwa utrata danych
C:\Users\szymek\Desktop\Enginire\GameEngine2D_Engineer\src\core\Scenes\ItemEdytor.cpp(432,112): warning C4244: "argument": konwersja z "float" do "int", możliwa utrata danych
C:\Users\szymek\Desktop\Enginire\GameEngine2D_Engineer\src\core\Scenes\ItemEdytor.cpp(432,89): warning C4244: "argument": konwersja z "float" do "int", możliwa utrata danych
C:\Users\szymek\Desktop\Enginire\GameEngine2D_Engineer\src\core\Scenes\ItemEdytor.cpp(434,73): warning C4244: "argument": konwersja z "float" do "int", możliwa utrata danych
C:\Users\szymek\Desktop\Enginire\GameEngine2D_Engineer\src\core\Scenes\ItemEdytor.cpp(434,63): warning C4244: "argument": konwersja z "float" do "int", możliwa utrata danych
C:\Users\szymek\Desktop\Enginire\GameEngine2D_Engineer\src\core\Scenes\ItemEdytor.cpp(435,108): warning C4244: "argument": konwersja z "float" do "int", możliwa utrata danych
C:\Users\szymek\Desktop\Enginire\GameEngine2D_Engineer\src\core\Scenes\ItemEdytor.cpp(435,89): warning C4244: "argument": konwersja z "float" do "int", możliwa utrata danych
C:\Users\szymek\Desktop\Enginire\GameEngine2D_Engineer\src\core\Scenes\ItemEdytor.cpp(442,65): warning C4244: "argument": konwersja z "float" do "int", możliwa utrata danych
C:\Users\szymek\Desktop\Enginire\GameEngine2D_Engineer\src\core\Scenes\ItemEdytor.cpp(442,55): warning C4244: "argument": konwersja z "float" do "int", możliwa utrata danych
C:\Users\szymek\Desktop\Enginire\GameEngine2D_Engineer\src\core\Scenes\ItemEdytor.cpp(470,50): warning C4244: "argument": konwersja z "float" do "int", możliwa utrata danych
C:\Users\szymek\Desktop\Enginire\GameEngine2D_Engineer\src\core\Scenes\ItemEdytor.cpp(470,45): warning C4244: "argument": konwersja z "float" do "int", możliwa utrata danych
C:\Users\szymek\Desktop\Enginire\GameEngine2D_Engineer\src\core\Scenes\ItemEdytor.cpp(478,15): warning C4018: "<": niezgodność typu ze znakiem/bez znaku
C:\Users\szymek\Desktop\Enginire\GameEngine2D_Engineer\src\core\Scenes\ItemEdytor.cpp(480,18): warning C4018: "<": niezgodność typu ze znakiem/bez znaku
  ItemProperty.cpp
C:\Users\szymek\Desktop\Enginire\GameEngine2D_Engineer\src\GameObjects\AddisionalTypes\CircleCollider.h(15,35): warning C4244: "return": konwersja z "float" do "int", możliwa utrata danych
C:\Users\szymek\Desktop\Enginire\GameEngine2D_Engineer\src\GameObjects\Items\Tool\ToolItem.h(13,28): warning C4305: "inicjowanie": obcięcie z "double" do "float"
C:\Users\szymek\Desktop\Enginire\GameEngine2D_Engineer\src\core\Scenes\ItemEdytorStruct\ItemProperty.cpp(379,55): warning C4244: "argument": konwersja z "float" do "int", możliwa utrata danych
C:\Users\szymek\Desktop\Enginire\GameEngine2D_Engineer\src\core\Scenes\ItemEdytorStruct\ItemProperty.cpp(379,48): warning C4244: "argument": konwersja z "float" do "int", możliwa utrata danych
  Menu.cpp
C:\Users\szymek\Desktop\Enginire\GameEngine2D_Engineer\src\GameObjects\AddisionalTypes\CircleCollider.h(15,35): warning C4244: "return": konwersja z "float" do "int", możliwa utrata danych
C:\Users\szymek\Desktop\Enginire\GameEngine2D_Engineer\src\GameObjects\Items\Tool\ToolItem.h(13,28): warning C4305: "inicjowanie": obcięcie z "double" do "float"
  RecipesEdytor.cpp
C:\Users\szymek\Desktop\Enginire\GameEngine2D_Engineer\src\GameObjects\AddisionalTypes\CircleCollider.h(15,35): warning C4244: "return": konwersja z "float" do "int", możliwa utrata danych
C:\Users\szymek\Desktop\Enginire\GameEngine2D_Engineer\src\GameObjects\Items\Tool\ToolItem.h(13,28): warning C4305: "inicjowanie": obcięcie z "double" do "float"
C:\Users\szymek\Desktop\Enginire\GameEngine2D_Engineer\src\core\Scenes\RecipesEdytor.cpp(29,18): warning C4244: "=": konwersja z "const int" do "float", możliwa utrata danych
C:\Users\szymek\Desktop\Enginire\GameEngine2D_Engineer\src\core\Scenes\RecipesEdytor.cpp(30,19): warning C4244: "=": konwersja z "const int" do "float", możliwa utrata danych
C:\Users\szymek\Desktop\Enginire\GameEngine2D_Engineer\src\core\Scenes\RecipesEdytor.cpp(40,49): warning C4244: "=": konwersja z "int" do "float", możliwa utrata danych
C:\Users\szymek\Desktop\Enginire\GameEngine2D_Engineer\src\core\Scenes\RecipesEdytor.cpp(41,48): warning C4244: "=": konwersja z "int" do "float", możliwa utrata danych
C:\Users\szymek\Desktop\Enginire\GameEngine2D_Engineer\src\core\Scenes\RecipesEdytor.cpp(68,20): warning C4018: "<": niezgodność typu ze znakiem/bez znaku
C:\Users\szymek\Desktop\Enginire\GameEngine2D_Engineer\src\core\Scenes\RecipesEdytor.cpp(80,20): warning C4018: "<": niezgodność typu ze znakiem/bez znaku
C:\Users\szymek\Desktop\Enginire\GameEngine2D_Engineer\src\core\Scenes\RecipesEdytor.cpp(96,20): warning C4018: "<": niezgodność typu ze znakiem/bez znaku
C:\Users\szymek\Desktop\Enginire\GameEngine2D_Engineer\src\core\Scenes\RecipesEdytor.cpp(110,20): warning C4018: "<": niezgodność typu ze znakiem/bez znaku
C:\Users\szymek\Desktop\Enginire\GameEngine2D_Engineer\src\core\Scenes\RecipesEdytor.cpp(146,70): warning C4244: "argument": konwersja z "float" do "int", możliwa utrata danych
C:\Users\szymek\Desktop\Enginire\GameEngine2D_Engineer\src\core\Scenes\RecipesEdytor.cpp(146,63): warning C4244: "argument": konwersja z "float" do "int", możliwa utrata danych
C:\Users\szymek\Desktop\Enginire\GameEngine2D_Engineer\src\core\Scenes\RecipesEdytor.cpp(152,21): warning C4018: "<": niezgodność typu ze znakiem/bez znaku
C:\Users\szymek\Desktop\Enginire\GameEngine2D_Engineer\src\core\Scenes\RecipesEdytor.cpp(160,21): warning C4244: "argument": konwersja z "float" do "int", możliwa utrata danych
C:\Users\szymek\Desktop\Enginire\GameEngine2D_Engineer\src\core\Scenes\RecipesEdytor.cpp(160,10): warning C4244: "argument": konwersja z "float" do "int", możliwa utrata danych
C:\Users\szymek\Desktop\Enginire\GameEngine2D_Engineer\src\core\Scenes\RecipesEdytor.cpp(166,39): warning C4244: "argument": konwersja z "float" do "int", możliwa utrata danych
C:\Users\szymek\Desktop\Enginire\GameEngine2D_Engineer\src\core\Scenes\RecipesEdytor.cpp(166,32): warning C4244: "argument": konwersja z "float" do "int", możliwa utrata danych
C:\Users\szymek\Desktop\Enginire\GameEngine2D_Engineer\src\core\Scenes\RecipesEdytor.cpp(222,36): warning C4018: "<=": niezgodność typu ze znakiem/bez znaku
C:\Users\szymek\Desktop\Enginire\GameEngine2D_Engineer\src\core\Scenes\RecipesEdytor.cpp(227,18): warning C4018: "<": niezgodność typu ze znakiem/bez znaku
C:\Users\szymek\Desktop\Enginire\GameEngine2D_Engineer\src\core\Scenes\RecipesEdytor.cpp(239,42): warning C4018: "<": niezgodność typu ze znakiem/bez znaku
C:\Users\szymek\Desktop\Enginire\GameEngine2D_Engineer\src\core\Scenes\RecipesEdytor.cpp(246,18): warning C4018: "<": niezgodność typu ze znakiem/bez znaku
C:\Users\szymek\Desktop\Enginire\GameEngine2D_Engineer\src\core\Scenes\RecipesEdytor.cpp(266,14): warning C4244: "=": konwersja z "const int" do "float", możliwa utrata danych
C:\Users\szymek\Desktop\Enginire\GameEngine2D_Engineer\src\core\Scenes\RecipesEdytor.cpp(267,15): warning C4244: "=": konwersja z "const int" do "float", możliwa utrata danych
C:\Users\szymek\Desktop\Enginire\GameEngine2D_Engineer\src\core\Scenes\RecipesEdytor.cpp(276,14): warning C4244: "=": konwersja z "const int" do "float", możliwa utrata danych
C:\Users\szymek\Desktop\Enginire\GameEngine2D_Engineer\src\core\Scenes\RecipesEdytor.cpp(277,15): warning C4244: "=": konwersja z "const int" do "float", możliwa utrata danych
C:\Users\szymek\Desktop\Enginire\GameEngine2D_Engineer\src\core\Scenes\RecipesEdytor.cpp(344,20): warning C4018: "<": niezgodność typu ze znakiem/bez znaku
C:\Users\szymek\Desktop\Enginire\GameEngine2D_Engineer\src\core\Scenes\RecipesEdytor.cpp(351,22): warning C4018: "<": niezgodność typu ze znakiem/bez znaku
C:\Users\szymek\Desktop\Enginire\GameEngine2D_Engineer\src\core\Scenes\RecipesEdytor.cpp(362,21): warning C4018: ">=": niezgodność typu ze znakiem/bez znaku
  Scene.cpp
  CircleCollider.cpp
C:\Users\szymek\Desktop\Enginire\GameEngine2D_Engineer\src\GameObjects\AddisionalTypes\CircleCollider.h(15,35): warning C4244: "return": konwersja z "float" do "int", możliwa utrata danych
C:\Users\szymek\Desktop\Enginire\GameEngine2D_Engineer\src\GameObjects\AddisionalTypes\CircleCollider.cpp(17,32): warning C4244: "argument": konwersja z "float" do "int", możliwa utrata danych
C:\Users\szymek\Desktop\Enginire\GameEngine2D_Engineer\src\GameObjects\AddisionalTypes\CircleCollider.cpp(17,19): warning C4244: "argument": konwersja z "float" do "int", możliwa utrata danych
C:\Users\szymek\Desktop\Enginire\GameEngine2D_Engineer\src\GameObjects\AddisionalTypes\CircleCollider.cpp(24,10): warning C4244: "inicjowanie": konwersja z "int" do "float", możliwa utrata danych
C:\Users\szymek\Desktop\Enginire\GameEngine2D_Engineer\src\GameObjects\AddisionalTypes\CircleCollider.cpp(53,12): warning C4244: "inicjowanie": konwersja z "int" do "float", możliwa utrata danych
C:\Users\szymek\Desktop\Enginire\GameEngine2D_Engineer\src\GameObjects\AddisionalTypes\CircleCollider.cpp(63,10): warning C4244: "inicjowanie": konwersja z "int" do "float", możliwa utrata danych
  Collider.cpp
C:\Users\szymek\Desktop\Enginire\GameEngine2D_Engineer\src\GameObjects\AddisionalTypes\CircleCollider.h(15,35): warning C4244: "return": konwersja z "float" do "int", możliwa utrata danych
C:\Users\szymek\Desktop\Enginire\GameEngine2D_Engineer\src\GameObjects\AddisionalTypes\Collider.cpp(191,9): warning C4244: "inicjowanie": konwersja z "float" do "int", możliwa utrata danych
C:\Users\szymek\Desktop\Enginire\GameEngine2D_Engineer\src\GameObjects\AddisionalTypes\Collider.cpp(196,31): warning C4244: "=": konwersja z "float" do "int", możliwa utrata danych
C:\Users\szymek\Desktop\Enginire\GameEngine2D_Engineer\src\GameObjects\AddisionalTypes\Collider.cpp(210,7): warning C4305: "=": obcięcie z "int" do "float"
C:\Users\szymek\Desktop\Enginire\GameEngine2D_Engineer\src\GameObjects\AddisionalTypes\Collider.cpp(269,13): warning C4244: "return": konwersja z "double" do "float", możliwa utrata danych
C:\Users\szymek\Desktop\Enginire\GameEngine2D_Engineer\src\GameObjects\AddisionalTypes\Collider.cpp(276,12): warning C4244: "inicjowanie": konwersja z "double" do "float", możliwa utrata danych
  DestroyAble.cpp
  DodgeInterface.cpp
  HitAble.cpp
C:\Users\szymek\Desktop\Enginire\GameEngine2D_Engineer\src\GameObjects\AddisionalTypes\CircleCollider.h(15,35): warning C4244: "return": konwersja z "float" do "int", możliwa utrata danych
C:\Users\szymek\Desktop\Enginire\GameEngine2D_Engineer\src\GameObjects\AddisionalTypes\HitAble.cpp(13,16): warning C4244: "=": konwersja z "int" do "float", możliwa utrata danych
C:\Users\szymek\Desktop\Enginire\GameEngine2D_Engineer\src\GameObjects\AddisionalTypes\HitAble.cpp(14,13): warning C4244: "=": konwersja z "int" do "float", możliwa utrata danych
C:\Users\szymek\Desktop\Enginire\GameEngine2D_Engineer\src\GameObjects\AddisionalTypes\HitAble.cpp(25,57): warning C4244: "argument": konwersja z "float" do "int", możliwa utrata danych
C:\Users\szymek\Desktop\Enginire\GameEngine2D_Engineer\src\GameObjects\AddisionalTypes\HitAble.cpp(25,45): warning C4244: "argument": konwersja z "float" do "int", możliwa utrata danych
C:\Users\szymek\Desktop\Enginire\GameEngine2D_Engineer\src\GameObjects\AddisionalTypes\HitAble.cpp(25,26): warning C4244: "argument": konwersja z "float" do "int", możliwa utrata danych
C:\Users\szymek\Desktop\Enginire\GameEngine2D_Engineer\src\GameObjects\AddisionalTypes\HitAble.cpp(25,19): warning C4244: "argument": konwersja z "float" do "int", możliwa utrata danych
  ItemsDrop.cpp
  LinesCollider.cpp
C:\Users\szymek\Desktop\Enginire\GameEngine2D_Engineer\src\GameObjects\AddisionalTypes\CircleCollider.h(15,35): warning C4244: "return": konwersja z "float" do "int", możliwa utrata danych
C:\Users\szymek\Desktop\Enginire\GameEngine2D_Engineer\src\GameObjects\AddisionalTypes\LinesCollider.cpp(196,11): warning C4244: "inicjowanie": konwersja z "int" do "float", możliwa utrata danych
  RectangleCollider.cpp
C:\Users\szymek\Desktop\Enginire\GameEngine2D_Engineer\src\GameObjects\AddisionalTypes\RectangleCollider.cpp(16,84): warning C4244: "argument": konwersja z "float" do "int", możliwa utrata danych
C:\Users\szymek\Desktop\Enginire\GameEngine2D_Engineer\src\GameObjects\AddisionalTypes\RectangleCollider.cpp(16,67): warning C4244: "argument": konwersja z "float" do "int", możliwa utrata danych
C:\Users\szymek\Desktop\Enginire\GameEngine2D_Engineer\src\GameObjects\AddisionalTypes\RectangleCollider.cpp(16,43): warning C4244: "argument": konwersja z "float" do "int", możliwa utrata danych
C:\Users\szymek\Desktop\Enginire\GameEngine2D_Engineer\src\GameObjects\AddisionalTypes\RectangleCollider.cpp(16,22): warning C4244: "argument": konwersja z "float" do "int", możliwa utrata danych
C:\Users\szymek\Desktop\Enginire\GameEngine2D_Engineer\src\GameObjects\AddisionalTypes\RectangleCollider.cpp(48,11): warning C4244: "inicjowanie": konwersja z "int" do "float", możliwa utrata danych
  UserUI.cpp
  BlockFactory.cpp
C:\Users\szymek\Desktop\Enginire\GameEngine2D_Engineer\src\GameObjects\AddisionalTypes\CircleCollider.h(15,35): warning C4244: "return": konwersja z "float" do "int", możliwa utrata danych
C:\Users\szymek\Desktop\Enginire\GameEngine2D_Engineer\src\GameObjects\BlockFactory.cpp(15,20): warning C4018: "<": niezgodność typu ze znakiem/bez znaku
C:\Users\szymek\Desktop\Enginire\GameEngine2D_Engineer\src\GameObjects\BlockFactory.cpp(46,18): warning C4018: "<": niezgodność typu ze znakiem/bez znaku
  Block.cpp
C:\Users\szymek\Desktop\Enginire\GameEngine2D_Engineer\src\GameObjects\AddisionalTypes\CircleCollider.h(15,35): warning C4244: "return": konwersja z "float" do "int", możliwa utrata danych
C:\Users\szymek\Desktop\Enginire\GameEngine2D_Engineer\src\GameObjects\Blocks\Block.cpp(18,47): warning C4244: "=": konwersja z "int" do "float", możliwa utrata danych
C:\Users\szymek\Desktop\Enginire\GameEngine2D_Engineer\src\GameObjects\Blocks\Block.cpp(19,49): warning C4244: "=": konwersja z "int" do "float", możliwa utrata danych
C:\Users\szymek\Desktop\Enginire\GameEngine2D_Engineer\src\GameObjects\Blocks\Block.cpp(99,13): warning C4244: "inicjowanie": konwersja z "int" do "float", możliwa utrata danych
  CollidingBlock.cpp
C:\Users\szymek\Desktop\Enginire\GameEngine2D_Engineer\src\GameObjects\AddisionalTypes\CircleCollider.h(15,35): warning C4244: "return": konwersja z "float" do "int", możliwa utrata danych
  Generowanie kodu...
  Trwa kompilowanie...
  CraftingStation.cpp
C:\Users\szymek\Desktop\Enginire\GameEngine2D_Engineer\src\GameObjects\Crafting\CraftingStation.cpp(31,45): warning C4018: "<": niezgodność typu ze znakiem/bez znaku
C:\Users\szymek\Desktop\Enginire\GameEngine2D_Engineer\src\GameObjects\Crafting\CraftingStation.cpp(49,16): warning C4018: "<": niezgodność typu ze znakiem/bez znaku
C:\Users\szymek\Desktop\Enginire\GameEngine2D_Engineer\src\GameObjects\Crafting\CraftingStation.cpp(205,65): warning C4244: "argument": konwersja z "float" do "int", możliwa utrata danych
C:\Users\szymek\Desktop\Enginire\GameEngine2D_Engineer\src\GameObjects\Crafting\CraftingStation.cpp(205,49): warning C4244: "argument": konwersja z "float" do "int", możliwa utrata danych
C:\Users\szymek\Desktop\Enginire\GameEngine2D_Engineer\src\GameObjects\Crafting\CraftingStation.cpp(205,34): warning C4244: "argument": konwersja z "float" do "int", możliwa utrata danych
C:\Users\szymek\Desktop\Enginire\GameEngine2D_Engineer\src\GameObjects\Crafting\CraftingStation.cpp(205,23): warning C4244: "argument": konwersja z "float" do "int", możliwa utrata danych
C:\Users\szymek\Desktop\Enginire\GameEngine2D_Engineer\src\GameObjects\Crafting\CraftingStation.cpp(225,61): warning C4244: "argument": konwersja z "float" do "int", możliwa utrata danych
C:\Users\szymek\Desktop\Enginire\GameEngine2D_Engineer\src\GameObjects\Crafting\CraftingStation.cpp(225,48): warning C4244: "argument": konwersja z "float" do "int", możliwa utrata danych
C:\Users\szymek\Desktop\Enginire\GameEngine2D_Engineer\src\GameObjects\Crafting\CraftingStation.cpp(230,22): warning C4018: "<": niezgodność typu ze znakiem/bez znaku
C:\Users\szymek\Desktop\Enginire\GameEngine2D_Engineer\src\GameObjects\Crafting\CraftingStation.cpp(252,42): warning C4244: "argument": konwersja z "float" do "int", możliwa utrata danych
C:\Users\szymek\Desktop\Enginire\GameEngine2D_Engineer\src\GameObjects\Crafting\CraftingStation.cpp(252,29): warning C4244: "argument": konwersja z "float" do "int", możliwa utrata danych
  Recipes.cpp
C:\Users\szymek\Desktop\Enginire\GameEngine2D_Engineer\src\GameObjects\Crafting\Recipes.cpp(161,20): warning C4018: "<": niezgodność typu ze znakiem/bez znaku
  Factory.cpp
  GameObject.cpp
C:\Users\szymek\Desktop\Enginire\GameEngine2D_Engineer\src\GameObjects\AddisionalTypes\CircleCollider.h(15,35): warning C4244: "return": konwersja z "float" do "int", możliwa utrata danych
  StackItem.cpp
  Item.cpp
C:\Users\szymek\Desktop\Enginire\GameEngine2D_Engineer\src\GameObjects\Items\Item.cpp(51,23): warning C4838: konwersja z „int” do „float” wymaga konwersji zawężającej
C:\Users\szymek\Desktop\Enginire\GameEngine2D_Engineer\src\GameObjects\Items\Item.cpp(51,23): warning C4244: "inicjowanie": konwersja z "int" do "float", możliwa utrata danych
C:\Users\szymek\Desktop\Enginire\GameEngine2D_Engineer\src\GameObjects\Items\Item.cpp(51,29): warning C4838: konwersja z „int” do „float” wymaga konwersji zawężającej
C:\Users\szymek\Desktop\Enginire\GameEngine2D_Engineer\src\GameObjects\Items\Item.cpp(51,29): warning C4244: "inicjowanie": konwersja z "int" do "float", możliwa utrata danych
C:\Users\szymek\Desktop\Enginire\GameEngine2D_Engineer\src\GameObjects\Items\Item.cpp(52,29): warning C4305: "argument": obcięcie z "double" do "float"
C:\Users\szymek\Desktop\Enginire\GameEngine2D_Engineer\src\GameObjects\Items\Item.cpp(53,34): warning C4305: "argument": obcięcie z "double" do "float"
  ToolItem.cpp
C:\Users\szymek\Desktop\Enginire\GameEngine2D_Engineer\src\GameObjects\AddisionalTypes\CircleCollider.h(15,35): warning C4244: "return": konwersja z "float" do "int", możliwa utrata danych
C:\Users\szymek\Desktop\Enginire\GameEngine2D_Engineer\src\GameObjects\Items\Tool\ToolItem.h(13,28): warning C4305: "inicjowanie": obcięcie z "double" do "float"
C:\Users\szymek\Desktop\Enginire\GameEngine2D_Engineer\src\GameObjects\Items\Tool\ToolItem.cpp(129,59): warning C4244: "argument": konwersja z "float" do "int", możliwa utrata danych
C:\Users\szymek\Desktop\Enginire\GameEngine2D_Engineer\src\GameObjects\Items\Tool\ToolItem.cpp(129,33): warning C4244: "argument": konwersja z "float" do "int", możliwa utrata danych
C:\Users\szymek\Desktop\Enginire\GameEngine2D_Engineer\src\GameObjects\Items\Tool\ToolItem.cpp(129,26): warning C4244: "argument": konwersja z "float" do "int", możliwa utrata danych
C:\Users\szymek\Desktop\Enginire\GameEngine2D_Engineer\src\GameObjects\Items\Tool\ToolItem.cpp(129,19): warning C4244: "argument": konwersja z "float" do "int", możliwa utrata danych
  Ammo.cpp
C:\Users\szymek\Desktop\Enginire\GameEngine2D_Engineer\src\GameObjects\Items\Weapon\Ammo.cpp(89,31): warning C4244: "+=": konwersja z "double" do "float", możliwa utrata danych
C:\Users\szymek\Desktop\Enginire\GameEngine2D_Engineer\src\GameObjects\Items\Weapon\Ammo.cpp(90,32): warning C4244: "-=": konwersja z "double" do "float", możliwa utrata danych
  Bow.cpp
C:\Users\szymek\Desktop\Enginire\GameEngine2D_Engineer\src\GameObjects\AddisionalTypes\CircleCollider.h(15,35): warning C4244: "return": konwersja z "float" do "int", możliwa utrata danych
C:\Users\szymek\Desktop\Enginire\GameEngine2D_Engineer\src\GameObjects\Items\Weapon\Bow.cpp(85,92): warning C4244: "argument": konwersja z "float" do "int", możliwa utrata danych
C:\Users\szymek\Desktop\Enginire\GameEngine2D_Engineer\src\GameObjects\Items\Weapon\Bow.cpp(91,45): warning C4838: konwersja z „int” do „float” wymaga konwersji zawężającej
C:\Users\szymek\Desktop\Enginire\GameEngine2D_Engineer\src\GameObjects\Items\Weapon\Bow.cpp(91,45): warning C4244: "inicjowanie": konwersja z "int" do "float", możliwa utrata danych
C:\Users\szymek\Desktop\Enginire\GameEngine2D_Engineer\src\GameObjects\Items\Weapon\Bow.cpp(91,68): warning C4838: konwersja z „int” do „float” wymaga konwersji zawężającej
C:\Users\szymek\Desktop\Enginire\GameEngine2D_Engineer\src\GameObjects\Items\Weapon\Bow.cpp(91,68): warning C4244: "inicjowanie": konwersja z "int" do "float", możliwa utrata danych
  Enemy.cpp
C:\Users\szymek\Desktop\Enginire\GameEngine2D_Engineer\src\GameObjects\AddisionalTypes\CircleCollider.h(15,35): warning C4244: "return": konwersja z "float" do "int", możliwa utrata danych
  Particle.cpp
  ParticleSystem.cpp
C:\Users\szymek\Desktop\Enginire\GameEngine2D_Engineer\src\GameObjects\AddisionalTypes\CircleCollider.h(15,35): warning C4244: "return": konwersja z "float" do "int", możliwa utrata danych
C:\Users\szymek\Desktop\Enginire\GameEngine2D_Engineer\src\GameObjects\Particles\ParticleSystem.cpp(49,10): warning C4244: "inicjowanie": konwersja z "float" do "int", możliwa utrata danych
  TextParticle.cpp
C:\Users\szymek\Desktop\Enginire\GameEngine2D_Engineer\src\GameObjects\AddisionalTypes\CircleCollider.h(15,35): warning C4244: "return": konwersja z "float" do "int", możliwa utrata danych
C:\Users\szymek\Desktop\Enginire\GameEngine2D_Engineer\src\GameObjects\Particles\TextParticle.cpp(34,25): warning C4244: "=": konwersja z "float" do "unsigned char", możliwa utrata danych
C:\Users\szymek\Desktop\Enginire\GameEngine2D_Engineer\src\GameObjects\Particles\TextParticle.cpp(35,26): warning C4244: "=": konwersja z "float" do "unsigned char", możliwa utrata danych
C:\Users\szymek\Desktop\Enginire\GameEngine2D_Engineer\src\GameObjects\Particles\TextParticle.cpp(36,74): warning C4244: "argument": konwersja z "float" do "int", możliwa utrata danych
C:\Users\szymek\Desktop\Enginire\GameEngine2D_Engineer\src\GameObjects\Particles\TextParticle.cpp(36,63): warning C4244: "argument": konwersja z "float" do "int", możliwa utrata danych
  PlantsFactory.cpp
C:\Users\szymek\Desktop\Enginire\GameEngine2D_Engineer\src\GameObjects\AddisionalTypes\CircleCollider.h(15,35): warning C4244: "return": konwersja z "float" do "int", możliwa utrata danych
C:\Users\szymek\Desktop\Enginire\GameEngine2D_Engineer\src\GameObjects\PlantsFactory.cpp(9,20): warning C4018: "<": niezgodność typu ze znakiem/bez znaku
C:\Users\szymek\Desktop\Enginire\GameEngine2D_Engineer\src\GameObjects\PlantsFactory.cpp(40,19): warning C4018: ">=": niezgodność typu ze znakiem/bez znaku
  Plant.cpp
C:\Users\szymek\Desktop\Enginire\GameEngine2D_Engineer\src\GameObjects\AddisionalTypes\CircleCollider.h(15,35): warning C4244: "return": konwersja z "float" do "int", możliwa utrata danych
  Tree.cpp
C:\Users\szymek\Desktop\Enginire\GameEngine2D_Engineer\src\GameObjects\AddisionalTypes\CircleCollider.h(15,35): warning C4244: "return": konwersja z "float" do "int", możliwa utrata danych
  Eq.cpp
C:\Users\szymek\Desktop\Enginire\GameEngine2D_Engineer\src\GameObjects\AddisionalTypes\CircleCollider.h(15,35): warning C4244: "return": konwersja z "float" do "int", możliwa utrata danych
C:\Users\szymek\Desktop\Enginire\GameEngine2D_Engineer\src\GameObjects\Player\Eq.cpp(47,21): warning C4018: "<": niezgodność typu ze znakiem/bez znaku
C:\Users\szymek\Desktop\Enginire\GameEngine2D_Engineer\src\GameObjects\Player\Eq.cpp(49,22): warning C4018: "<": niezgodność typu ze znakiem/bez znaku
C:\Users\szymek\Desktop\Enginire\GameEngine2D_Engineer\src\GameObjects\Player\Eq.cpp(62,21): warning C4018: "<": niezgodność typu ze znakiem/bez znaku
C:\Users\szymek\Desktop\Enginire\GameEngine2D_Engineer\src\GameObjects\Player\Eq.cpp(65,22): warning C4018: "<": niezgodność typu ze znakiem/bez znaku
C:\Users\szymek\Desktop\Enginire\GameEngine2D_Engineer\src\GameObjects\Player\Eq.cpp(79,20): warning C4018: "<": niezgodność typu ze znakiem/bez znaku
C:\Users\szymek\Desktop\Enginire\GameEngine2D_Engineer\src\GameObjects\Player\Eq.cpp(251,8): warning C4244: "inicjowanie": konwersja z "float" do "int", możliwa utrata danych
C:\Users\szymek\Desktop\Enginire\GameEngine2D_Engineer\src\GameObjects\Player\Eq.cpp(252,8): warning C4244: "inicjowanie": konwersja z "float" do "int", możliwa utrata danych
C:\Users\szymek\Desktop\Enginire\GameEngine2D_Engineer\src\GameObjects\Player\Eq.cpp(279,64): warning C4838: konwersja z „int” do „float” wymaga konwersji zawężającej
C:\Users\szymek\Desktop\Enginire\GameEngine2D_Engineer\src\GameObjects\Player\Eq.cpp(279,64): warning C4244: "inicjowanie": konwersja z "int" do "float", możliwa utrata danych
C:\Users\szymek\Desktop\Enginire\GameEngine2D_Engineer\src\GameObjects\Player\Eq.cpp(280,41): warning C4838: konwersja z „int” do „float” wymaga konwersji zawężającej
C:\Users\szymek\Desktop\Enginire\GameEngine2D_Engineer\src\GameObjects\Player\Eq.cpp(280,41): warning C4244: "inicjowanie": konwersja z "int" do "float", możliwa utrata danych
C:\Users\szymek\Desktop\Enginire\GameEngine2D_Engineer\src\GameObjects\Player\Eq.cpp(290,104): warning C4244: "argument": konwersja z "float" do "int", możliwa utrata danych
C:\Users\szymek\Desktop\Enginire\GameEngine2D_Engineer\src\GameObjects\Player\Eq.cpp(290,63): warning C4244: "argument": konwersja z "float" do "int", możliwa utrata danych
C:\Users\szymek\Desktop\Enginire\GameEngine2D_Engineer\src\GameObjects\Player\Eq.cpp(293,81): warning C4244: "argument": konwersja z "float" do "int", możliwa utrata danych
C:\Users\szymek\Desktop\Enginire\GameEngine2D_Engineer\src\GameObjects\Player\Eq.cpp(293,68): warning C4244: "argument": konwersja z "float" do "int", możliwa utrata danych
C:\Users\szymek\Desktop\Enginire\GameEngine2D_Engineer\src\GameObjects\Player\Eq.cpp(305,78): warning C4244: "argument": konwersja z "float" do "int", możliwa utrata danych
C:\Users\szymek\Desktop\Enginire\GameEngine2D_Engineer\src\GameObjects\Player\Eq.cpp(305,49): warning C4244: "argument": konwersja z "float" do "int", możliwa utrata danych
C:\Users\szymek\Desktop\Enginire\GameEngine2D_Engineer\src\GameObjects\Player\Eq.cpp(317,72): warning C4838: konwersja z „int” do „float” wymaga konwersji zawężającej
C:\Users\szymek\Desktop\Enginire\GameEngine2D_Engineer\src\GameObjects\Player\Eq.cpp(317,72): warning C4244: "inicjowanie": konwersja z "int" do "float", możliwa utrata danych
C:\Users\szymek\Desktop\Enginire\GameEngine2D_Engineer\src\GameObjects\Player\Eq.cpp(318,46): warning C4838: konwersja z „int” do „float” wymaga konwersji zawężającej
C:\Users\szymek\Desktop\Enginire\GameEngine2D_Engineer\src\GameObjects\Player\Eq.cpp(318,46): warning C4244: "inicjowanie": konwersja z "int" do "float", możliwa utrata danych
C:\Users\szymek\Desktop\Enginire\GameEngine2D_Engineer\src\GameObjects\Player\Eq.cpp(321,10): warning C4244: "inicjowanie": konwersja z "float" do "int", możliwa utrata danych
C:\Users\szymek\Desktop\Enginire\GameEngine2D_Engineer\src\GameObjects\Player\Eq.cpp(322,10): warning C4244: "inicjowanie": konwersja z "float" do "int", możliwa utrata danych
  MiniMap.cpp
C:\Users\szymek\Desktop\Enginire\GameEngine2D_Engineer\src\GameObjects\AddisionalTypes\CircleCollider.h(15,35): warning C4244: "return": konwersja z "float" do "int", możliwa utrata danych
C:\Users\szymek\Desktop\Enginire\GameEngine2D_Engineer\src\GameObjects\Player\MiniMap.cpp(22,37): warning C4838: konwersja z „int” do „float” wymaga konwersji zawężającej
C:\Users\szymek\Desktop\Enginire\GameEngine2D_Engineer\src\GameObjects\Player\MiniMap.cpp(22,37): warning C4244: "inicjowanie": konwersja z "int" do "float", możliwa utrata danych
C:\Users\szymek\Desktop\Enginire\GameEngine2D_Engineer\src\GameObjects\Player\MiniMap.cpp(23,54): warning C4244: "argument": konwersja z "float" do "int", możliwa utrata danych
C:\Users\szymek\Desktop\Enginire\GameEngine2D_Engineer\src\GameObjects\Player\MiniMap.cpp(23,41): warning C4244: "argument": konwersja z "float" do "int", możliwa utrata danych
C:\Users\szymek\Desktop\Enginire\GameEngine2D_Engineer\src\GameObjects\Player\MiniMap.cpp(23,29): warning C4244: "argument": konwersja z "float" do "int", możliwa utrata danych
C:\Users\szymek\Desktop\Enginire\GameEngine2D_Engineer\src\GameObjects\Player\MiniMap.cpp(23,21): warning C4244: "argument": konwersja z "float" do "int", możliwa utrata danych
C:\Users\szymek\Desktop\Enginire\GameEngine2D_Engineer\src\GameObjects\Player\MiniMap.cpp(27,27): warning C4244: "argument": konwersja z "float" do "int", możliwa utrata danych
C:\Users\szymek\Desktop\Enginire\GameEngine2D_Engineer\src\GameObjects\Player\MiniMap.cpp(27,18): warning C4244: "argument": konwersja z "float" do "int", możliwa utrata danych
  Player.cpp
C:\Users\szymek\Desktop\Enginire\GameEngine2D_Engineer\src\GameObjects\AddisionalTypes\CircleCollider.h(15,35): warning C4244: "return": konwersja z "float" do "int", możliwa utrata danych
C:\Users\szymek\Desktop\Enginire\GameEngine2D_Engineer\src\GameObjects\Player\Player.cpp(275,24): warning C4244: "argument": konwersja z "float" do "int", możliwa utrata danych
  Projectal.cpp
C:\Users\szymek\Desktop\Enginire\GameEngine2D_Engineer\src\GameObjects\AddisionalTypes\CircleCollider.h(15,35): warning C4244: "return": konwersja z "float" do "int", możliwa utrata danych
  Generowanie kodu...
  Trwa kompilowanie...
  ItemFactory.cpp
C:\Users\szymek\Desktop\Enginire\GameEngine2D_Engineer\src\GameObjects\AddisionalTypes\CircleCollider.h(15,35): warning C4244: "return": konwersja z "float" do "int", możliwa utrata danych
C:\Users\szymek\Desktop\Enginire\GameEngine2D_Engineer\src\GameObjects\Items\Tool\ToolItem.h(13,28): warning C4305: "inicjowanie": obcięcie z "double" do "float"
C:\Users\szymek\Desktop\Enginire\GameEngine2D_Engineer\src\GameObjects\ItemFactory.cpp(20,20): warning C4018: "<": niezgodność typu ze znakiem/bez znaku
C:\Users\szymek\Desktop\Enginire\GameEngine2D_Engineer\src\GameObjects\ItemFactory.cpp(72,18): warning C4018: "<": niezgodność typu ze znakiem/bez znaku
C:\Users\szymek\Desktop\Enginire\GameEngine2D_Engineer\src\GameObjects\ItemFactory.cpp(89,19): warning C4018: ">=": niezgodność typu ze znakiem/bez znaku
C:\Users\szymek\Desktop\Enginire\GameEngine2D_Engineer\src\GameObjects\ItemFactory.cpp(97,19): warning C4018: ">=": niezgodność typu ze znakiem/bez znaku
C:\Users\szymek\Desktop\Enginire\GameEngine2D_Engineer\src\GameObjects\ItemFactory.cpp(104,19): warning C4018: ">=": niezgodność typu ze znakiem/bez znaku
C:\Users\szymek\Desktop\Enginire\GameEngine2D_Engineer\src\GameObjects\ItemFactory.cpp(111,19): warning C4018: ">=": niezgodność typu ze znakiem/bez znaku
C:\Users\szymek\Desktop\Enginire\GameEngine2D_Engineer\src\GameObjects\ItemFactory.cpp(118,19): warning C4018: ">=": niezgodność typu ze znakiem/bez znaku
  RecipesFactory.cpp
C:\Users\szymek\Desktop\Enginire\GameEngine2D_Engineer\src\GameObjects\RecipesFactory.cpp(19,20): warning C4018: "<": niezgodność typu ze znakiem/bez znaku
C:\Users\szymek\Desktop\Enginire\GameEngine2D_Engineer\src\GameObjects\RecipesFactory.cpp(39,19): warning C4018: ">=": niezgodność typu ze znakiem/bez znaku
  Main.cpp
  Generowanie kodu...
  GameEngine2D.vcxproj -> C:\Users\szymek\Desktop\Enginire\GameEngine2D_Engineer\Debug\GameEngine2D.exe
