  Collider.cpp
C:\Users\szyme\OneDrive\Pulpit\GameEngine2D\GameEngine2D\src\GameObjects\AddisionalTypes\Collider.h(22,85): warning C4244: "argument": konwersja z "float" do "int", możliwa utrata danych
C:\Users\szyme\OneDrive\Pulpit\GameEngine2D\GameEngine2D\src\GameObjects\AddisionalTypes\Collider.h(22,68): warning C4244: "argument": konwersja z "float" do "int", możliwa utrata danych
C:\Users\szyme\OneDrive\Pulpit\GameEngine2D\GameEngine2D\src\GameObjects\AddisionalTypes\Collider.h(22,44): warning C4244: "argument": konwersja z "float" do "int", możliwa utrata danych
C:\Users\szyme\OneDrive\Pulpit\GameEngine2D\GameEngine2D\src\GameObjects\AddisionalTypes\Collider.h(22,23): warning C4244: "argument": konwersja z "float" do "int", możliwa utrata danych
C:\Users\szyme\OneDrive\Pulpit\GameEngine2D\GameEngine2D\src\GameObjects\ItemFactory.h(57,16): warning C4267: "return": konwersja z "size_t" do "int", możliwa utrata danych
C:\Users\szyme\OneDrive\Pulpit\GameEngine2D\GameEngine2D\src\core\Scenes\Game\FourTree.h(33,57): warning C4244: "argument": konwersja z "float" do "int", możliwa utrata danych
C:\Users\szyme\OneDrive\Pulpit\GameEngine2D\GameEngine2D\src\core\Scenes\Game\FourTree.h(33,50): warning C4244: "argument": konwersja z "float" do "int", możliwa utrata danych
  HitAble.cpp
C:\Users\szyme\OneDrive\Pulpit\GameEngine2D\GameEngine2D\src\GameObjects\AddisionalTypes\Collider.h(22,85): warning C4244: "argument": konwersja z "float" do "int", możliwa utrata danych
C:\Users\szyme\OneDrive\Pulpit\GameEngine2D\GameEngine2D\src\GameObjects\AddisionalTypes\Collider.h(22,68): warning C4244: "argument": konwersja z "float" do "int", możliwa utrata danych
C:\Users\szyme\OneDrive\Pulpit\GameEngine2D\GameEngine2D\src\GameObjects\AddisionalTypes\Collider.h(22,44): warning C4244: "argument": konwersja z "float" do "int", możliwa utrata danych
C:\Users\szyme\OneDrive\Pulpit\GameEngine2D\GameEngine2D\src\GameObjects\AddisionalTypes\Collider.h(22,23): warning C4244: "argument": konwersja z "float" do "int", możliwa utrata danych
C:\Users\szyme\OneDrive\Pulpit\GameEngine2D\GameEngine2D\src\GameObjects\ItemFactory.h(57,16): warning C4267: "return": konwersja z "size_t" do "int", możliwa utrata danych
C:\Users\szyme\OneDrive\Pulpit\GameEngine2D\GameEngine2D\src\core\Scenes\Game\FourTree.h(33,57): warning C4244: "argument": konwersja z "float" do "int", możliwa utrata danych
C:\Users\szyme\OneDrive\Pulpit\GameEngine2D\GameEngine2D\src\core\Scenes\Game\FourTree.h(33,50): warning C4244: "argument": konwersja z "float" do "int", możliwa utrata danych
C:\Users\szyme\OneDrive\Pulpit\GameEngine2D\GameEngine2D\src\GameObjects\AddisionalTypes\HitAble.cpp(25,57): warning C4244: "argument": konwersja z "float" do "int", możliwa utrata danych
C:\Users\szyme\OneDrive\Pulpit\GameEngine2D\GameEngine2D\src\GameObjects\AddisionalTypes\HitAble.cpp(25,45): warning C4244: "argument": konwersja z "float" do "int", możliwa utrata danych
C:\Users\szyme\OneDrive\Pulpit\GameEngine2D\GameEngine2D\src\GameObjects\AddisionalTypes\HitAble.cpp(25,26): warning C4244: "argument": konwersja z "float" do "int", możliwa utrata danych
C:\Users\szyme\OneDrive\Pulpit\GameEngine2D\GameEngine2D\src\GameObjects\AddisionalTypes\HitAble.cpp(25,19): warning C4244: "argument": konwersja z "float" do "int", możliwa utrata danych
  LinesCollider.cpp
C:\Users\szyme\OneDrive\Pulpit\GameEngine2D\GameEngine2D\src\GameObjects\AddisionalTypes\Collider.h(22,85): warning C4244: "argument": konwersja z "float" do "int", możliwa utrata danych
C:\Users\szyme\OneDrive\Pulpit\GameEngine2D\GameEngine2D\src\GameObjects\AddisionalTypes\Collider.h(22,68): warning C4244: "argument": konwersja z "float" do "int", możliwa utrata danych
C:\Users\szyme\OneDrive\Pulpit\GameEngine2D\GameEngine2D\src\GameObjects\AddisionalTypes\Collider.h(22,44): warning C4244: "argument": konwersja z "float" do "int", możliwa utrata danych
C:\Users\szyme\OneDrive\Pulpit\GameEngine2D\GameEngine2D\src\GameObjects\AddisionalTypes\Collider.h(22,23): warning C4244: "argument": konwersja z "float" do "int", możliwa utrata danych
C:\Users\szyme\OneDrive\Pulpit\GameEngine2D\GameEngine2D\src\GameObjects\ItemFactory.h(57,16): warning C4267: "return": konwersja z "size_t" do "int", możliwa utrata danych
C:\Users\szyme\OneDrive\Pulpit\GameEngine2D\GameEngine2D\src\core\Scenes\Game\FourTree.h(33,57): warning C4244: "argument": konwersja z "float" do "int", możliwa utrata danych
C:\Users\szyme\OneDrive\Pulpit\GameEngine2D\GameEngine2D\src\core\Scenes\Game\FourTree.h(33,50): warning C4244: "argument": konwersja z "float" do "int", możliwa utrata danych
  BlockFactory.cpp
C:\Users\szyme\OneDrive\Pulpit\GameEngine2D\GameEngine2D\src\GameObjects\AddisionalTypes\Collider.h(22,85): warning C4244: "argument": konwersja z "float" do "int", możliwa utrata danych
C:\Users\szyme\OneDrive\Pulpit\GameEngine2D\GameEngine2D\src\GameObjects\AddisionalTypes\Collider.h(22,68): warning C4244: "argument": konwersja z "float" do "int", możliwa utrata danych
C:\Users\szyme\OneDrive\Pulpit\GameEngine2D\GameEngine2D\src\GameObjects\AddisionalTypes\Collider.h(22,44): warning C4244: "argument": konwersja z "float" do "int", możliwa utrata danych
C:\Users\szyme\OneDrive\Pulpit\GameEngine2D\GameEngine2D\src\GameObjects\AddisionalTypes\Collider.h(22,23): warning C4244: "argument": konwersja z "float" do "int", możliwa utrata danych
C:\Users\szyme\OneDrive\Pulpit\GameEngine2D\GameEngine2D\src\GameObjects\ItemFactory.h(57,16): warning C4267: "return": konwersja z "size_t" do "int", możliwa utrata danych
C:\Users\szyme\OneDrive\Pulpit\GameEngine2D\GameEngine2D\src\GameObjects\BlockFactory.h(21,16): warning C4267: "return": konwersja z "size_t" do "int", możliwa utrata danych
C:\Users\szyme\OneDrive\Pulpit\GameEngine2D\GameEngine2D\src\core\Scenes\Game\FourTree.h(33,57): warning C4244: "argument": konwersja z "float" do "int", możliwa utrata danych
C:\Users\szyme\OneDrive\Pulpit\GameEngine2D\GameEngine2D\src\core\Scenes\Game\FourTree.h(33,50): warning C4244: "argument": konwersja z "float" do "int", możliwa utrata danych
  Block.cpp
C:\Users\szyme\OneDrive\Pulpit\GameEngine2D\GameEngine2D\src\GameObjects\AddisionalTypes\Collider.h(22,85): warning C4244: "argument": konwersja z "float" do "int", możliwa utrata danych
C:\Users\szyme\OneDrive\Pulpit\GameEngine2D\GameEngine2D\src\GameObjects\AddisionalTypes\Collider.h(22,68): warning C4244: "argument": konwersja z "float" do "int", możliwa utrata danych
C:\Users\szyme\OneDrive\Pulpit\GameEngine2D\GameEngine2D\src\GameObjects\AddisionalTypes\Collider.h(22,44): warning C4244: "argument": konwersja z "float" do "int", możliwa utrata danych
C:\Users\szyme\OneDrive\Pulpit\GameEngine2D\GameEngine2D\src\GameObjects\AddisionalTypes\Collider.h(22,23): warning C4244: "argument": konwersja z "float" do "int", możliwa utrata danych
C:\Users\szyme\OneDrive\Pulpit\GameEngine2D\GameEngine2D\src\GameObjects\ItemFactory.h(57,16): warning C4267: "return": konwersja z "size_t" do "int", możliwa utrata danych
C:\Users\szyme\OneDrive\Pulpit\GameEngine2D\GameEngine2D\src\core\Scenes\Game\FourTree.h(33,57): warning C4244: "argument": konwersja z "float" do "int", możliwa utrata danych
C:\Users\szyme\OneDrive\Pulpit\GameEngine2D\GameEngine2D\src\core\Scenes\Game\FourTree.h(33,50): warning C4244: "argument": konwersja z "float" do "int", możliwa utrata danych
C:\Users\szyme\OneDrive\Pulpit\GameEngine2D\GameEngine2D\src\GameObjects\Blocks\Block.cpp(18,47): warning C4244: "=": konwersja z "int" do "float", możliwa utrata danych
C:\Users\szyme\OneDrive\Pulpit\GameEngine2D\GameEngine2D\src\GameObjects\Blocks\Block.cpp(19,49): warning C4244: "=": konwersja z "int" do "float", możliwa utrata danych
C:\Users\szyme\OneDrive\Pulpit\GameEngine2D\GameEngine2D\src\GameObjects\Blocks\Block.cpp(99,13): warning C4244: "inicjowanie": konwersja z "int" do "float", możliwa utrata danych
  Recipes.cpp
C:\Users\szyme\OneDrive\Pulpit\GameEngine2D\GameEngine2D\src\GameObjects\ItemFactory.h(57,16): warning C4267: "return": konwersja z "size_t" do "int", możliwa utrata danych
C:\Users\szyme\OneDrive\Pulpit\GameEngine2D\GameEngine2D\src\GameObjects\Crafting\Recipes.cpp(30,33): warning C4267: "inicjowanie": konwersja z "size_t" do "int", możliwa utrata danych
  GameObject.cpp
C:\Users\szyme\OneDrive\Pulpit\GameEngine2D\GameEngine2D\src\GameObjects\AddisionalTypes\Collider.h(22,85): warning C4244: "argument": konwersja z "float" do "int", możliwa utrata danych
C:\Users\szyme\OneDrive\Pulpit\GameEngine2D\GameEngine2D\src\GameObjects\AddisionalTypes\Collider.h(22,68): warning C4244: "argument": konwersja z "float" do "int", możliwa utrata danych
C:\Users\szyme\OneDrive\Pulpit\GameEngine2D\GameEngine2D\src\GameObjects\AddisionalTypes\Collider.h(22,44): warning C4244: "argument": konwersja z "float" do "int", możliwa utrata danych
C:\Users\szyme\OneDrive\Pulpit\GameEngine2D\GameEngine2D\src\GameObjects\AddisionalTypes\Collider.h(22,23): warning C4244: "argument": konwersja z "float" do "int", możliwa utrata danych
C:\Users\szyme\OneDrive\Pulpit\GameEngine2D\GameEngine2D\src\GameObjects\ItemFactory.h(57,16): warning C4267: "return": konwersja z "size_t" do "int", możliwa utrata danych
C:\Users\szyme\OneDrive\Pulpit\GameEngine2D\GameEngine2D\src\core\Scenes\Game\FourTree.h(33,57): warning C4244: "argument": konwersja z "float" do "int", możliwa utrata danych
C:\Users\szyme\OneDrive\Pulpit\GameEngine2D\GameEngine2D\src\core\Scenes\Game\FourTree.h(33,50): warning C4244: "argument": konwersja z "float" do "int", możliwa utrata danych
C:\Users\szyme\OneDrive\Pulpit\GameEngine2D\GameEngine2D\src\GameObjects\GameObject.cpp(94,9): warning C4244: "inicjowanie": konwersja z "float" do "int", możliwa utrata danych
C:\Users\szyme\OneDrive\Pulpit\GameEngine2D\GameEngine2D\src\GameObjects\GameObject.cpp(95,9): warning C4244: "inicjowanie": konwersja z "float" do "int", możliwa utrata danych
C:\Users\szyme\OneDrive\Pulpit\GameEngine2D\GameEngine2D\src\GameObjects\GameObject.cpp(96,9): warning C4244: "inicjowanie": konwersja z "float" do "int", możliwa utrata danych
C:\Users\szyme\OneDrive\Pulpit\GameEngine2D\GameEngine2D\src\GameObjects\GameObject.cpp(98,64): warning C4244: "argument": konwersja z "float" do "int", możliwa utrata danych
C:\Users\szyme\OneDrive\Pulpit\GameEngine2D\GameEngine2D\src\GameObjects\GameObject.cpp(98,58): warning C4244: "argument": konwersja z "float" do "int", możliwa utrata danych
C:\Users\szyme\OneDrive\Pulpit\GameEngine2D\GameEngine2D\src\GameObjects\GameObject.cpp(102,32): warning C4244: "=": konwersja z "float" do "int", możliwa utrata danych
C:\Users\szyme\OneDrive\Pulpit\GameEngine2D\GameEngine2D\src\GameObjects\GameObject.cpp(103,64): warning C4244: "argument": konwersja z "float" do "int", możliwa utrata danych
C:\Users\szyme\OneDrive\Pulpit\GameEngine2D\GameEngine2D\src\GameObjects\GameObject.cpp(103,58): warning C4244: "argument": konwersja z "float" do "int", możliwa utrata danych
C:\Users\szyme\OneDrive\Pulpit\GameEngine2D\GameEngine2D\src\GameObjects\GameObject.cpp(107,9): warning C4244: "inicjowanie": konwersja z "float" do "int", możliwa utrata danych
C:\Users\szyme\OneDrive\Pulpit\GameEngine2D\GameEngine2D\src\GameObjects\GameObject.cpp(108,72): warning C4244: "argument": konwersja z "float" do "int", możliwa utrata danych
C:\Users\szyme\OneDrive\Pulpit\GameEngine2D\GameEngine2D\src\GameObjects\GameObject.cpp(108,65): warning C4244: "argument": konwersja z "float" do "int", możliwa utrata danych
C:\Users\szyme\OneDrive\Pulpit\GameEngine2D\GameEngine2D\src\GameObjects\GameObject.cpp(108,59): warning C4244: "argument": konwersja z "float" do "int", możliwa utrata danych
C:\Users\szyme\OneDrive\Pulpit\GameEngine2D\GameEngine2D\src\GameObjects\GameObject.cpp(112,31): warning C4244: "=": konwersja z "float" do "int", możliwa utrata danych
C:\Users\szyme\OneDrive\Pulpit\GameEngine2D\GameEngine2D\src\GameObjects\GameObject.cpp(113,75): warning C4244: "argument": konwersja z "float" do "int", możliwa utrata danych
C:\Users\szyme\OneDrive\Pulpit\GameEngine2D\GameEngine2D\src\GameObjects\GameObject.cpp(113,65): warning C4244: "argument": konwersja z "float" do "int", możliwa utrata danych
C:\Users\szyme\OneDrive\Pulpit\GameEngine2D\GameEngine2D\src\GameObjects\GameObject.cpp(113,59): warning C4244: "argument": konwersja z "float" do "int", możliwa utrata danych
C:\Users\szyme\OneDrive\Pulpit\GameEngine2D\GameEngine2D\src\GameObjects\GameObject.cpp(129,10): warning C4244: "inicjowanie": konwersja z "float" do "int", możliwa utrata danych
C:\Users\szyme\OneDrive\Pulpit\GameEngine2D\GameEngine2D\src\GameObjects\GameObject.cpp(130,10): warning C4244: "inicjowanie": konwersja z "float" do "int", możliwa utrata danych
C:\Users\szyme\OneDrive\Pulpit\GameEngine2D\GameEngine2D\src\GameObjects\GameObject.cpp(135,11): warning C4244: "inicjowanie": konwersja z "float" do "int", możliwa utrata danych
C:\Users\szyme\OneDrive\Pulpit\GameEngine2D\GameEngine2D\src\GameObjects\GameObject.cpp(136,11): warning C4244: "inicjowanie": konwersja z "float" do "int", możliwa utrata danych
C:\Users\szyme\OneDrive\Pulpit\GameEngine2D\GameEngine2D\src\GameObjects\GameObject.cpp(138,25): warning C4244: "argument": konwersja z "float" do "int", możliwa utrata danych
C:\Users\szyme\OneDrive\Pulpit\GameEngine2D\GameEngine2D\src\GameObjects\GameObject.cpp(138,19): warning C4244: "argument": konwersja z "float" do "int", możliwa utrata danych
C:\Users\szyme\OneDrive\Pulpit\GameEngine2D\GameEngine2D\src\GameObjects\GameObject.cpp(138,52): warning C4244: "argument": konwersja z "float" do "int", możliwa utrata danych
C:\Users\szyme\OneDrive\Pulpit\GameEngine2D\GameEngine2D\src\GameObjects\GameObject.cpp(138,46): warning C4244: "argument": konwersja z "float" do "int", możliwa utrata danych
  ItemFactory.cpp
C:\Users\szyme\OneDrive\Pulpit\GameEngine2D\GameEngine2D\src\GameObjects\ItemFactory.h(57,16): warning C4267: "return": konwersja z "size_t" do "int", możliwa utrata danych
C:\Users\szyme\OneDrive\Pulpit\GameEngine2D\GameEngine2D\src\GameObjects\AddisionalTypes\Collider.h(22,85): warning C4244: "argument": konwersja z "float" do "int", możliwa utrata danych
C:\Users\szyme\OneDrive\Pulpit\GameEngine2D\GameEngine2D\src\GameObjects\AddisionalTypes\Collider.h(22,68): warning C4244: "argument": konwersja z "float" do "int", możliwa utrata danych
C:\Users\szyme\OneDrive\Pulpit\GameEngine2D\GameEngine2D\src\GameObjects\AddisionalTypes\Collider.h(22,44): warning C4244: "argument": konwersja z "float" do "int", możliwa utrata danych
C:\Users\szyme\OneDrive\Pulpit\GameEngine2D\GameEngine2D\src\GameObjects\AddisionalTypes\Collider.h(22,23): warning C4244: "argument": konwersja z "float" do "int", możliwa utrata danych
C:\Users\szyme\OneDrive\Pulpit\GameEngine2D\GameEngine2D\src\core\Scenes\Game\FourTree.h(33,57): warning C4244: "argument": konwersja z "float" do "int", możliwa utrata danych
C:\Users\szyme\OneDrive\Pulpit\GameEngine2D\GameEngine2D\src\core\Scenes\Game\FourTree.h(33,50): warning C4244: "argument": konwersja z "float" do "int", możliwa utrata danych
C:\Users\szyme\OneDrive\Pulpit\GameEngine2D\GameEngine2D\src\GameObjects\Items\Tool\ToolItem.h(12,11): warning C4305: "inicjowanie": obcięcie z "double" do "float"
C:\Users\szyme\OneDrive\Pulpit\GameEngine2D\GameEngine2D\src\GameObjects\ItemFactory.cpp(96,21): warning C4838: konwersja z „int” do „float” wymaga konwersji zawężającej
C:\Users\szyme\OneDrive\Pulpit\GameEngine2D\GameEngine2D\src\GameObjects\ItemFactory.cpp(96,21): warning C4244: "inicjowanie": konwersja z "int" do "float", możliwa utrata danych
C:\Users\szyme\OneDrive\Pulpit\GameEngine2D\GameEngine2D\src\GameObjects\ItemFactory.cpp(96,24): warning C4838: konwersja z „int” do „float” wymaga konwersji zawężającej
C:\Users\szyme\OneDrive\Pulpit\GameEngine2D\GameEngine2D\src\GameObjects\ItemFactory.cpp(96,24): warning C4244: "inicjowanie": konwersja z "int" do "float", możliwa utrata danych
  ToolItem.cpp
C:\Users\szyme\OneDrive\Pulpit\GameEngine2D\GameEngine2D\src\GameObjects\AddisionalTypes\Collider.h(22,85): warning C4244: "argument": konwersja z "float" do "int", możliwa utrata danych
C:\Users\szyme\OneDrive\Pulpit\GameEngine2D\GameEngine2D\src\GameObjects\AddisionalTypes\Collider.h(22,68): warning C4244: "argument": konwersja z "float" do "int", możliwa utrata danych
C:\Users\szyme\OneDrive\Pulpit\GameEngine2D\GameEngine2D\src\GameObjects\AddisionalTypes\Collider.h(22,44): warning C4244: "argument": konwersja z "float" do "int", możliwa utrata danych
C:\Users\szyme\OneDrive\Pulpit\GameEngine2D\GameEngine2D\src\GameObjects\AddisionalTypes\Collider.h(22,23): warning C4244: "argument": konwersja z "float" do "int", możliwa utrata danych
C:\Users\szyme\OneDrive\Pulpit\GameEngine2D\GameEngine2D\src\GameObjects\ItemFactory.h(57,16): warning C4267: "return": konwersja z "size_t" do "int", możliwa utrata danych
C:\Users\szyme\OneDrive\Pulpit\GameEngine2D\GameEngine2D\src\core\Scenes\Game\FourTree.h(33,57): warning C4244: "argument": konwersja z "float" do "int", możliwa utrata danych
C:\Users\szyme\OneDrive\Pulpit\GameEngine2D\GameEngine2D\src\core\Scenes\Game\FourTree.h(33,50): warning C4244: "argument": konwersja z "float" do "int", możliwa utrata danych
C:\Users\szyme\OneDrive\Pulpit\GameEngine2D\GameEngine2D\src\GameObjects\Items\Tool\ToolItem.h(12,11): warning C4305: "inicjowanie": obcięcie z "double" do "float"
C:\Users\szyme\OneDrive\Pulpit\GameEngine2D\GameEngine2D\src\GameObjects\Items\Tool\ToolItem.cpp(151,59): warning C4244: "argument": konwersja z "float" do "int", możliwa utrata danych
C:\Users\szyme\OneDrive\Pulpit\GameEngine2D\GameEngine2D\src\GameObjects\Items\Tool\ToolItem.cpp(151,33): warning C4244: "argument": konwersja z "float" do "int", możliwa utrata danych
C:\Users\szyme\OneDrive\Pulpit\GameEngine2D\GameEngine2D\src\GameObjects\Items\Tool\ToolItem.cpp(151,26): warning C4244: "argument": konwersja z "float" do "int", możliwa utrata danych
C:\Users\szyme\OneDrive\Pulpit\GameEngine2D\GameEngine2D\src\GameObjects\Items\Tool\ToolItem.cpp(151,19): warning C4244: "argument": konwersja z "float" do "int", możliwa utrata danych
  Bow.cpp
C:\Users\szyme\OneDrive\Pulpit\GameEngine2D\GameEngine2D\src\GameObjects\AddisionalTypes\Collider.h(22,85): warning C4244: "argument": konwersja z "float" do "int", możliwa utrata danych
C:\Users\szyme\OneDrive\Pulpit\GameEngine2D\GameEngine2D\src\GameObjects\AddisionalTypes\Collider.h(22,68): warning C4244: "argument": konwersja z "float" do "int", możliwa utrata danych
C:\Users\szyme\OneDrive\Pulpit\GameEngine2D\GameEngine2D\src\GameObjects\AddisionalTypes\Collider.h(22,44): warning C4244: "argument": konwersja z "float" do "int", możliwa utrata danych
C:\Users\szyme\OneDrive\Pulpit\GameEngine2D\GameEngine2D\src\GameObjects\AddisionalTypes\Collider.h(22,23): warning C4244: "argument": konwersja z "float" do "int", możliwa utrata danych
C:\Users\szyme\OneDrive\Pulpit\GameEngine2D\GameEngine2D\src\GameObjects\ItemFactory.h(57,16): warning C4267: "return": konwersja z "size_t" do "int", możliwa utrata danych
C:\Users\szyme\OneDrive\Pulpit\GameEngine2D\GameEngine2D\src\core\Scenes\Game\FourTree.h(33,57): warning C4244: "argument": konwersja z "float" do "int", możliwa utrata danych
C:\Users\szyme\OneDrive\Pulpit\GameEngine2D\GameEngine2D\src\core\Scenes\Game\FourTree.h(33,50): warning C4244: "argument": konwersja z "float" do "int", możliwa utrata danych
C:\Users\szyme\OneDrive\Pulpit\GameEngine2D\GameEngine2D\src\GameObjects\Items\Weapon\Bow.cpp(82,92): warning C4244: "argument": konwersja z "float" do "int", możliwa utrata danych
C:\Users\szyme\OneDrive\Pulpit\GameEngine2D\GameEngine2D\src\GameObjects\Items\Weapon\Bow.cpp(88,45): warning C4838: konwersja z „int” do „float” wymaga konwersji zawężającej
C:\Users\szyme\OneDrive\Pulpit\GameEngine2D\GameEngine2D\src\GameObjects\Items\Weapon\Bow.cpp(88,45): warning C4244: "inicjowanie": konwersja z "int" do "float", możliwa utrata danych
C:\Users\szyme\OneDrive\Pulpit\GameEngine2D\GameEngine2D\src\GameObjects\Items\Weapon\Bow.cpp(88,68): warning C4838: konwersja z „int” do „float” wymaga konwersji zawężającej
C:\Users\szyme\OneDrive\Pulpit\GameEngine2D\GameEngine2D\src\GameObjects\Items\Weapon\Bow.cpp(88,68): warning C4244: "inicjowanie": konwersja z "int" do "float", możliwa utrata danych
  Enemy.cpp
C:\Users\szyme\OneDrive\Pulpit\GameEngine2D\GameEngine2D\src\GameObjects\AddisionalTypes\Collider.h(22,85): warning C4244: "argument": konwersja z "float" do "int", możliwa utrata danych
C:\Users\szyme\OneDrive\Pulpit\GameEngine2D\GameEngine2D\src\GameObjects\AddisionalTypes\Collider.h(22,68): warning C4244: "argument": konwersja z "float" do "int", możliwa utrata danych
C:\Users\szyme\OneDrive\Pulpit\GameEngine2D\GameEngine2D\src\GameObjects\AddisionalTypes\Collider.h(22,44): warning C4244: "argument": konwersja z "float" do "int", możliwa utrata danych
C:\Users\szyme\OneDrive\Pulpit\GameEngine2D\GameEngine2D\src\GameObjects\AddisionalTypes\Collider.h(22,23): warning C4244: "argument": konwersja z "float" do "int", możliwa utrata danych
C:\Users\szyme\OneDrive\Pulpit\GameEngine2D\GameEngine2D\src\GameObjects\ItemFactory.h(57,16): warning C4267: "return": konwersja z "size_t" do "int", możliwa utrata danych
C:\Users\szyme\OneDrive\Pulpit\GameEngine2D\GameEngine2D\src\core\Scenes\Game\FourTree.h(33,57): warning C4244: "argument": konwersja z "float" do "int", możliwa utrata danych
C:\Users\szyme\OneDrive\Pulpit\GameEngine2D\GameEngine2D\src\core\Scenes\Game\FourTree.h(33,50): warning C4244: "argument": konwersja z "float" do "int", możliwa utrata danych
  ParticleSystem.cpp
C:\Users\szyme\OneDrive\Pulpit\GameEngine2D\GameEngine2D\src\GameObjects\AddisionalTypes\Collider.h(22,85): warning C4244: "argument": konwersja z "float" do "int", możliwa utrata danych
C:\Users\szyme\OneDrive\Pulpit\GameEngine2D\GameEngine2D\src\GameObjects\AddisionalTypes\Collider.h(22,68): warning C4244: "argument": konwersja z "float" do "int", możliwa utrata danych
C:\Users\szyme\OneDrive\Pulpit\GameEngine2D\GameEngine2D\src\GameObjects\AddisionalTypes\Collider.h(22,44): warning C4244: "argument": konwersja z "float" do "int", możliwa utrata danych
C:\Users\szyme\OneDrive\Pulpit\GameEngine2D\GameEngine2D\src\GameObjects\AddisionalTypes\Collider.h(22,23): warning C4244: "argument": konwersja z "float" do "int", możliwa utrata danych
C:\Users\szyme\OneDrive\Pulpit\GameEngine2D\GameEngine2D\src\GameObjects\ItemFactory.h(57,16): warning C4267: "return": konwersja z "size_t" do "int", możliwa utrata danych
C:\Users\szyme\OneDrive\Pulpit\GameEngine2D\GameEngine2D\src\core\Scenes\Game\FourTree.h(33,57): warning C4244: "argument": konwersja z "float" do "int", możliwa utrata danych
C:\Users\szyme\OneDrive\Pulpit\GameEngine2D\GameEngine2D\src\core\Scenes\Game\FourTree.h(33,50): warning C4244: "argument": konwersja z "float" do "int", możliwa utrata danych
C:\Users\szyme\OneDrive\Pulpit\GameEngine2D\GameEngine2D\src\GameObjects\Particles\ParticleSystem.cpp(49,10): warning C4244: "inicjowanie": konwersja z "float" do "int", możliwa utrata danych
  TextParticle.cpp
C:\Users\szyme\OneDrive\Pulpit\GameEngine2D\GameEngine2D\src\GameObjects\AddisionalTypes\Collider.h(22,85): warning C4244: "argument": konwersja z "float" do "int", możliwa utrata danych
C:\Users\szyme\OneDrive\Pulpit\GameEngine2D\GameEngine2D\src\GameObjects\AddisionalTypes\Collider.h(22,68): warning C4244: "argument": konwersja z "float" do "int", możliwa utrata danych
C:\Users\szyme\OneDrive\Pulpit\GameEngine2D\GameEngine2D\src\GameObjects\AddisionalTypes\Collider.h(22,44): warning C4244: "argument": konwersja z "float" do "int", możliwa utrata danych
C:\Users\szyme\OneDrive\Pulpit\GameEngine2D\GameEngine2D\src\GameObjects\AddisionalTypes\Collider.h(22,23): warning C4244: "argument": konwersja z "float" do "int", możliwa utrata danych
C:\Users\szyme\OneDrive\Pulpit\GameEngine2D\GameEngine2D\src\GameObjects\ItemFactory.h(57,16): warning C4267: "return": konwersja z "size_t" do "int", możliwa utrata danych
C:\Users\szyme\OneDrive\Pulpit\GameEngine2D\GameEngine2D\src\core\Scenes\Game\FourTree.h(33,57): warning C4244: "argument": konwersja z "float" do "int", możliwa utrata danych
C:\Users\szyme\OneDrive\Pulpit\GameEngine2D\GameEngine2D\src\core\Scenes\Game\FourTree.h(33,50): warning C4244: "argument": konwersja z "float" do "int", możliwa utrata danych
C:\Users\szyme\OneDrive\Pulpit\GameEngine2D\GameEngine2D\src\GameObjects\Particles\TextParticle.cpp(34,25): warning C4244: "=": konwersja z "float" do "unsigned char", możliwa utrata danych
C:\Users\szyme\OneDrive\Pulpit\GameEngine2D\GameEngine2D\src\GameObjects\Particles\TextParticle.cpp(35,26): warning C4244: "=": konwersja z "float" do "unsigned char", możliwa utrata danych
C:\Users\szyme\OneDrive\Pulpit\GameEngine2D\GameEngine2D\src\GameObjects\Particles\TextParticle.cpp(36,74): warning C4244: "argument": konwersja z "float" do "int", możliwa utrata danych
C:\Users\szyme\OneDrive\Pulpit\GameEngine2D\GameEngine2D\src\GameObjects\Particles\TextParticle.cpp(36,63): warning C4244: "argument": konwersja z "float" do "int", możliwa utrata danych
  PlantsFactory.cpp
C:\Users\szyme\OneDrive\Pulpit\GameEngine2D\GameEngine2D\src\GameObjects\AddisionalTypes\Collider.h(22,85): warning C4244: "argument": konwersja z "float" do "int", możliwa utrata danych
C:\Users\szyme\OneDrive\Pulpit\GameEngine2D\GameEngine2D\src\GameObjects\AddisionalTypes\Collider.h(22,68): warning C4244: "argument": konwersja z "float" do "int", możliwa utrata danych
C:\Users\szyme\OneDrive\Pulpit\GameEngine2D\GameEngine2D\src\GameObjects\AddisionalTypes\Collider.h(22,44): warning C4244: "argument": konwersja z "float" do "int", możliwa utrata danych
C:\Users\szyme\OneDrive\Pulpit\GameEngine2D\GameEngine2D\src\GameObjects\AddisionalTypes\Collider.h(22,23): warning C4244: "argument": konwersja z "float" do "int", możliwa utrata danych
C:\Users\szyme\OneDrive\Pulpit\GameEngine2D\GameEngine2D\src\GameObjects\ItemFactory.h(57,16): warning C4267: "return": konwersja z "size_t" do "int", możliwa utrata danych
  Plant.cpp
C:\Users\szyme\OneDrive\Pulpit\GameEngine2D\GameEngine2D\src\GameObjects\AddisionalTypes\Collider.h(22,85): warning C4244: "argument": konwersja z "float" do "int", możliwa utrata danych
C:\Users\szyme\OneDrive\Pulpit\GameEngine2D\GameEngine2D\src\GameObjects\AddisionalTypes\Collider.h(22,68): warning C4244: "argument": konwersja z "float" do "int", możliwa utrata danych
C:\Users\szyme\OneDrive\Pulpit\GameEngine2D\GameEngine2D\src\GameObjects\AddisionalTypes\Collider.h(22,44): warning C4244: "argument": konwersja z "float" do "int", możliwa utrata danych
C:\Users\szyme\OneDrive\Pulpit\GameEngine2D\GameEngine2D\src\GameObjects\AddisionalTypes\Collider.h(22,23): warning C4244: "argument": konwersja z "float" do "int", możliwa utrata danych
C:\Users\szyme\OneDrive\Pulpit\GameEngine2D\GameEngine2D\src\GameObjects\ItemFactory.h(57,16): warning C4267: "return": konwersja z "size_t" do "int", możliwa utrata danych
C:\Users\szyme\OneDrive\Pulpit\GameEngine2D\GameEngine2D\src\core\Scenes\Game\FourTree.h(33,57): warning C4244: "argument": konwersja z "float" do "int", możliwa utrata danych
C:\Users\szyme\OneDrive\Pulpit\GameEngine2D\GameEngine2D\src\core\Scenes\Game\FourTree.h(33,50): warning C4244: "argument": konwersja z "float" do "int", możliwa utrata danych
  Tree.cpp
C:\Users\szyme\OneDrive\Pulpit\GameEngine2D\GameEngine2D\src\GameObjects\AddisionalTypes\Collider.h(22,85): warning C4244: "argument": konwersja z "float" do "int", możliwa utrata danych
C:\Users\szyme\OneDrive\Pulpit\GameEngine2D\GameEngine2D\src\GameObjects\AddisionalTypes\Collider.h(22,68): warning C4244: "argument": konwersja z "float" do "int", możliwa utrata danych
C:\Users\szyme\OneDrive\Pulpit\GameEngine2D\GameEngine2D\src\GameObjects\AddisionalTypes\Collider.h(22,44): warning C4244: "argument": konwersja z "float" do "int", możliwa utrata danych
C:\Users\szyme\OneDrive\Pulpit\GameEngine2D\GameEngine2D\src\GameObjects\AddisionalTypes\Collider.h(22,23): warning C4244: "argument": konwersja z "float" do "int", możliwa utrata danych
C:\Users\szyme\OneDrive\Pulpit\GameEngine2D\GameEngine2D\src\GameObjects\ItemFactory.h(57,16): warning C4267: "return": konwersja z "size_t" do "int", możliwa utrata danych
C:\Users\szyme\OneDrive\Pulpit\GameEngine2D\GameEngine2D\src\core\Scenes\Game\FourTree.h(33,57): warning C4244: "argument": konwersja z "float" do "int", możliwa utrata danych
C:\Users\szyme\OneDrive\Pulpit\GameEngine2D\GameEngine2D\src\core\Scenes\Game\FourTree.h(33,50): warning C4244: "argument": konwersja z "float" do "int", możliwa utrata danych
  Eq.cpp
C:\Users\szyme\OneDrive\Pulpit\GameEngine2D\GameEngine2D\src\GameObjects\ItemFactory.h(57,16): warning C4267: "return": konwersja z "size_t" do "int", możliwa utrata danych
C:\Users\szyme\OneDrive\Pulpit\GameEngine2D\GameEngine2D\src\GameObjects\AddisionalTypes\Collider.h(22,85): warning C4244: "argument": konwersja z "float" do "int", możliwa utrata danych
C:\Users\szyme\OneDrive\Pulpit\GameEngine2D\GameEngine2D\src\GameObjects\AddisionalTypes\Collider.h(22,68): warning C4244: "argument": konwersja z "float" do "int", możliwa utrata danych
C:\Users\szyme\OneDrive\Pulpit\GameEngine2D\GameEngine2D\src\GameObjects\AddisionalTypes\Collider.h(22,44): warning C4244: "argument": konwersja z "float" do "int", możliwa utrata danych
C:\Users\szyme\OneDrive\Pulpit\GameEngine2D\GameEngine2D\src\GameObjects\AddisionalTypes\Collider.h(22,23): warning C4244: "argument": konwersja z "float" do "int", możliwa utrata danych
C:\Users\szyme\OneDrive\Pulpit\GameEngine2D\GameEngine2D\src\core\Scenes\Game\FourTree.h(33,57): warning C4244: "argument": konwersja z "float" do "int", możliwa utrata danych
C:\Users\szyme\OneDrive\Pulpit\GameEngine2D\GameEngine2D\src\core\Scenes\Game\FourTree.h(33,50): warning C4244: "argument": konwersja z "float" do "int", możliwa utrata danych
C:\Users\szyme\OneDrive\Pulpit\GameEngine2D\GameEngine2D\src\GameObjects\Player\Eq.cpp(210,8): warning C4244: "inicjowanie": konwersja z "float" do "int", możliwa utrata danych
C:\Users\szyme\OneDrive\Pulpit\GameEngine2D\GameEngine2D\src\GameObjects\Player\Eq.cpp(211,8): warning C4244: "inicjowanie": konwersja z "float" do "int", możliwa utrata danych
C:\Users\szyme\OneDrive\Pulpit\GameEngine2D\GameEngine2D\src\GameObjects\Player\Eq.cpp(238,64): warning C4838: konwersja z „int” do „float” wymaga konwersji zawężającej
C:\Users\szyme\OneDrive\Pulpit\GameEngine2D\GameEngine2D\src\GameObjects\Player\Eq.cpp(238,64): warning C4244: "inicjowanie": konwersja z "int" do "float", możliwa utrata danych
C:\Users\szyme\OneDrive\Pulpit\GameEngine2D\GameEngine2D\src\GameObjects\Player\Eq.cpp(239,41): warning C4838: konwersja z „int” do „float” wymaga konwersji zawężającej
C:\Users\szyme\OneDrive\Pulpit\GameEngine2D\GameEngine2D\src\GameObjects\Player\Eq.cpp(239,41): warning C4244: "inicjowanie": konwersja z "int" do "float", możliwa utrata danych
C:\Users\szyme\OneDrive\Pulpit\GameEngine2D\GameEngine2D\src\GameObjects\Player\Eq.cpp(249,104): warning C4244: "argument": konwersja z "float" do "int", możliwa utrata danych
C:\Users\szyme\OneDrive\Pulpit\GameEngine2D\GameEngine2D\src\GameObjects\Player\Eq.cpp(249,63): warning C4244: "argument": konwersja z "float" do "int", możliwa utrata danych
C:\Users\szyme\OneDrive\Pulpit\GameEngine2D\GameEngine2D\src\GameObjects\Player\Eq.cpp(252,81): warning C4244: "argument": konwersja z "float" do "int", możliwa utrata danych
C:\Users\szyme\OneDrive\Pulpit\GameEngine2D\GameEngine2D\src\GameObjects\Player\Eq.cpp(252,68): warning C4244: "argument": konwersja z "float" do "int", możliwa utrata danych
C:\Users\szyme\OneDrive\Pulpit\GameEngine2D\GameEngine2D\src\GameObjects\Player\Eq.cpp(264,78): warning C4244: "argument": konwersja z "float" do "int", możliwa utrata danych
C:\Users\szyme\OneDrive\Pulpit\GameEngine2D\GameEngine2D\src\GameObjects\Player\Eq.cpp(264,49): warning C4244: "argument": konwersja z "float" do "int", możliwa utrata danych
  MiniMap.cpp
C:\Users\szyme\OneDrive\Pulpit\GameEngine2D\GameEngine2D\src\GameObjects\AddisionalTypes\Collider.h(22,85): warning C4244: "argument": konwersja z "float" do "int", możliwa utrata danych
C:\Users\szyme\OneDrive\Pulpit\GameEngine2D\GameEngine2D\src\GameObjects\AddisionalTypes\Collider.h(22,68): warning C4244: "argument": konwersja z "float" do "int", możliwa utrata danych
C:\Users\szyme\OneDrive\Pulpit\GameEngine2D\GameEngine2D\src\GameObjects\AddisionalTypes\Collider.h(22,44): warning C4244: "argument": konwersja z "float" do "int", możliwa utrata danych
C:\Users\szyme\OneDrive\Pulpit\GameEngine2D\GameEngine2D\src\GameObjects\AddisionalTypes\Collider.h(22,23): warning C4244: "argument": konwersja z "float" do "int", możliwa utrata danych
C:\Users\szyme\OneDrive\Pulpit\GameEngine2D\GameEngine2D\src\GameObjects\ItemFactory.h(57,16): warning C4267: "return": konwersja z "size_t" do "int", możliwa utrata danych
C:\Users\szyme\OneDrive\Pulpit\GameEngine2D\GameEngine2D\src\core\Scenes\Game\FourTree.h(33,57): warning C4244: "argument": konwersja z "float" do "int", możliwa utrata danych
C:\Users\szyme\OneDrive\Pulpit\GameEngine2D\GameEngine2D\src\core\Scenes\Game\FourTree.h(33,50): warning C4244: "argument": konwersja z "float" do "int", możliwa utrata danych
C:\Users\szyme\OneDrive\Pulpit\GameEngine2D\GameEngine2D\src\GameObjects\Player\MiniMap.cpp(14,27): warning C4244: "=": konwersja z "float" do "int", możliwa utrata danych
C:\Users\szyme\OneDrive\Pulpit\GameEngine2D\GameEngine2D\src\GameObjects\Player\MiniMap.cpp(15,27): warning C4244: "=": konwersja z "float" do "int", możliwa utrata danych
C:\Users\szyme\OneDrive\Pulpit\GameEngine2D\GameEngine2D\src\GameObjects\Player\MiniMap.cpp(30,37): warning C4838: konwersja z „int” do „float” wymaga konwersji zawężającej
C:\Users\szyme\OneDrive\Pulpit\GameEngine2D\GameEngine2D\src\GameObjects\Player\MiniMap.cpp(30,37): warning C4244: "inicjowanie": konwersja z "int" do "float", możliwa utrata danych
C:\Users\szyme\OneDrive\Pulpit\GameEngine2D\GameEngine2D\src\GameObjects\Player\MiniMap.cpp(31,54): warning C4244: "argument": konwersja z "float" do "int", możliwa utrata danych
C:\Users\szyme\OneDrive\Pulpit\GameEngine2D\GameEngine2D\src\GameObjects\Player\MiniMap.cpp(31,41): warning C4244: "argument": konwersja z "float" do "int", możliwa utrata danych
C:\Users\szyme\OneDrive\Pulpit\GameEngine2D\GameEngine2D\src\GameObjects\Player\MiniMap.cpp(31,29): warning C4244: "argument": konwersja z "float" do "int", możliwa utrata danych
C:\Users\szyme\OneDrive\Pulpit\GameEngine2D\GameEngine2D\src\GameObjects\Player\MiniMap.cpp(31,21): warning C4244: "argument": konwersja z "float" do "int", możliwa utrata danych
C:\Users\szyme\OneDrive\Pulpit\GameEngine2D\GameEngine2D\src\GameObjects\Player\MiniMap.cpp(35,27): warning C4244: "argument": konwersja z "float" do "int", możliwa utrata danych
C:\Users\szyme\OneDrive\Pulpit\GameEngine2D\GameEngine2D\src\GameObjects\Player\MiniMap.cpp(35,18): warning C4244: "argument": konwersja z "float" do "int", możliwa utrata danych
  Player.cpp
C:\Users\szyme\OneDrive\Pulpit\GameEngine2D\GameEngine2D\src\GameObjects\AddisionalTypes\Collider.h(22,85): warning C4244: "argument": konwersja z "float" do "int", możliwa utrata danych
C:\Users\szyme\OneDrive\Pulpit\GameEngine2D\GameEngine2D\src\GameObjects\AddisionalTypes\Collider.h(22,68): warning C4244: "argument": konwersja z "float" do "int", możliwa utrata danych
C:\Users\szyme\OneDrive\Pulpit\GameEngine2D\GameEngine2D\src\GameObjects\AddisionalTypes\Collider.h(22,44): warning C4244: "argument": konwersja z "float" do "int", możliwa utrata danych
C:\Users\szyme\OneDrive\Pulpit\GameEngine2D\GameEngine2D\src\GameObjects\AddisionalTypes\Collider.h(22,23): warning C4244: "argument": konwersja z "float" do "int", możliwa utrata danych
C:\Users\szyme\OneDrive\Pulpit\GameEngine2D\GameEngine2D\src\GameObjects\ItemFactory.h(57,16): warning C4267: "return": konwersja z "size_t" do "int", możliwa utrata danych
C:\Users\szyme\OneDrive\Pulpit\GameEngine2D\GameEngine2D\src\core\Scenes\Game\FourTree.h(33,57): warning C4244: "argument": konwersja z "float" do "int", możliwa utrata danych
C:\Users\szyme\OneDrive\Pulpit\GameEngine2D\GameEngine2D\src\core\Scenes\Game\FourTree.h(33,50): warning C4244: "argument": konwersja z "float" do "int", możliwa utrata danych
C:\Users\szyme\OneDrive\Pulpit\GameEngine2D\GameEngine2D\src\GameObjects\Player\Player.cpp(272,24): warning C4244: "argument": konwersja z "float" do "int", możliwa utrata danych
  Projectal.cpp
C:\Users\szyme\OneDrive\Pulpit\GameEngine2D\GameEngine2D\src\GameObjects\AddisionalTypes\Collider.h(22,85): warning C4244: "argument": konwersja z "float" do "int", możliwa utrata danych
C:\Users\szyme\OneDrive\Pulpit\GameEngine2D\GameEngine2D\src\GameObjects\AddisionalTypes\Collider.h(22,68): warning C4244: "argument": konwersja z "float" do "int", możliwa utrata danych
C:\Users\szyme\OneDrive\Pulpit\GameEngine2D\GameEngine2D\src\GameObjects\AddisionalTypes\Collider.h(22,44): warning C4244: "argument": konwersja z "float" do "int", możliwa utrata danych
C:\Users\szyme\OneDrive\Pulpit\GameEngine2D\GameEngine2D\src\GameObjects\AddisionalTypes\Collider.h(22,23): warning C4244: "argument": konwersja z "float" do "int", możliwa utrata danych
C:\Users\szyme\OneDrive\Pulpit\GameEngine2D\GameEngine2D\src\GameObjects\ItemFactory.h(57,16): warning C4267: "return": konwersja z "size_t" do "int", możliwa utrata danych
C:\Users\szyme\OneDrive\Pulpit\GameEngine2D\GameEngine2D\src\core\Scenes\Game\FourTree.h(33,57): warning C4244: "argument": konwersja z "float" do "int", możliwa utrata danych
C:\Users\szyme\OneDrive\Pulpit\GameEngine2D\GameEngine2D\src\core\Scenes\Game\FourTree.h(33,50): warning C4244: "argument": konwersja z "float" do "int", możliwa utrata danych
  Generowanie kodu...
  Trwa kompilowanie...
  CheckBoxOpenElements.cpp
C:\Users\szyme\OneDrive\Pulpit\GameEngine2D\GameEngine2D\src\core\Elements\CheckBoxOpenElements.cpp(90,57): warning C4244: "argument": konwersja z "float" do "int", możliwa utrata danych
C:\Users\szyme\OneDrive\Pulpit\GameEngine2D\GameEngine2D\src\core\Elements\CheckBoxOpenElements.cpp(90,45): warning C4244: "argument": konwersja z "float" do "int", możliwa utrata danych
C:\Users\szyme\OneDrive\Pulpit\GameEngine2D\GameEngine2D\src\core\Elements\CheckBoxOpenElements.cpp(90,38): warning C4244: "argument": konwersja z "float" do "int", możliwa utrata danych
C:\Users\szyme\OneDrive\Pulpit\GameEngine2D\GameEngine2D\src\core\Elements\CheckBoxOpenElements.cpp(90,22): warning C4244: "argument": konwersja z "float" do "int", możliwa utrata danych
  LineColliderCheckBox.cpp
C:\Users\szyme\OneDrive\Pulpit\GameEngine2D\GameEngine2D\src\GameObjects\AddisionalTypes\Collider.h(22,85): warning C4244: "argument": konwersja z "float" do "int", możliwa utrata danych
C:\Users\szyme\OneDrive\Pulpit\GameEngine2D\GameEngine2D\src\GameObjects\AddisionalTypes\Collider.h(22,68): warning C4244: "argument": konwersja z "float" do "int", możliwa utrata danych
C:\Users\szyme\OneDrive\Pulpit\GameEngine2D\GameEngine2D\src\GameObjects\AddisionalTypes\Collider.h(22,44): warning C4244: "argument": konwersja z "float" do "int", możliwa utrata danych
C:\Users\szyme\OneDrive\Pulpit\GameEngine2D\GameEngine2D\src\GameObjects\AddisionalTypes\Collider.h(22,23): warning C4244: "argument": konwersja z "float" do "int", możliwa utrata danych
C:\Users\szyme\OneDrive\Pulpit\GameEngine2D\GameEngine2D\src\GameObjects\ItemFactory.h(57,16): warning C4267: "return": konwersja z "size_t" do "int", możliwa utrata danych
C:\Users\szyme\OneDrive\Pulpit\GameEngine2D\GameEngine2D\src\core\Scenes\Game\FourTree.h(33,57): warning C4244: "argument": konwersja z "float" do "int", możliwa utrata danych
C:\Users\szyme\OneDrive\Pulpit\GameEngine2D\GameEngine2D\src\core\Scenes\Game\FourTree.h(33,50): warning C4244: "argument": konwersja z "float" do "int", możliwa utrata danych
C:\Users\szyme\OneDrive\Pulpit\GameEngine2D\GameEngine2D\src\GameObjects\Items\Tool\ToolItem.h(12,11): warning C4305: "inicjowanie": obcięcie z "double" do "float"
  VectorEnter.cpp
C:\Users\szyme\OneDrive\Pulpit\GameEngine2D\GameEngine2D\src\core\Elements\VectorEnter.cpp(38,19): warning C4267: "inicjowanie": konwersja z "size_t" do "int", możliwa utrata danych
C:\Users\szyme\OneDrive\Pulpit\GameEngine2D\GameEngine2D\src\core\Elements\VectorEnter.cpp(55,10): warning C4244: "inicjowanie": konwersja z "float" do "int", możliwa utrata danych
C:\Users\szyme\OneDrive\Pulpit\GameEngine2D\GameEngine2D\src\core\Elements\VectorEnter.cpp(66,2): warning C4267: "inicjowanie": konwersja z "size_t" do "int", możliwa utrata danych
C:\Users\szyme\OneDrive\Pulpit\GameEngine2D\GameEngine2D\src\core\Elements\VectorEnter.cpp(139,48): warning C4244: "argument": konwersja z "float" do "int", możliwa utrata danych
C:\Users\szyme\OneDrive\Pulpit\GameEngine2D\GameEngine2D\src\core\Elements\VectorEnter.cpp(139,36): warning C4244: "argument": konwersja z "float" do "int", możliwa utrata danych
C:\Users\szyme\OneDrive\Pulpit\GameEngine2D\GameEngine2D\src\core\Elements\VectorEnter.cpp(140,49): warning C4244: "argument": konwersja z "float" do "int", możliwa utrata danych
C:\Users\szyme\OneDrive\Pulpit\GameEngine2D\GameEngine2D\src\core\Elements\VectorEnter.cpp(140,37): warning C4244: "argument": konwersja z "float" do "int", możliwa utrata danych
  Engine.cpp
C:\Users\szyme\OneDrive\Pulpit\GameEngine2D\GameEngine2D\src\GameObjects\AddisionalTypes\Collider.h(22,85): warning C4244: "argument": konwersja z "float" do "int", możliwa utrata danych
C:\Users\szyme\OneDrive\Pulpit\GameEngine2D\GameEngine2D\src\GameObjects\AddisionalTypes\Collider.h(22,68): warning C4244: "argument": konwersja z "float" do "int", możliwa utrata danych
C:\Users\szyme\OneDrive\Pulpit\GameEngine2D\GameEngine2D\src\GameObjects\AddisionalTypes\Collider.h(22,44): warning C4244: "argument": konwersja z "float" do "int", możliwa utrata danych
C:\Users\szyme\OneDrive\Pulpit\GameEngine2D\GameEngine2D\src\GameObjects\AddisionalTypes\Collider.h(22,23): warning C4244: "argument": konwersja z "float" do "int", możliwa utrata danych
C:\Users\szyme\OneDrive\Pulpit\GameEngine2D\GameEngine2D\src\GameObjects\ItemFactory.h(57,16): warning C4267: "return": konwersja z "size_t" do "int", możliwa utrata danych
C:\Users\szyme\OneDrive\Pulpit\GameEngine2D\GameEngine2D\src\core\Scenes\Game\FourTree.h(33,57): warning C4244: "argument": konwersja z "float" do "int", możliwa utrata danych
C:\Users\szyme\OneDrive\Pulpit\GameEngine2D\GameEngine2D\src\core\Scenes\Game\FourTree.h(33,50): warning C4244: "argument": konwersja z "float" do "int", możliwa utrata danych
C:\Users\szyme\OneDrive\Pulpit\GameEngine2D\GameEngine2D\src\GameObjects\BlockFactory.h(21,16): warning C4267: "return": konwersja z "size_t" do "int", możliwa utrata danych
C:\Users\szyme\OneDrive\Pulpit\GameEngine2D\GameEngine2D\src\GameObjects\Items\Tool\ToolItem.h(12,11): warning C4305: "inicjowanie": obcięcie z "double" do "float"
C:\Users\szyme\OneDrive\Pulpit\GameEngine2D\GameEngine2D\src\core\Engine.cpp(51,21): warning C4244: "=": konwersja z "double" do "float", możliwa utrata danych
  GameScene.cpp
C:\Users\szyme\OneDrive\Pulpit\GameEngine2D\GameEngine2D\src\GameObjects\AddisionalTypes\Collider.h(22,85): warning C4244: "argument": konwersja z "float" do "int", możliwa utrata danych
C:\Users\szyme\OneDrive\Pulpit\GameEngine2D\GameEngine2D\src\GameObjects\AddisionalTypes\Collider.h(22,68): warning C4244: "argument": konwersja z "float" do "int", możliwa utrata danych
C:\Users\szyme\OneDrive\Pulpit\GameEngine2D\GameEngine2D\src\GameObjects\AddisionalTypes\Collider.h(22,44): warning C4244: "argument": konwersja z "float" do "int", możliwa utrata danych
C:\Users\szyme\OneDrive\Pulpit\GameEngine2D\GameEngine2D\src\GameObjects\AddisionalTypes\Collider.h(22,23): warning C4244: "argument": konwersja z "float" do "int", możliwa utrata danych
C:\Users\szyme\OneDrive\Pulpit\GameEngine2D\GameEngine2D\src\GameObjects\ItemFactory.h(57,16): warning C4267: "return": konwersja z "size_t" do "int", możliwa utrata danych
C:\Users\szyme\OneDrive\Pulpit\GameEngine2D\GameEngine2D\src\core\Scenes\Game\FourTree.h(33,57): warning C4244: "argument": konwersja z "float" do "int", możliwa utrata danych
C:\Users\szyme\OneDrive\Pulpit\GameEngine2D\GameEngine2D\src\core\Scenes\Game\FourTree.h(33,50): warning C4244: "argument": konwersja z "float" do "int", możliwa utrata danych
C:\Users\szyme\OneDrive\Pulpit\GameEngine2D\GameEngine2D\src\core\Scenes\GameScene.cpp(39,15): warning C4305: "+=": obcięcie z "double" do "float"
C:\Users\szyme\OneDrive\Pulpit\GameEngine2D\GameEngine2D\src\core\Scenes\GameScene.cpp(41,15): warning C4305: "-=": obcięcie z "double" do "float"
C:\Users\szyme\OneDrive\Pulpit\GameEngine2D\GameEngine2D\src\core\Scenes\GameScene.cpp(93,13): warning C4244: "inicjowanie": konwersja z "float" do "int", możliwa utrata danych
C:\Users\szyme\OneDrive\Pulpit\GameEngine2D\GameEngine2D\src\core\Scenes\GameScene.cpp(94,13): warning C4244: "inicjowanie": konwersja z "float" do "int", możliwa utrata danych
C:\Users\szyme\OneDrive\Pulpit\GameEngine2D\GameEngine2D\src\core\Scenes\GameScene.cpp(95,12): warning C4244: "inicjowanie": konwersja z "float" do "int", możliwa utrata danych
C:\Users\szyme\OneDrive\Pulpit\GameEngine2D\GameEngine2D\src\core\Scenes\GameScene.cpp(96,12): warning C4244: "inicjowanie": konwersja z "float" do "int", możliwa utrata danych
C:\Users\szyme\OneDrive\Pulpit\GameEngine2D\GameEngine2D\src\core\Scenes\GameScene.cpp(104,13): warning C4244: "inicjowanie": konwersja z "float" do "int", możliwa utrata danych
C:\Users\szyme\OneDrive\Pulpit\GameEngine2D\GameEngine2D\src\core\Scenes\GameScene.cpp(105,13): warning C4244: "inicjowanie": konwersja z "float" do "int", możliwa utrata danych
C:\Users\szyme\OneDrive\Pulpit\GameEngine2D\GameEngine2D\src\core\Scenes\GameScene.cpp(114,13): warning C4244: "inicjowanie": konwersja z "float" do "int", możliwa utrata danych
C:\Users\szyme\OneDrive\Pulpit\GameEngine2D\GameEngine2D\src\core\Scenes\GameScene.cpp(115,13): warning C4244: "inicjowanie": konwersja z "float" do "int", możliwa utrata danych
C:\Users\szyme\OneDrive\Pulpit\GameEngine2D\GameEngine2D\src\core\Scenes\GameScene.cpp(116,12): warning C4244: "inicjowanie": konwersja z "float" do "int", możliwa utrata danych
C:\Users\szyme\OneDrive\Pulpit\GameEngine2D\GameEngine2D\src\core\Scenes\GameScene.cpp(117,12): warning C4244: "inicjowanie": konwersja z "float" do "int", możliwa utrata danych
C:\Users\szyme\OneDrive\Pulpit\GameEngine2D\GameEngine2D\src\core\Scenes\GameScene.cpp(132,13): warning C4244: "inicjowanie": konwersja z "float" do "int", możliwa utrata danych
C:\Users\szyme\OneDrive\Pulpit\GameEngine2D\GameEngine2D\src\core\Scenes\GameScene.cpp(133,13): warning C4244: "inicjowanie": konwersja z "float" do "int", możliwa utrata danych
C:\Users\szyme\OneDrive\Pulpit\GameEngine2D\GameEngine2D\src\core\Scenes\GameScene.cpp(143,13): warning C4244: "inicjowanie": konwersja z "float" do "int", możliwa utrata danych
C:\Users\szyme\OneDrive\Pulpit\GameEngine2D\GameEngine2D\src\core\Scenes\GameScene.cpp(146,13): warning C4244: "inicjowanie": konwersja z "float" do "int", możliwa utrata danych
C:\Users\szyme\OneDrive\Pulpit\GameEngine2D\GameEngine2D\src\core\Scenes\GameScene.cpp(149,12): warning C4244: "inicjowanie": konwersja z "float" do "int", możliwa utrata danych
C:\Users\szyme\OneDrive\Pulpit\GameEngine2D\GameEngine2D\src\core\Scenes\GameScene.cpp(152,12): warning C4244: "inicjowanie": konwersja z "float" do "int", możliwa utrata danych
  FourTree.cpp
C:\Users\szyme\OneDrive\Pulpit\GameEngine2D\GameEngine2D\src\core\Scenes\Game\FourTree.h(33,57): warning C4244: "argument": konwersja z "float" do "int", możliwa utrata danych
C:\Users\szyme\OneDrive\Pulpit\GameEngine2D\GameEngine2D\src\core\Scenes\Game\FourTree.h(33,50): warning C4244: "argument": konwersja z "float" do "int", możliwa utrata danych
  ObjectHandler.cpp
C:\Users\szyme\OneDrive\Pulpit\GameEngine2D\GameEngine2D\src\GameObjects\AddisionalTypes\Collider.h(22,85): warning C4244: "argument": konwersja z "float" do "int", możliwa utrata danych
C:\Users\szyme\OneDrive\Pulpit\GameEngine2D\GameEngine2D\src\GameObjects\AddisionalTypes\Collider.h(22,68): warning C4244: "argument": konwersja z "float" do "int", możliwa utrata danych
C:\Users\szyme\OneDrive\Pulpit\GameEngine2D\GameEngine2D\src\GameObjects\AddisionalTypes\Collider.h(22,44): warning C4244: "argument": konwersja z "float" do "int", możliwa utrata danych
C:\Users\szyme\OneDrive\Pulpit\GameEngine2D\GameEngine2D\src\GameObjects\AddisionalTypes\Collider.h(22,23): warning C4244: "argument": konwersja z "float" do "int", możliwa utrata danych
C:\Users\szyme\OneDrive\Pulpit\GameEngine2D\GameEngine2D\src\GameObjects\ItemFactory.h(57,16): warning C4267: "return": konwersja z "size_t" do "int", możliwa utrata danych
C:\Users\szyme\OneDrive\Pulpit\GameEngine2D\GameEngine2D\src\core\Scenes\Game\FourTree.h(33,57): warning C4244: "argument": konwersja z "float" do "int", możliwa utrata danych
C:\Users\szyme\OneDrive\Pulpit\GameEngine2D\GameEngine2D\src\core\Scenes\Game\FourTree.h(33,50): warning C4244: "argument": konwersja z "float" do "int", możliwa utrata danych
C:\Users\szyme\OneDrive\Pulpit\GameEngine2D\GameEngine2D\src\GameObjects\BlockFactory.h(21,16): warning C4267: "return": konwersja z "size_t" do "int", możliwa utrata danych
C:\Users\szyme\OneDrive\Pulpit\GameEngine2D\GameEngine2D\src\core\Scenes\Game\ObjectHandler.cpp(9,16): warning C4244: "=": konwersja z "float" do "int", możliwa utrata danych
C:\Users\szyme\OneDrive\Pulpit\GameEngine2D\GameEngine2D\src\core\Scenes\Game\ObjectHandler.cpp(10,17): warning C4244: "=": konwersja z "float" do "int", możliwa utrata danych
C:\Users\szyme\OneDrive\Pulpit\GameEngine2D\GameEngine2D\src\core\Scenes\Game\ObjectHandler.cpp(14,39): warning C4305: "argument": obcięcie z "double" do "float"
C:\Users\szyme\OneDrive\Pulpit\GameEngine2D\GameEngine2D\src\core\Scenes\Game\ObjectHandler.cpp(28,47): warning C4244: "=": konwersja z "float" do "int", możliwa utrata danych
C:\Users\szyme\OneDrive\Pulpit\GameEngine2D\GameEngine2D\src\core\Scenes\Game\ObjectHandler.cpp(115,14): warning C4244: "inicjowanie": konwersja z "float" do "int", możliwa utrata danych
C:\Users\szyme\OneDrive\Pulpit\GameEngine2D\GameEngine2D\src\core\Scenes\Game\ObjectHandler.cpp(116,14): warning C4244: "inicjowanie": konwersja z "float" do "int", możliwa utrata danych
C:\Users\szyme\OneDrive\Pulpit\GameEngine2D\GameEngine2D\src\core\Scenes\Game\ObjectHandler.cpp(121,9): warning C4244: "inicjowanie": konwersja z "float" do "int", możliwa utrata danych
C:\Users\szyme\OneDrive\Pulpit\GameEngine2D\GameEngine2D\src\core\Scenes\Game\ObjectHandler.cpp(122,9): warning C4244: "inicjowanie": konwersja z "float" do "int", możliwa utrata danych
C:\Users\szyme\OneDrive\Pulpit\GameEngine2D\GameEngine2D\src\core\Scenes\Game\ObjectHandler.cpp(163,17): warning C4244: "=": konwersja z "float" do "int", możliwa utrata danych
C:\Users\szyme\OneDrive\Pulpit\GameEngine2D\GameEngine2D\src\core\Scenes\Game\ObjectHandler.cpp(182,13): warning C4244: "inicjowanie": konwersja z "float" do "int", możliwa utrata danych
C:\Users\szyme\OneDrive\Pulpit\GameEngine2D\GameEngine2D\src\core\Scenes\Game\ObjectHandler.cpp(183,13): warning C4244: "inicjowanie": konwersja z "float" do "int", możliwa utrata danych
C:\Users\szyme\OneDrive\Pulpit\GameEngine2D\GameEngine2D\src\core\Scenes\Game\ObjectHandler.cpp(188,8): warning C4244: "inicjowanie": konwersja z "float" do "int", możliwa utrata danych
C:\Users\szyme\OneDrive\Pulpit\GameEngine2D\GameEngine2D\src\core\Scenes\Game\ObjectHandler.cpp(189,8): warning C4244: "inicjowanie": konwersja z "float" do "int", możliwa utrata danych
C:\Users\szyme\OneDrive\Pulpit\GameEngine2D\GameEngine2D\src\core\Scenes\Game\ObjectHandler.cpp(283,9): warning C4244: "inicjowanie": konwersja z "float" do "int", możliwa utrata danych
C:\Users\szyme\OneDrive\Pulpit\GameEngine2D\GameEngine2D\src\core\Scenes\Game\ObjectHandler.cpp(284,9): warning C4244: "inicjowanie": konwersja z "float" do "int", możliwa utrata danych
  ItemEdytor.cpp
C:\Users\szyme\OneDrive\Pulpit\GameEngine2D\GameEngine2D\src\GameObjects\AddisionalTypes\Collider.h(22,85): warning C4244: "argument": konwersja z "float" do "int", możliwa utrata danych
C:\Users\szyme\OneDrive\Pulpit\GameEngine2D\GameEngine2D\src\GameObjects\AddisionalTypes\Collider.h(22,68): warning C4244: "argument": konwersja z "float" do "int", możliwa utrata danych
C:\Users\szyme\OneDrive\Pulpit\GameEngine2D\GameEngine2D\src\GameObjects\AddisionalTypes\Collider.h(22,44): warning C4244: "argument": konwersja z "float" do "int", możliwa utrata danych
C:\Users\szyme\OneDrive\Pulpit\GameEngine2D\GameEngine2D\src\GameObjects\AddisionalTypes\Collider.h(22,23): warning C4244: "argument": konwersja z "float" do "int", możliwa utrata danych
C:\Users\szyme\OneDrive\Pulpit\GameEngine2D\GameEngine2D\src\GameObjects\ItemFactory.h(57,16): warning C4267: "return": konwersja z "size_t" do "int", możliwa utrata danych
C:\Users\szyme\OneDrive\Pulpit\GameEngine2D\GameEngine2D\src\core\Scenes\Game\FourTree.h(33,57): warning C4244: "argument": konwersja z "float" do "int", możliwa utrata danych
C:\Users\szyme\OneDrive\Pulpit\GameEngine2D\GameEngine2D\src\core\Scenes\Game\FourTree.h(33,50): warning C4244: "argument": konwersja z "float" do "int", możliwa utrata danych
C:\Users\szyme\OneDrive\Pulpit\GameEngine2D\GameEngine2D\src\GameObjects\Items\Tool\ToolItem.h(12,11): warning C4305: "inicjowanie": obcięcie z "double" do "float"
C:\Users\szyme\OneDrive\Pulpit\GameEngine2D\GameEngine2D\src\core\Scenes\ItemEdytor.cpp(140,58): warning C4390: ";": znaleziono kontrolowaną pustą instrukcję; czy to było zamierzone?
C:\Users\szyme\OneDrive\Pulpit\GameEngine2D\GameEngine2D\src\core\Scenes\ItemEdytor.cpp(203,22): warning C4267: "=": konwersja z "size_t" do "int", możliwa utrata danych
C:\Users\szyme\OneDrive\Pulpit\GameEngine2D\GameEngine2D\src\core\Scenes\ItemEdytor.cpp(226,9): warning C4244: "inicjowanie": konwersja z "float" do "int", możliwa utrata danych
C:\Users\szyme\OneDrive\Pulpit\GameEngine2D\GameEngine2D\src\core\Scenes\ItemEdytor.cpp(227,9): warning C4244: "inicjowanie": konwersja z "float" do "int", możliwa utrata danych
C:\Users\szyme\OneDrive\Pulpit\GameEngine2D\GameEngine2D\src\core\Scenes\ItemEdytor.cpp(228,13): warning C4244: "inicjowanie": konwersja z "float" do "int", możliwa utrata danych
C:\Users\szyme\OneDrive\Pulpit\GameEngine2D\GameEngine2D\src\core\Scenes\ItemEdytor.cpp(229,13): warning C4244: "inicjowanie": konwersja z "float" do "int", możliwa utrata danych
C:\Users\szyme\OneDrive\Pulpit\GameEngine2D\GameEngine2D\src\core\Scenes\ItemEdytor.cpp(232,44): warning C4244: "argument": konwersja z "float" do "int", możliwa utrata danych
C:\Users\szyme\OneDrive\Pulpit\GameEngine2D\GameEngine2D\src\core\Scenes\ItemEdytor.cpp(232,25): warning C4244: "argument": konwersja z "float" do "int", możliwa utrata danych
C:\Users\szyme\OneDrive\Pulpit\GameEngine2D\GameEngine2D\src\core\Scenes\ItemEdytor.cpp(233,43): warning C4244: "argument": konwersja z "float" do "int", możliwa utrata danych
C:\Users\szyme\OneDrive\Pulpit\GameEngine2D\GameEngine2D\src\core\Scenes\ItemEdytor.cpp(233,36): warning C4244: "argument": konwersja z "float" do "int", możliwa utrata danych
C:\Users\szyme\OneDrive\Pulpit\GameEngine2D\GameEngine2D\src\core\Scenes\ItemEdytor.cpp(234,74): warning C4244: "argument": konwersja z "float" do "int", możliwa utrata danych
C:\Users\szyme\OneDrive\Pulpit\GameEngine2D\GameEngine2D\src\core\Scenes\ItemEdytor.cpp(234,59): warning C4244: "argument": konwersja z "float" do "int", możliwa utrata danych
C:\Users\szyme\OneDrive\Pulpit\GameEngine2D\GameEngine2D\src\core\Scenes\ItemEdytor.cpp(235,103): warning C4244: "argument": konwersja z "float" do "int", możliwa utrata danych
C:\Users\szyme\OneDrive\Pulpit\GameEngine2D\GameEngine2D\src\core\Scenes\ItemEdytor.cpp(235,84): warning C4244: "argument": konwersja z "float" do "int", możliwa utrata danych
C:\Users\szyme\OneDrive\Pulpit\GameEngine2D\GameEngine2D\src\core\Scenes\ItemEdytor.cpp(236,70): warning C4244: "argument": konwersja z "float" do "int", możliwa utrata danych
C:\Users\szyme\OneDrive\Pulpit\GameEngine2D\GameEngine2D\src\core\Scenes\ItemEdytor.cpp(236,60): warning C4244: "argument": konwersja z "float" do "int", możliwa utrata danych
C:\Users\szyme\OneDrive\Pulpit\GameEngine2D\GameEngine2D\src\core\Scenes\ItemEdytor.cpp(238,83): warning C4244: "argument": konwersja z "float" do "int", możliwa utrata danych
C:\Users\szyme\OneDrive\Pulpit\GameEngine2D\GameEngine2D\src\core\Scenes\ItemEdytor.cpp(238,65): warning C4244: "argument": konwersja z "float" do "int", możliwa utrata danych
C:\Users\szyme\OneDrive\Pulpit\GameEngine2D\GameEngine2D\src\core\Scenes\ItemEdytor.cpp(240,107): warning C4244: "argument": konwersja z "float" do "int", możliwa utrata danych
C:\Users\szyme\OneDrive\Pulpit\GameEngine2D\GameEngine2D\src\core\Scenes\ItemEdytor.cpp(240,86): warning C4244: "argument": konwersja z "float" do "int", możliwa utrata danych
C:\Users\szyme\OneDrive\Pulpit\GameEngine2D\GameEngine2D\src\core\Scenes\ItemEdytor.cpp(242,72): warning C4244: "argument": konwersja z "float" do "int", możliwa utrata danych
C:\Users\szyme\OneDrive\Pulpit\GameEngine2D\GameEngine2D\src\core\Scenes\ItemEdytor.cpp(242,61): warning C4244: "argument": konwersja z "float" do "int", możliwa utrata danych
C:\Users\szyme\OneDrive\Pulpit\GameEngine2D\GameEngine2D\src\core\Scenes\ItemEdytor.cpp(243,105): warning C4244: "argument": konwersja z "float" do "int", możliwa utrata danych
C:\Users\szyme\OneDrive\Pulpit\GameEngine2D\GameEngine2D\src\core\Scenes\ItemEdytor.cpp(243,86): warning C4244: "argument": konwersja z "float" do "int", możliwa utrata danych
C:\Users\szyme\OneDrive\Pulpit\GameEngine2D\GameEngine2D\src\core\Scenes\ItemEdytor.cpp(270,51): warning C4244: "argument": konwersja z "float" do "int", możliwa utrata danych
C:\Users\szyme\OneDrive\Pulpit\GameEngine2D\GameEngine2D\src\core\Scenes\ItemEdytor.cpp(270,46): warning C4244: "argument": konwersja z "float" do "int", możliwa utrata danych
  ItemProperty.cpp
C:\Users\szyme\OneDrive\Pulpit\GameEngine2D\GameEngine2D\src\GameObjects\AddisionalTypes\Collider.h(22,85): warning C4244: "argument": konwersja z "float" do "int", możliwa utrata danych
C:\Users\szyme\OneDrive\Pulpit\GameEngine2D\GameEngine2D\src\GameObjects\AddisionalTypes\Collider.h(22,68): warning C4244: "argument": konwersja z "float" do "int", możliwa utrata danych
C:\Users\szyme\OneDrive\Pulpit\GameEngine2D\GameEngine2D\src\GameObjects\AddisionalTypes\Collider.h(22,44): warning C4244: "argument": konwersja z "float" do "int", możliwa utrata danych
C:\Users\szyme\OneDrive\Pulpit\GameEngine2D\GameEngine2D\src\GameObjects\AddisionalTypes\Collider.h(22,23): warning C4244: "argument": konwersja z "float" do "int", możliwa utrata danych
C:\Users\szyme\OneDrive\Pulpit\GameEngine2D\GameEngine2D\src\GameObjects\ItemFactory.h(57,16): warning C4267: "return": konwersja z "size_t" do "int", możliwa utrata danych
C:\Users\szyme\OneDrive\Pulpit\GameEngine2D\GameEngine2D\src\core\Scenes\Game\FourTree.h(33,57): warning C4244: "argument": konwersja z "float" do "int", możliwa utrata danych
C:\Users\szyme\OneDrive\Pulpit\GameEngine2D\GameEngine2D\src\core\Scenes\Game\FourTree.h(33,50): warning C4244: "argument": konwersja z "float" do "int", możliwa utrata danych
C:\Users\szyme\OneDrive\Pulpit\GameEngine2D\GameEngine2D\src\GameObjects\Items\Tool\ToolItem.h(12,11): warning C4305: "inicjowanie": obcięcie z "double" do "float"
  Generowanie kodu...
  GameEngine2D.vcxproj -> C:\Users\szyme\OneDrive\Pulpit\GameEngine2D\x64\Debug\GameEngine2D.exe
