  Collider.cpp
C:\Users\Szymek\Desktop\Github\GameEngine2D_Engineer\GameEngine2D_Engineer\src\GameObjects\ItemFactory.h(79,37): warning C4267: "return": konwersja z "size_t" do "int", możliwa utrata danych
  (kompilowanie pliku źródłowego „src/GameObjects/AddisionalTypes/Collider.cpp”)
  
C:\Users\Szymek\Desktop\Github\GameEngine2D_Engineer\GameEngine2D_Engineer\src\GameObjects\AddisionalTypes\CircleCollider.h(15,35): warning C4244: "return": konwersja z "float" do "int", możliwa utrata danych
  (kompilowanie pliku źródłowego „src/GameObjects/AddisionalTypes/Collider.cpp”)
  
C:\Users\Szymek\Desktop\Github\GameEngine2D_Engineer\GameEngine2D_Engineer\src\GameObjects\AddisionalTypes\Collider.cpp(245,7): warning C4305: "=": obcięcie z "int" do "float"
C:\Users\Szymek\Desktop\Github\GameEngine2D_Engineer\GameEngine2D_Engineer\src\GameObjects\AddisionalTypes\Collider.cpp(304,13): warning C4244: "return": konwersja z "double" do "float", możliwa utrata danych
C:\Users\Szymek\Desktop\Github\GameEngine2D_Engineer\GameEngine2D_Engineer\src\GameObjects\AddisionalTypes\Collider.cpp(311,12): warning C4244: "inicjowanie": konwersja z "double" do "float", możliwa utrata danych
  HitAble.cpp
C:\Users\Szymek\Desktop\Github\GameEngine2D_Engineer\GameEngine2D_Engineer\src\GameObjects\ItemFactory.h(79,37): warning C4267: "return": konwersja z "size_t" do "int", możliwa utrata danych
  (kompilowanie pliku źródłowego „src/GameObjects/AddisionalTypes/HitAble.cpp”)
  
C:\Users\Szymek\Desktop\Github\GameEngine2D_Engineer\GameEngine2D_Engineer\src\GameObjects\AddisionalTypes\CircleCollider.h(15,35): warning C4244: "return": konwersja z "float" do "int", możliwa utrata danych
  (kompilowanie pliku źródłowego „src/GameObjects/AddisionalTypes/HitAble.cpp”)
  
C:\Users\Szymek\Desktop\Github\GameEngine2D_Engineer\GameEngine2D_Engineer\src\GameObjects\AddisionalTypes\HitAble.cpp(13,16): warning C4244: "=": konwersja z "int" do "float", możliwa utrata danych
C:\Users\Szymek\Desktop\Github\GameEngine2D_Engineer\GameEngine2D_Engineer\src\GameObjects\AddisionalTypes\HitAble.cpp(14,13): warning C4244: "=": konwersja z "int" do "float", możliwa utrata danych
C:\Users\Szymek\Desktop\Github\GameEngine2D_Engineer\GameEngine2D_Engineer\src\GameObjects\AddisionalTypes\HitAble.cpp(25,57): warning C4244: "argument": konwersja z "float" do "int", możliwa utrata danych
C:\Users\Szymek\Desktop\Github\GameEngine2D_Engineer\GameEngine2D_Engineer\src\GameObjects\AddisionalTypes\HitAble.cpp(25,45): warning C4244: "argument": konwersja z "float" do "int", możliwa utrata danych
C:\Users\Szymek\Desktop\Github\GameEngine2D_Engineer\GameEngine2D_Engineer\src\GameObjects\AddisionalTypes\HitAble.cpp(25,26): warning C4244: "argument": konwersja z "float" do "int", możliwa utrata danych
C:\Users\Szymek\Desktop\Github\GameEngine2D_Engineer\GameEngine2D_Engineer\src\GameObjects\AddisionalTypes\HitAble.cpp(25,19): warning C4244: "argument": konwersja z "float" do "int", możliwa utrata danych
  LinesCollider.cpp
C:\Users\Szymek\Desktop\Github\GameEngine2D_Engineer\GameEngine2D_Engineer\src\GameObjects\ItemFactory.h(79,37): warning C4267: "return": konwersja z "size_t" do "int", możliwa utrata danych
  (kompilowanie pliku źródłowego „src/GameObjects/AddisionalTypes/LinesCollider.cpp”)
  
C:\Users\Szymek\Desktop\Github\GameEngine2D_Engineer\GameEngine2D_Engineer\src\GameObjects\AddisionalTypes\CircleCollider.h(15,35): warning C4244: "return": konwersja z "float" do "int", możliwa utrata danych
  (kompilowanie pliku źródłowego „src/GameObjects/AddisionalTypes/LinesCollider.cpp”)
  
C:\Users\Szymek\Desktop\Github\GameEngine2D_Engineer\GameEngine2D_Engineer\src\GameObjects\AddisionalTypes\LinesCollider.cpp(206,11): warning C4244: "inicjowanie": konwersja z "int" do "float", możliwa utrata danych
  Shop.cpp
C:\Users\Szymek\Desktop\Github\GameEngine2D_Engineer\GameEngine2D_Engineer\src\GameObjects\AddisionalTypes\Shop.h(22,53): warning C4244: "inicjowanie": konwersja z "float" do "const int", możliwa utrata danych
  (kompilowanie pliku źródłowego „src/GameObjects/AddisionalTypes/Shop.cpp”)
  
C:\Users\Szymek\Desktop\Github\GameEngine2D_Engineer\GameEngine2D_Engineer\src\GameObjects\ItemFactory.h(79,37): warning C4267: "return": konwersja z "size_t" do "int", możliwa utrata danych
  (kompilowanie pliku źródłowego „src/GameObjects/AddisionalTypes/Shop.cpp”)
  
C:\Users\Szymek\Desktop\Github\GameEngine2D_Engineer\GameEngine2D_Engineer\src\GameObjects\AddisionalTypes\CircleCollider.h(15,35): warning C4244: "return": konwersja z "float" do "int", możliwa utrata danych
  (kompilowanie pliku źródłowego „src/GameObjects/AddisionalTypes/Shop.cpp”)
  
C:\Users\Szymek\Desktop\Github\GameEngine2D_Engineer\GameEngine2D_Engineer\src\GameObjects\AddisionalTypes\Shop.cpp(84,7): warning C4244: "+=": konwersja z "const float" do "int", możliwa utrata danych
C:\Users\Szymek\Desktop\Github\GameEngine2D_Engineer\GameEngine2D_Engineer\src\GameObjects\AddisionalTypes\Shop.cpp(110,13): warning C4267: "inicjowanie": konwersja z "size_t" do "int", możliwa utrata danych
C:\Users\Szymek\Desktop\Github\GameEngine2D_Engineer\GameEngine2D_Engineer\src\GameObjects\AddisionalTypes\Shop.cpp(113,27): warning C4838: konwersja z „int” do „float” wymaga konwersji zawężającej
C:\Users\Szymek\Desktop\Github\GameEngine2D_Engineer\GameEngine2D_Engineer\src\GameObjects\AddisionalTypes\Shop.cpp(113,27): warning C4244: "inicjowanie": konwersja z "int" do "float", możliwa utrata danych
C:\Users\Szymek\Desktop\Github\GameEngine2D_Engineer\GameEngine2D_Engineer\src\GameObjects\AddisionalTypes\Shop.cpp(113,29): warning C4838: konwersja z „int” do „float” wymaga konwersji zawężającej
C:\Users\Szymek\Desktop\Github\GameEngine2D_Engineer\GameEngine2D_Engineer\src\GameObjects\AddisionalTypes\Shop.cpp(113,29): warning C4244: "inicjowanie": konwersja z "int" do "float", możliwa utrata danych
C:\Users\Szymek\Desktop\Github\GameEngine2D_Engineer\GameEngine2D_Engineer\src\GameObjects\AddisionalTypes\Shop.cpp(117,30): warning C4244: "argument": konwersja z "float" do "int", możliwa utrata danych
C:\Users\Szymek\Desktop\Github\GameEngine2D_Engineer\GameEngine2D_Engineer\src\GameObjects\AddisionalTypes\Shop.cpp(119,7): warning C4244: "+=": konwersja z "const float" do "int", możliwa utrata danych
C:\Users\Szymek\Desktop\Github\GameEngine2D_Engineer\GameEngine2D_Engineer\src\GameObjects\AddisionalTypes\Shop.cpp(129,107): warning C4244: "argument": konwersja z "float" do "int", możliwa utrata danych
C:\Users\Szymek\Desktop\Github\GameEngine2D_Engineer\GameEngine2D_Engineer\src\GameObjects\AddisionalTypes\Shop.cpp(129,91): warning C4244: "argument": konwersja z "float" do "int", możliwa utrata danych
C:\Users\Szymek\Desktop\Github\GameEngine2D_Engineer\GameEngine2D_Engineer\src\GameObjects\AddisionalTypes\Shop.cpp(140,60): warning C4244: "argument": konwersja z "float" do "int", możliwa utrata danych
C:\Users\Szymek\Desktop\Github\GameEngine2D_Engineer\GameEngine2D_Engineer\src\GameObjects\AddisionalTypes\Shop.cpp(140,43): warning C4244: "argument": konwersja z "float" do "int", możliwa utrata danych
  BlockFactory.cpp
C:\Users\Szymek\Desktop\Github\GameEngine2D_Engineer\GameEngine2D_Engineer\src\GameObjects\ItemFactory.h(79,37): warning C4267: "return": konwersja z "size_t" do "int", możliwa utrata danych
  (kompilowanie pliku źródłowego „src/GameObjects/BlockFactory.cpp”)
  
C:\Users\Szymek\Desktop\Github\GameEngine2D_Engineer\GameEngine2D_Engineer\src\GameObjects\AddisionalTypes\CircleCollider.h(15,35): warning C4244: "return": konwersja z "float" do "int", możliwa utrata danych
  (kompilowanie pliku źródłowego „src/GameObjects/BlockFactory.cpp”)
  
C:\Users\Szymek\Desktop\Github\GameEngine2D_Engineer\GameEngine2D_Engineer\src\GameObjects\BlockFactory.h(36,37): warning C4267: "return": konwersja z "size_t" do "int", możliwa utrata danych
  (kompilowanie pliku źródłowego „src/GameObjects/BlockFactory.cpp”)
  
  Block.cpp
C:\Users\Szymek\Desktop\Github\GameEngine2D_Engineer\GameEngine2D_Engineer\src\GameObjects\ItemFactory.h(79,37): warning C4267: "return": konwersja z "size_t" do "int", możliwa utrata danych
  (kompilowanie pliku źródłowego „src/GameObjects/Blocks/Block.cpp”)
  
C:\Users\Szymek\Desktop\Github\GameEngine2D_Engineer\GameEngine2D_Engineer\src\GameObjects\AddisionalTypes\CircleCollider.h(15,35): warning C4244: "return": konwersja z "float" do "int", możliwa utrata danych
  (kompilowanie pliku źródłowego „src/GameObjects/Blocks/Block.cpp”)
  
C:\Users\Szymek\Desktop\Github\GameEngine2D_Engineer\GameEngine2D_Engineer\src\GameObjects\BlockFactory.h(36,37): warning C4267: "return": konwersja z "size_t" do "int", możliwa utrata danych
  (kompilowanie pliku źródłowego „src/GameObjects/Blocks/Block.cpp”)
  
C:\Users\Szymek\Desktop\Github\GameEngine2D_Engineer\GameEngine2D_Engineer\src\GameObjects\Blocks\Block.cpp(19,47): warning C4244: "=": konwersja z "int" do "float", możliwa utrata danych
C:\Users\Szymek\Desktop\Github\GameEngine2D_Engineer\GameEngine2D_Engineer\src\GameObjects\Blocks\Block.cpp(20,49): warning C4244: "=": konwersja z "int" do "float", możliwa utrata danych
C:\Users\Szymek\Desktop\Github\GameEngine2D_Engineer\GameEngine2D_Engineer\src\GameObjects\Blocks\Block.cpp(91,13): warning C4244: "inicjowanie": konwersja z "int" do "float", możliwa utrata danych
  Enemy.cpp
C:\Users\Szymek\Desktop\Github\GameEngine2D_Engineer\GameEngine2D_Engineer\src\GameObjects\ItemFactory.h(79,37): warning C4267: "return": konwersja z "size_t" do "int", możliwa utrata danych
  (kompilowanie pliku źródłowego „src/GameObjects/Enemy/Enemy.cpp”)
  
C:\Users\Szymek\Desktop\Github\GameEngine2D_Engineer\GameEngine2D_Engineer\src\GameObjects\AddisionalTypes\CircleCollider.h(15,35): warning C4244: "return": konwersja z "float" do "int", możliwa utrata danych
  (kompilowanie pliku źródłowego „src/GameObjects/Enemy/Enemy.cpp”)
  
C:\Users\Szymek\Desktop\Github\GameEngine2D_Engineer\GameEngine2D_Engineer\src\GameObjects\Enemy\Enemy.cpp(33,59): warning C4244: "argument": konwersja z "float" do "int", możliwa utrata danych
C:\Users\Szymek\Desktop\Github\GameEngine2D_Engineer\GameEngine2D_Engineer\src\GameObjects\Enemy\Enemy.cpp(33,48): warning C4244: "argument": konwersja z "float" do "int", możliwa utrata danych
C:\Users\Szymek\Desktop\Github\GameEngine2D_Engineer\GameEngine2D_Engineer\src\GameObjects\Enemy\Enemy.cpp(33,38): warning C4244: "argument": konwersja z "float" do "int", możliwa utrata danych
C:\Users\Szymek\Desktop\Github\GameEngine2D_Engineer\GameEngine2D_Engineer\src\GameObjects\Enemy\Enemy.cpp(33,31): warning C4244: "argument": konwersja z "float" do "int", możliwa utrata danych
C:\Users\Szymek\Desktop\Github\GameEngine2D_Engineer\GameEngine2D_Engineer\src\GameObjects\Enemy\Enemy.cpp(239,13): warning C4244: "return": konwersja z "double" do "float", możliwa utrata danych
  GameObject.cpp
C:\Users\Szymek\Desktop\Github\GameEngine2D_Engineer\GameEngine2D_Engineer\src\GameObjects\ItemFactory.h(79,37): warning C4267: "return": konwersja z "size_t" do "int", możliwa utrata danych
  (kompilowanie pliku źródłowego „src/GameObjects/GameObject.cpp”)
  
C:\Users\Szymek\Desktop\Github\GameEngine2D_Engineer\GameEngine2D_Engineer\src\GameObjects\AddisionalTypes\CircleCollider.h(15,35): warning C4244: "return": konwersja z "float" do "int", możliwa utrata danych
  (kompilowanie pliku źródłowego „src/GameObjects/GameObject.cpp”)
  
C:\Users\Szymek\Desktop\Github\GameEngine2D_Engineer\GameEngine2D_Engineer\src\GameObjects\BlockFactory.h(36,37): warning C4267: "return": konwersja z "size_t" do "int", możliwa utrata danych
  (kompilowanie pliku źródłowego „src/GameObjects/GameObject.cpp”)
  
C:\Users\Szymek\Desktop\Github\GameEngine2D_Engineer\GameEngine2D_Engineer\src\GameObjects\EnemyFactory.h(18,37): warning C4267: "return": konwersja z "size_t" do "int", możliwa utrata danych
  (kompilowanie pliku źródłowego „src/GameObjects/GameObject.cpp”)
  
C:\Users\Szymek\Desktop\Github\GameEngine2D_Engineer\GameEngine2D_Engineer\src\GameObjects\AddisionalTypes\Shop.h(22,53): warning C4244: "inicjowanie": konwersja z "float" do "const int", możliwa utrata danych
  (kompilowanie pliku źródłowego „src/GameObjects/GameObject.cpp”)
  
C:\Users\Szymek\Desktop\Github\GameEngine2D_Engineer\GameEngine2D_Engineer\src\GameObjects\NPCFactory.h(18,37): warning C4267: "return": konwersja z "size_t" do "int", możliwa utrata danych
  (kompilowanie pliku źródłowego „src/GameObjects/GameObject.cpp”)
  
C:\Users\Szymek\Desktop\Github\GameEngine2D_Engineer\GameEngine2D_Engineer\src\GameObjects\GameObject.cpp(137,8): warning C4244: "inicjowanie": konwersja z "float" do "int", możliwa utrata danych
C:\Users\Szymek\Desktop\Github\GameEngine2D_Engineer\GameEngine2D_Engineer\src\GameObjects\GameObject.cpp(143,8): warning C4244: "inicjowanie": konwersja z "float" do "int", możliwa utrata danych
  ItemFactory.cpp
C:\Users\Szymek\Desktop\Github\GameEngine2D_Engineer\GameEngine2D_Engineer\src\GameObjects\ItemFactory.h(79,37): warning C4267: "return": konwersja z "size_t" do "int", możliwa utrata danych
  (kompilowanie pliku źródłowego „src/GameObjects/ItemFactory.cpp”)
  
C:\Users\Szymek\Desktop\Github\GameEngine2D_Engineer\GameEngine2D_Engineer\src\GameObjects\AddisionalTypes\CircleCollider.h(15,35): warning C4244: "return": konwersja z "float" do "int", możliwa utrata danych
  (kompilowanie pliku źródłowego „src/GameObjects/ItemFactory.cpp”)
  
C:\Users\Szymek\Desktop\Github\GameEngine2D_Engineer\GameEngine2D_Engineer\src\GameObjects\Items\Tool\ToolItem.h(15,28): warning C4305: "inicjowanie": obcięcie z "double" do "float"
  (kompilowanie pliku źródłowego „src/GameObjects/ItemFactory.cpp”)
  
  PlaceItem.cpp
C:\Users\Szymek\Desktop\Github\GameEngine2D_Engineer\GameEngine2D_Engineer\src\GameObjects\ItemFactory.h(79,37): warning C4267: "return": konwersja z "size_t" do "int", możliwa utrata danych
  (kompilowanie pliku źródłowego „src/GameObjects/Items/PlaceItem.cpp”)
  
C:\Users\Szymek\Desktop\Github\GameEngine2D_Engineer\GameEngine2D_Engineer\src\GameObjects\AddisionalTypes\CircleCollider.h(15,35): warning C4244: "return": konwersja z "float" do "int", możliwa utrata danych
  (kompilowanie pliku źródłowego „src/GameObjects/Items/PlaceItem.cpp”)
  
C:\Users\Szymek\Desktop\Github\GameEngine2D_Engineer\GameEngine2D_Engineer\src\GameObjects\Items\PlaceItem.cpp(27,21): warning C4244: "=": konwersja z "float" do "int", możliwa utrata danych
C:\Users\Szymek\Desktop\Github\GameEngine2D_Engineer\GameEngine2D_Engineer\src\GameObjects\Items\PlaceItem.cpp(28,21): warning C4244: "=": konwersja z "float" do "int", możliwa utrata danych
C:\Users\Szymek\Desktop\Github\GameEngine2D_Engineer\GameEngine2D_Engineer\src\GameObjects\Items\PlaceItem.cpp(29,58): warning C4244: "argument": konwersja z "float" do "int", możliwa utrata danych
C:\Users\Szymek\Desktop\Github\GameEngine2D_Engineer\GameEngine2D_Engineer\src\GameObjects\Items\PlaceItem.cpp(29,45): warning C4244: "argument": konwersja z "float" do "int", możliwa utrata danych
C:\Users\Szymek\Desktop\Github\GameEngine2D_Engineer\GameEngine2D_Engineer\src\GameObjects\Items\PlaceItem.cpp(96,21): warning C4244: "=": konwersja z "float" do "int", możliwa utrata danych
C:\Users\Szymek\Desktop\Github\GameEngine2D_Engineer\GameEngine2D_Engineer\src\GameObjects\Items\PlaceItem.cpp(97,21): warning C4244: "=": konwersja z "float" do "int", możliwa utrata danych
C:\Users\Szymek\Desktop\Github\GameEngine2D_Engineer\GameEngine2D_Engineer\src\GameObjects\Items\PlaceItem.cpp(115,16): warning C4244: "=": konwersja z "int" do "float", możliwa utrata danych
C:\Users\Szymek\Desktop\Github\GameEngine2D_Engineer\GameEngine2D_Engineer\src\GameObjects\Items\PlaceItem.cpp(118,16): warning C4244: "=": konwersja z "int" do "float", możliwa utrata danych
  ToolItem.cpp
C:\Users\Szymek\Desktop\Github\GameEngine2D_Engineer\GameEngine2D_Engineer\src\GameObjects\ItemFactory.h(79,37): warning C4267: "return": konwersja z "size_t" do "int", możliwa utrata danych
  (kompilowanie pliku źródłowego „src/GameObjects/Items/Tool/ToolItem.cpp”)
  
C:\Users\Szymek\Desktop\Github\GameEngine2D_Engineer\GameEngine2D_Engineer\src\GameObjects\AddisionalTypes\CircleCollider.h(15,35): warning C4244: "return": konwersja z "float" do "int", możliwa utrata danych
  (kompilowanie pliku źródłowego „src/GameObjects/Items/Tool/ToolItem.cpp”)
  
C:\Users\Szymek\Desktop\Github\GameEngine2D_Engineer\GameEngine2D_Engineer\src\GameObjects\Items\Tool\ToolItem.h(15,28): warning C4305: "inicjowanie": obcięcie z "double" do "float"
  (kompilowanie pliku źródłowego „src/GameObjects/Items/Tool/ToolItem.cpp”)
  
C:\Users\Szymek\Desktop\Github\GameEngine2D_Engineer\GameEngine2D_Engineer\src\GameObjects\BlockFactory.h(36,37): warning C4267: "return": konwersja z "size_t" do "int", możliwa utrata danych
  (kompilowanie pliku źródłowego „src/GameObjects/Items/Tool/ToolItem.cpp”)
  
C:\Users\Szymek\Desktop\Github\GameEngine2D_Engineer\GameEngine2D_Engineer\src\GameObjects\Items\Tool\ToolItem.cpp(221,59): warning C4244: "argument": konwersja z "float" do "int", możliwa utrata danych
C:\Users\Szymek\Desktop\Github\GameEngine2D_Engineer\GameEngine2D_Engineer\src\GameObjects\Items\Tool\ToolItem.cpp(221,33): warning C4244: "argument": konwersja z "float" do "int", możliwa utrata danych
C:\Users\Szymek\Desktop\Github\GameEngine2D_Engineer\GameEngine2D_Engineer\src\GameObjects\Items\Tool\ToolItem.cpp(221,26): warning C4244: "argument": konwersja z "float" do "int", możliwa utrata danych
C:\Users\Szymek\Desktop\Github\GameEngine2D_Engineer\GameEngine2D_Engineer\src\GameObjects\Items\Tool\ToolItem.cpp(221,19): warning C4244: "argument": konwersja z "float" do "int", możliwa utrata danych
  Bow.cpp
C:\Users\Szymek\Desktop\Github\GameEngine2D_Engineer\GameEngine2D_Engineer\src\GameObjects\ItemFactory.h(79,37): warning C4267: "return": konwersja z "size_t" do "int", możliwa utrata danych
  (kompilowanie pliku źródłowego „src/GameObjects/Items/Weapon/Bow.cpp”)
  
C:\Users\Szymek\Desktop\Github\GameEngine2D_Engineer\GameEngine2D_Engineer\src\GameObjects\AddisionalTypes\CircleCollider.h(15,35): warning C4244: "return": konwersja z "float" do "int", możliwa utrata danych
  (kompilowanie pliku źródłowego „src/GameObjects/Items/Weapon/Bow.cpp”)
  
C:\Users\Szymek\Desktop\Github\GameEngine2D_Engineer\GameEngine2D_Engineer\src\GameObjects\Items\Weapon\Bow.cpp(90,92): warning C4244: "argument": konwersja z "float" do "int", możliwa utrata danych
C:\Users\Szymek\Desktop\Github\GameEngine2D_Engineer\GameEngine2D_Engineer\src\GameObjects\Items\Weapon\Bow.cpp(96,45): warning C4838: konwersja z „int” do „float” wymaga konwersji zawężającej
C:\Users\Szymek\Desktop\Github\GameEngine2D_Engineer\GameEngine2D_Engineer\src\GameObjects\Items\Weapon\Bow.cpp(96,45): warning C4244: "inicjowanie": konwersja z "int" do "float", możliwa utrata danych
C:\Users\Szymek\Desktop\Github\GameEngine2D_Engineer\GameEngine2D_Engineer\src\GameObjects\Items\Weapon\Bow.cpp(96,68): warning C4838: konwersja z „int” do „float” wymaga konwersji zawężającej
C:\Users\Szymek\Desktop\Github\GameEngine2D_Engineer\GameEngine2D_Engineer\src\GameObjects\Items\Weapon\Bow.cpp(96,68): warning C4244: "inicjowanie": konwersja z "int" do "float", możliwa utrata danych
  ParticleSystem.cpp
C:\Users\Szymek\Desktop\Github\GameEngine2D_Engineer\GameEngine2D_Engineer\src\GameObjects\ItemFactory.h(79,37): warning C4267: "return": konwersja z "size_t" do "int", możliwa utrata danych
  (kompilowanie pliku źródłowego „src/GameObjects/Particles/ParticleSystem.cpp”)
  
C:\Users\Szymek\Desktop\Github\GameEngine2D_Engineer\GameEngine2D_Engineer\src\GameObjects\AddisionalTypes\CircleCollider.h(15,35): warning C4244: "return": konwersja z "float" do "int", możliwa utrata danych
  (kompilowanie pliku źródłowego „src/GameObjects/Particles/ParticleSystem.cpp”)
  
C:\Users\Szymek\Desktop\Github\GameEngine2D_Engineer\GameEngine2D_Engineer\src\GameObjects\Particles\ParticleSystem.cpp(49,10): warning C4244: "inicjowanie": konwersja z "float" do "int", możliwa utrata danych
  TextParticle.cpp
C:\Users\Szymek\Desktop\Github\GameEngine2D_Engineer\GameEngine2D_Engineer\src\GameObjects\ItemFactory.h(79,37): warning C4267: "return": konwersja z "size_t" do "int", możliwa utrata danych
  (kompilowanie pliku źródłowego „src/GameObjects/Particles/TextParticle.cpp”)
  
C:\Users\Szymek\Desktop\Github\GameEngine2D_Engineer\GameEngine2D_Engineer\src\GameObjects\AddisionalTypes\CircleCollider.h(15,35): warning C4244: "return": konwersja z "float" do "int", możliwa utrata danych
  (kompilowanie pliku źródłowego „src/GameObjects/Particles/TextParticle.cpp”)
  
C:\Users\Szymek\Desktop\Github\GameEngine2D_Engineer\GameEngine2D_Engineer\src\GameObjects\Particles\TextParticle.cpp(34,25): warning C4244: "=": konwersja z "float" do "unsigned char", możliwa utrata danych
C:\Users\Szymek\Desktop\Github\GameEngine2D_Engineer\GameEngine2D_Engineer\src\GameObjects\Particles\TextParticle.cpp(35,26): warning C4244: "=": konwersja z "float" do "unsigned char", możliwa utrata danych
C:\Users\Szymek\Desktop\Github\GameEngine2D_Engineer\GameEngine2D_Engineer\src\GameObjects\Particles\TextParticle.cpp(36,74): warning C4244: "argument": konwersja z "float" do "int", możliwa utrata danych
C:\Users\Szymek\Desktop\Github\GameEngine2D_Engineer\GameEngine2D_Engineer\src\GameObjects\Particles\TextParticle.cpp(36,63): warning C4244: "argument": konwersja z "float" do "int", możliwa utrata danych
  Eq.cpp
C:\Users\Szymek\Desktop\Github\GameEngine2D_Engineer\GameEngine2D_Engineer\src\GameObjects\ItemFactory.h(79,37): warning C4267: "return": konwersja z "size_t" do "int", możliwa utrata danych
  (kompilowanie pliku źródłowego „src/GameObjects/Player/Eq.cpp”)
  
C:\Users\Szymek\Desktop\Github\GameEngine2D_Engineer\GameEngine2D_Engineer\src\GameObjects\AddisionalTypes\CircleCollider.h(15,35): warning C4244: "return": konwersja z "float" do "int", możliwa utrata danych
  (kompilowanie pliku źródłowego „src/GameObjects/Player/Eq.cpp”)
  
C:\Users\Szymek\Desktop\Github\GameEngine2D_Engineer\GameEngine2D_Engineer\src\GameObjects\AddisionalTypes\Shop.h(22,53): warning C4244: "inicjowanie": konwersja z "float" do "const int", możliwa utrata danych
  (kompilowanie pliku źródłowego „src/GameObjects/Player/Eq.cpp”)
  
C:\Users\Szymek\Desktop\Github\GameEngine2D_Engineer\GameEngine2D_Engineer\src\GameObjects\Player\Eq.cpp(249,8): warning C4244: "inicjowanie": konwersja z "float" do "int", możliwa utrata danych
C:\Users\Szymek\Desktop\Github\GameEngine2D_Engineer\GameEngine2D_Engineer\src\GameObjects\Player\Eq.cpp(250,8): warning C4244: "inicjowanie": konwersja z "float" do "int", możliwa utrata danych
C:\Users\Szymek\Desktop\Github\GameEngine2D_Engineer\GameEngine2D_Engineer\src\GameObjects\Player\Eq.cpp(277,64): warning C4838: konwersja z „int” do „float” wymaga konwersji zawężającej
C:\Users\Szymek\Desktop\Github\GameEngine2D_Engineer\GameEngine2D_Engineer\src\GameObjects\Player\Eq.cpp(277,64): warning C4244: "inicjowanie": konwersja z "int" do "float", możliwa utrata danych
C:\Users\Szymek\Desktop\Github\GameEngine2D_Engineer\GameEngine2D_Engineer\src\GameObjects\Player\Eq.cpp(278,41): warning C4838: konwersja z „int” do „float” wymaga konwersji zawężającej
C:\Users\Szymek\Desktop\Github\GameEngine2D_Engineer\GameEngine2D_Engineer\src\GameObjects\Player\Eq.cpp(278,41): warning C4244: "inicjowanie": konwersja z "int" do "float", możliwa utrata danych
C:\Users\Szymek\Desktop\Github\GameEngine2D_Engineer\GameEngine2D_Engineer\src\GameObjects\Player\Eq.cpp(288,104): warning C4244: "argument": konwersja z "float" do "int", możliwa utrata danych
C:\Users\Szymek\Desktop\Github\GameEngine2D_Engineer\GameEngine2D_Engineer\src\GameObjects\Player\Eq.cpp(288,63): warning C4244: "argument": konwersja z "float" do "int", możliwa utrata danych
C:\Users\Szymek\Desktop\Github\GameEngine2D_Engineer\GameEngine2D_Engineer\src\GameObjects\Player\Eq.cpp(291,81): warning C4244: "argument": konwersja z "float" do "int", możliwa utrata danych
C:\Users\Szymek\Desktop\Github\GameEngine2D_Engineer\GameEngine2D_Engineer\src\GameObjects\Player\Eq.cpp(291,68): warning C4244: "argument": konwersja z "float" do "int", możliwa utrata danych
C:\Users\Szymek\Desktop\Github\GameEngine2D_Engineer\GameEngine2D_Engineer\src\GameObjects\Player\Eq.cpp(303,78): warning C4244: "argument": konwersja z "float" do "int", możliwa utrata danych
C:\Users\Szymek\Desktop\Github\GameEngine2D_Engineer\GameEngine2D_Engineer\src\GameObjects\Player\Eq.cpp(303,49): warning C4244: "argument": konwersja z "float" do "int", możliwa utrata danych
C:\Users\Szymek\Desktop\Github\GameEngine2D_Engineer\GameEngine2D_Engineer\src\GameObjects\Player\Eq.cpp(315,72): warning C4838: konwersja z „int” do „float” wymaga konwersji zawężającej
C:\Users\Szymek\Desktop\Github\GameEngine2D_Engineer\GameEngine2D_Engineer\src\GameObjects\Player\Eq.cpp(315,72): warning C4244: "inicjowanie": konwersja z "int" do "float", możliwa utrata danych
C:\Users\Szymek\Desktop\Github\GameEngine2D_Engineer\GameEngine2D_Engineer\src\GameObjects\Player\Eq.cpp(316,46): warning C4838: konwersja z „int” do „float” wymaga konwersji zawężającej
C:\Users\Szymek\Desktop\Github\GameEngine2D_Engineer\GameEngine2D_Engineer\src\GameObjects\Player\Eq.cpp(316,46): warning C4244: "inicjowanie": konwersja z "int" do "float", możliwa utrata danych
C:\Users\Szymek\Desktop\Github\GameEngine2D_Engineer\GameEngine2D_Engineer\src\GameObjects\Player\Eq.cpp(319,10): warning C4244: "inicjowanie": konwersja z "float" do "int", możliwa utrata danych
C:\Users\Szymek\Desktop\Github\GameEngine2D_Engineer\GameEngine2D_Engineer\src\GameObjects\Player\Eq.cpp(320,10): warning C4244: "inicjowanie": konwersja z "float" do "int", możliwa utrata danych
  MiniMap.cpp
C:\Users\Szymek\Desktop\Github\GameEngine2D_Engineer\GameEngine2D_Engineer\src\GameObjects\ItemFactory.h(79,37): warning C4267: "return": konwersja z "size_t" do "int", możliwa utrata danych
  (kompilowanie pliku źródłowego „src/GameObjects/Player/MiniMap.cpp”)
  
C:\Users\Szymek\Desktop\Github\GameEngine2D_Engineer\GameEngine2D_Engineer\src\GameObjects\AddisionalTypes\CircleCollider.h(15,35): warning C4244: "return": konwersja z "float" do "int", możliwa utrata danych
  (kompilowanie pliku źródłowego „src/GameObjects/Player/MiniMap.cpp”)
  
C:\Users\Szymek\Desktop\Github\GameEngine2D_Engineer\GameEngine2D_Engineer\src\GameObjects\Player\MiniMap.cpp(22,37): warning C4838: konwersja z „int” do „float” wymaga konwersji zawężającej
C:\Users\Szymek\Desktop\Github\GameEngine2D_Engineer\GameEngine2D_Engineer\src\GameObjects\Player\MiniMap.cpp(22,37): warning C4244: "inicjowanie": konwersja z "int" do "float", możliwa utrata danych
C:\Users\Szymek\Desktop\Github\GameEngine2D_Engineer\GameEngine2D_Engineer\src\GameObjects\Player\MiniMap.cpp(23,54): warning C4244: "argument": konwersja z "float" do "int", możliwa utrata danych
C:\Users\Szymek\Desktop\Github\GameEngine2D_Engineer\GameEngine2D_Engineer\src\GameObjects\Player\MiniMap.cpp(23,41): warning C4244: "argument": konwersja z "float" do "int", możliwa utrata danych
C:\Users\Szymek\Desktop\Github\GameEngine2D_Engineer\GameEngine2D_Engineer\src\GameObjects\Player\MiniMap.cpp(23,29): warning C4244: "argument": konwersja z "float" do "int", możliwa utrata danych
C:\Users\Szymek\Desktop\Github\GameEngine2D_Engineer\GameEngine2D_Engineer\src\GameObjects\Player\MiniMap.cpp(23,21): warning C4244: "argument": konwersja z "float" do "int", możliwa utrata danych
C:\Users\Szymek\Desktop\Github\GameEngine2D_Engineer\GameEngine2D_Engineer\src\GameObjects\Player\MiniMap.cpp(27,27): warning C4244: "argument": konwersja z "float" do "int", możliwa utrata danych
C:\Users\Szymek\Desktop\Github\GameEngine2D_Engineer\GameEngine2D_Engineer\src\GameObjects\Player\MiniMap.cpp(27,18): warning C4244: "argument": konwersja z "float" do "int", możliwa utrata danych
  Player.cpp
C:\Users\Szymek\Desktop\Github\GameEngine2D_Engineer\GameEngine2D_Engineer\src\GameObjects\ItemFactory.h(79,37): warning C4267: "return": konwersja z "size_t" do "int", możliwa utrata danych
  (kompilowanie pliku źródłowego „src/GameObjects/Player/Player.cpp”)
  
C:\Users\Szymek\Desktop\Github\GameEngine2D_Engineer\GameEngine2D_Engineer\src\GameObjects\AddisionalTypes\CircleCollider.h(15,35): warning C4244: "return": konwersja z "float" do "int", możliwa utrata danych
  (kompilowanie pliku źródłowego „src/GameObjects/Player/Player.cpp”)
  
C:\Users\Szymek\Desktop\Github\GameEngine2D_Engineer\GameEngine2D_Engineer\src\GameObjects\AddisionalTypes\Shop.h(22,53): warning C4244: "inicjowanie": konwersja z "float" do "const int", możliwa utrata danych
  (kompilowanie pliku źródłowego „src/GameObjects/Player/Player.cpp”)
  
C:\Users\Szymek\Desktop\Github\GameEngine2D_Engineer\GameEngine2D_Engineer\src\GameObjects\Player\Player.cpp(223,13): warning C4244: "inicjowanie": konwersja z "double" do "float", możliwa utrata danych
C:\Users\Szymek\Desktop\Github\GameEngine2D_Engineer\GameEngine2D_Engineer\src\GameObjects\Player\Player.cpp(346,82): warning C4244: "argument": konwersja z "float" do "int", możliwa utrata danych
C:\Users\Szymek\Desktop\Github\GameEngine2D_Engineer\GameEngine2D_Engineer\src\GameObjects\Player\Player.cpp(346,75): warning C4244: "argument": konwersja z "float" do "int", możliwa utrata danych
C:\Users\Szymek\Desktop\Github\GameEngine2D_Engineer\GameEngine2D_Engineer\src\GameObjects\Player\Player.cpp(359,14): warning C4244: "inicjowanie": konwersja z "float" do "int", możliwa utrata danych
  Projectal.cpp
C:\Users\Szymek\Desktop\Github\GameEngine2D_Engineer\GameEngine2D_Engineer\src\GameObjects\ItemFactory.h(79,37): warning C4267: "return": konwersja z "size_t" do "int", możliwa utrata danych
  (kompilowanie pliku źródłowego „src/GameObjects/Projectals/Projectal.cpp”)
  
C:\Users\Szymek\Desktop\Github\GameEngine2D_Engineer\GameEngine2D_Engineer\src\GameObjects\AddisionalTypes\CircleCollider.h(15,35): warning C4244: "return": konwersja z "float" do "int", możliwa utrata danych
  (kompilowanie pliku źródłowego „src/GameObjects/Projectals/Projectal.cpp”)
  
  Rock.cpp
C:\Users\Szymek\Desktop\Github\GameEngine2D_Engineer\GameEngine2D_Engineer\src\GameObjects\ItemFactory.h(79,37): warning C4267: "return": konwersja z "size_t" do "int", możliwa utrata danych
  (kompilowanie pliku źródłowego „src/GameObjects/Structures/Rock.cpp”)
  
C:\Users\Szymek\Desktop\Github\GameEngine2D_Engineer\GameEngine2D_Engineer\src\GameObjects\AddisionalTypes\CircleCollider.h(15,35): warning C4244: "return": konwersja z "float" do "int", możliwa utrata danych
  (kompilowanie pliku źródłowego „src/GameObjects/Structures/Rock.cpp”)
  
C:\Users\Szymek\Desktop\Github\GameEngine2D_Engineer\GameEngine2D_Engineer\src\GameObjects\Structures\Rock.cpp(34,69): warning C4244: "argument": konwersja z "float" do "int", możliwa utrata danych
C:\Users\Szymek\Desktop\Github\GameEngine2D_Engineer\GameEngine2D_Engineer\src\GameObjects\Structures\Rock.cpp(34,57): warning C4244: "argument": konwersja z "float" do "int", możliwa utrata danych
C:\Users\Szymek\Desktop\Github\GameEngine2D_Engineer\GameEngine2D_Engineer\src\GameObjects\Structures\Rock.cpp(56,18): warning C4305: "inicjowanie": obcięcie z "double" do "float"
  Structure.cpp
C:\Users\Szymek\Desktop\Github\GameEngine2D_Engineer\GameEngine2D_Engineer\src\GameObjects\ItemFactory.h(79,37): warning C4267: "return": konwersja z "size_t" do "int", możliwa utrata danych
  (kompilowanie pliku źródłowego „src/GameObjects/Structures/Structure.cpp”)
  
C:\Users\Szymek\Desktop\Github\GameEngine2D_Engineer\GameEngine2D_Engineer\src\GameObjects\AddisionalTypes\CircleCollider.h(15,35): warning C4244: "return": konwersja z "float" do "int", możliwa utrata danych
  (kompilowanie pliku źródłowego „src/GameObjects/Structures/Structure.cpp”)
  
  Trwa kompilowanie...
  Tree.cpp
C:\Users\Szymek\Desktop\Github\GameEngine2D_Engineer\GameEngine2D_Engineer\src\GameObjects\ItemFactory.h(79,37): warning C4267: "return": konwersja z "size_t" do "int", możliwa utrata danych
  (kompilowanie pliku źródłowego „src/GameObjects/Structures/Tree.cpp”)
  
C:\Users\Szymek\Desktop\Github\GameEngine2D_Engineer\GameEngine2D_Engineer\src\GameObjects\AddisionalTypes\CircleCollider.h(15,35): warning C4244: "return": konwersja z "float" do "int", możliwa utrata danych
  (kompilowanie pliku źródłowego „src/GameObjects/Structures/Tree.cpp”)
  
C:\Users\Szymek\Desktop\Github\GameEngine2D_Engineer\GameEngine2D_Engineer\src\GameObjects\Structures\Tree.cpp(115,18): warning C4305: "inicjowanie": obcięcie z "double" do "float"
  Wall.cpp
C:\Users\Szymek\Desktop\Github\GameEngine2D_Engineer\GameEngine2D_Engineer\src\GameObjects\ItemFactory.h(79,37): warning C4267: "return": konwersja z "size_t" do "int", możliwa utrata danych
  (kompilowanie pliku źródłowego „src/GameObjects/Structures/Wall.cpp”)
  
C:\Users\Szymek\Desktop\Github\GameEngine2D_Engineer\GameEngine2D_Engineer\src\GameObjects\AddisionalTypes\CircleCollider.h(15,35): warning C4244: "return": konwersja z "float" do "int", możliwa utrata danych
  (kompilowanie pliku źródłowego „src/GameObjects/Structures/Wall.cpp”)
  
C:\Users\Szymek\Desktop\Github\GameEngine2D_Engineer\GameEngine2D_Engineer\src\GameObjects\Structures\Wall.cpp(125,28): warning C4244: "=": konwersja z "int" do "float", możliwa utrata danych
C:\Users\Szymek\Desktop\Github\GameEngine2D_Engineer\GameEngine2D_Engineer\src\GameObjects\Structures\Wall.cpp(126,23): warning C4244: "=": konwersja z "int" do "float", możliwa utrata danych
C:\Users\Szymek\Desktop\Github\GameEngine2D_Engineer\GameEngine2D_Engineer\src\GameObjects\Structures\Wall.cpp(127,30): warning C4244: "=": konwersja z "int" do "float", możliwa utrata danych
C:\Users\Szymek\Desktop\Github\GameEngine2D_Engineer\GameEngine2D_Engineer\src\GameObjects\Structures\Wall.cpp(128,25): warning C4244: "=": konwersja z "int" do "float", możliwa utrata danych
C:\Users\Szymek\Desktop\Github\GameEngine2D_Engineer\GameEngine2D_Engineer\src\GameObjects\Structures\Wall.cpp(133,31): warning C4244: "=": konwersja z "int" do "float", możliwa utrata danych
C:\Users\Szymek\Desktop\Github\GameEngine2D_Engineer\GameEngine2D_Engineer\src\GameObjects\Structures\Wall.cpp(134,26): warning C4244: "=": konwersja z "int" do "float", możliwa utrata danych
C:\Users\Szymek\Desktop\Github\GameEngine2D_Engineer\GameEngine2D_Engineer\src\GameObjects\Structures\Wall.cpp(138,31): warning C4244: "=": konwersja z "int" do "float", możliwa utrata danych
C:\Users\Szymek\Desktop\Github\GameEngine2D_Engineer\GameEngine2D_Engineer\src\GameObjects\Structures\Wall.cpp(139,26): warning C4244: "=": konwersja z "int" do "float", możliwa utrata danych
C:\Users\Szymek\Desktop\Github\GameEngine2D_Engineer\GameEngine2D_Engineer\src\GameObjects\Structures\Wall.cpp(143,31): warning C4244: "=": konwersja z "int" do "float", możliwa utrata danych
C:\Users\Szymek\Desktop\Github\GameEngine2D_Engineer\GameEngine2D_Engineer\src\GameObjects\Structures\Wall.cpp(144,26): warning C4244: "=": konwersja z "int" do "float", możliwa utrata danych
C:\Users\Szymek\Desktop\Github\GameEngine2D_Engineer\GameEngine2D_Engineer\src\GameObjects\Structures\Wall.cpp(148,31): warning C4244: "=": konwersja z "int" do "float", możliwa utrata danych
C:\Users\Szymek\Desktop\Github\GameEngine2D_Engineer\GameEngine2D_Engineer\src\GameObjects\Structures\Wall.cpp(149,26): warning C4244: "=": konwersja z "int" do "float", możliwa utrata danych
C:\Users\Szymek\Desktop\Github\GameEngine2D_Engineer\GameEngine2D_Engineer\src\GameObjects\Structures\Wall.cpp(154,28): warning C4244: "=": konwersja z "int" do "float", możliwa utrata danych
C:\Users\Szymek\Desktop\Github\GameEngine2D_Engineer\GameEngine2D_Engineer\src\GameObjects\Structures\Wall.cpp(155,23): warning C4244: "=": konwersja z "int" do "float", możliwa utrata danych
C:\Users\Szymek\Desktop\Github\GameEngine2D_Engineer\GameEngine2D_Engineer\src\GameObjects\Structures\Wall.cpp(160,31): warning C4244: "=": konwersja z "int" do "float", możliwa utrata danych
C:\Users\Szymek\Desktop\Github\GameEngine2D_Engineer\GameEngine2D_Engineer\src\GameObjects\Structures\Wall.cpp(161,26): warning C4244: "=": konwersja z "int" do "float", możliwa utrata danych
C:\Users\Szymek\Desktop\Github\GameEngine2D_Engineer\GameEngine2D_Engineer\src\GameObjects\Structures\Wall.cpp(165,31): warning C4244: "=": konwersja z "int" do "float", możliwa utrata danych
C:\Users\Szymek\Desktop\Github\GameEngine2D_Engineer\GameEngine2D_Engineer\src\GameObjects\Structures\Wall.cpp(166,26): warning C4244: "=": konwersja z "int" do "float", możliwa utrata danych
C:\Users\Szymek\Desktop\Github\GameEngine2D_Engineer\GameEngine2D_Engineer\src\GameObjects\Structures\Wall.cpp(174,28): warning C4244: "=": konwersja z "int" do "float", możliwa utrata danych
C:\Users\Szymek\Desktop\Github\GameEngine2D_Engineer\GameEngine2D_Engineer\src\GameObjects\Structures\Wall.cpp(175,23): warning C4244: "=": konwersja z "int" do "float", możliwa utrata danych
C:\Users\Szymek\Desktop\Github\GameEngine2D_Engineer\GameEngine2D_Engineer\src\GameObjects\Structures\Wall.cpp(179,31): warning C4244: "=": konwersja z "int" do "float", możliwa utrata danych
C:\Users\Szymek\Desktop\Github\GameEngine2D_Engineer\GameEngine2D_Engineer\src\GameObjects\Structures\Wall.cpp(180,26): warning C4244: "=": konwersja z "int" do "float", możliwa utrata danych
C:\Users\Szymek\Desktop\Github\GameEngine2D_Engineer\GameEngine2D_Engineer\src\GameObjects\Structures\Wall.cpp(184,31): warning C4244: "=": konwersja z "int" do "float", możliwa utrata danych
C:\Users\Szymek\Desktop\Github\GameEngine2D_Engineer\GameEngine2D_Engineer\src\GameObjects\Structures\Wall.cpp(185,26): warning C4244: "=": konwersja z "int" do "float", możliwa utrata danych
C:\Users\Szymek\Desktop\Github\GameEngine2D_Engineer\GameEngine2D_Engineer\src\GameObjects\Structures\Wall.cpp(191,28): warning C4244: "=": konwersja z "int" do "float", możliwa utrata danych
C:\Users\Szymek\Desktop\Github\GameEngine2D_Engineer\GameEngine2D_Engineer\src\GameObjects\Structures\Wall.cpp(192,23): warning C4244: "=": konwersja z "int" do "float", możliwa utrata danych
C:\Users\Szymek\Desktop\Github\GameEngine2D_Engineer\GameEngine2D_Engineer\src\GameObjects\Structures\Wall.cpp(193,30): warning C4244: "=": konwersja z "int" do "float", możliwa utrata danych
C:\Users\Szymek\Desktop\Github\GameEngine2D_Engineer\GameEngine2D_Engineer\src\GameObjects\Structures\Wall.cpp(194,25): warning C4244: "=": konwersja z "int" do "float", możliwa utrata danych
C:\Users\Szymek\Desktop\Github\GameEngine2D_Engineer\GameEngine2D_Engineer\src\GameObjects\Structures\Wall.cpp(204,28): warning C4244: "=": konwersja z "int" do "float", możliwa utrata danych
C:\Users\Szymek\Desktop\Github\GameEngine2D_Engineer\GameEngine2D_Engineer\src\GameObjects\Structures\Wall.cpp(205,28): warning C4244: "=": konwersja z "int" do "float", możliwa utrata danych
C:\Users\Szymek\Desktop\Github\GameEngine2D_Engineer\GameEngine2D_Engineer\src\GameObjects\Structures\Wall.cpp(206,30): warning C4244: "=": konwersja z "int" do "float", możliwa utrata danych
C:\Users\Szymek\Desktop\Github\GameEngine2D_Engineer\GameEngine2D_Engineer\src\GameObjects\Structures\Wall.cpp(207,25): warning C4244: "=": konwersja z "int" do "float", możliwa utrata danych
C:\Users\Szymek\Desktop\Github\GameEngine2D_Engineer\GameEngine2D_Engineer\src\GameObjects\Structures\Wall.cpp(211,28): warning C4244: "=": konwersja z "int" do "float", możliwa utrata danych
C:\Users\Szymek\Desktop\Github\GameEngine2D_Engineer\GameEngine2D_Engineer\src\GameObjects\Structures\Wall.cpp(212,28): warning C4244: "=": konwersja z "int" do "float", możliwa utrata danych
C:\Users\Szymek\Desktop\Github\GameEngine2D_Engineer\GameEngine2D_Engineer\src\GameObjects\Structures\Wall.cpp(213,30): warning C4244: "=": konwersja z "int" do "float", możliwa utrata danych
C:\Users\Szymek\Desktop\Github\GameEngine2D_Engineer\GameEngine2D_Engineer\src\GameObjects\Structures\Wall.cpp(214,25): warning C4244: "=": konwersja z "int" do "float", możliwa utrata danych
C:\Users\Szymek\Desktop\Github\GameEngine2D_Engineer\GameEngine2D_Engineer\src\GameObjects\Structures\Wall.cpp(221,28): warning C4244: "=": konwersja z "int" do "float", możliwa utrata danych
C:\Users\Szymek\Desktop\Github\GameEngine2D_Engineer\GameEngine2D_Engineer\src\GameObjects\Structures\Wall.cpp(222,28): warning C4244: "=": konwersja z "int" do "float", możliwa utrata danych
C:\Users\Szymek\Desktop\Github\GameEngine2D_Engineer\GameEngine2D_Engineer\src\GameObjects\Structures\Wall.cpp(223,30): warning C4244: "=": konwersja z "int" do "float", możliwa utrata danych
C:\Users\Szymek\Desktop\Github\GameEngine2D_Engineer\GameEngine2D_Engineer\src\GameObjects\Structures\Wall.cpp(224,25): warning C4244: "=": konwersja z "int" do "float", możliwa utrata danych
C:\Users\Szymek\Desktop\Github\GameEngine2D_Engineer\GameEngine2D_Engineer\src\GameObjects\Structures\Wall.cpp(228,28): warning C4244: "=": konwersja z "int" do "float", możliwa utrata danych
C:\Users\Szymek\Desktop\Github\GameEngine2D_Engineer\GameEngine2D_Engineer\src\GameObjects\Structures\Wall.cpp(229,28): warning C4244: "=": konwersja z "int" do "float", możliwa utrata danych
C:\Users\Szymek\Desktop\Github\GameEngine2D_Engineer\GameEngine2D_Engineer\src\GameObjects\Structures\Wall.cpp(231,25): warning C4244: "=": konwersja z "int" do "float", możliwa utrata danych
C:\Users\Szymek\Desktop\Github\GameEngine2D_Engineer\GameEngine2D_Engineer\src\GameObjects\Structures\Wall.cpp(244,28): warning C4244: "=": konwersja z "int" do "float", możliwa utrata danych
C:\Users\Szymek\Desktop\Github\GameEngine2D_Engineer\GameEngine2D_Engineer\src\GameObjects\Structures\Wall.cpp(246,30): warning C4244: "=": konwersja z "int" do "float", możliwa utrata danych
C:\Users\Szymek\Desktop\Github\GameEngine2D_Engineer\GameEngine2D_Engineer\src\GameObjects\Structures\Wall.cpp(247,25): warning C4244: "=": konwersja z "int" do "float", możliwa utrata danych
C:\Users\Szymek\Desktop\Github\GameEngine2D_Engineer\GameEngine2D_Engineer\src\GameObjects\Structures\Wall.cpp(252,31): warning C4244: "=": konwersja z "int" do "float", możliwa utrata danych
C:\Users\Szymek\Desktop\Github\GameEngine2D_Engineer\GameEngine2D_Engineer\src\GameObjects\Structures\Wall.cpp(253,26): warning C4244: "=": konwersja z "int" do "float", możliwa utrata danych
C:\Users\Szymek\Desktop\Github\GameEngine2D_Engineer\GameEngine2D_Engineer\src\GameObjects\Structures\Wall.cpp(257,31): warning C4244: "=": konwersja z "int" do "float", możliwa utrata danych
C:\Users\Szymek\Desktop\Github\GameEngine2D_Engineer\GameEngine2D_Engineer\src\GameObjects\Structures\Wall.cpp(258,26): warning C4244: "=": konwersja z "int" do "float", możliwa utrata danych
C:\Users\Szymek\Desktop\Github\GameEngine2D_Engineer\GameEngine2D_Engineer\src\GameObjects\Structures\Wall.cpp(262,31): warning C4244: "=": konwersja z "int" do "float", możliwa utrata danych
C:\Users\Szymek\Desktop\Github\GameEngine2D_Engineer\GameEngine2D_Engineer\src\GameObjects\Structures\Wall.cpp(263,26): warning C4244: "=": konwersja z "int" do "float", możliwa utrata danych
C:\Users\Szymek\Desktop\Github\GameEngine2D_Engineer\GameEngine2D_Engineer\src\GameObjects\Structures\Wall.cpp(267,31): warning C4244: "=": konwersja z "int" do "float", możliwa utrata danych
C:\Users\Szymek\Desktop\Github\GameEngine2D_Engineer\GameEngine2D_Engineer\src\GameObjects\Structures\Wall.cpp(268,26): warning C4244: "=": konwersja z "int" do "float", możliwa utrata danych
C:\Users\Szymek\Desktop\Github\GameEngine2D_Engineer\GameEngine2D_Engineer\src\GameObjects\Structures\Wall.cpp(275,28): warning C4244: "=": konwersja z "int" do "float", możliwa utrata danych
C:\Users\Szymek\Desktop\Github\GameEngine2D_Engineer\GameEngine2D_Engineer\src\GameObjects\Structures\Wall.cpp(280,31): warning C4244: "=": konwersja z "int" do "float", możliwa utrata danych
C:\Users\Szymek\Desktop\Github\GameEngine2D_Engineer\GameEngine2D_Engineer\src\GameObjects\Structures\Wall.cpp(281,26): warning C4244: "=": konwersja z "int" do "float", możliwa utrata danych
C:\Users\Szymek\Desktop\Github\GameEngine2D_Engineer\GameEngine2D_Engineer\src\GameObjects\Structures\Wall.cpp(285,31): warning C4244: "=": konwersja z "int" do "float", możliwa utrata danych
C:\Users\Szymek\Desktop\Github\GameEngine2D_Engineer\GameEngine2D_Engineer\src\GameObjects\Structures\Wall.cpp(286,26): warning C4244: "=": konwersja z "int" do "float", możliwa utrata danych
C:\Users\Szymek\Desktop\Github\GameEngine2D_Engineer\GameEngine2D_Engineer\src\GameObjects\Structures\Wall.cpp(294,28): warning C4244: "=": konwersja z "int" do "float", możliwa utrata danych
C:\Users\Szymek\Desktop\Github\GameEngine2D_Engineer\GameEngine2D_Engineer\src\GameObjects\Structures\Wall.cpp(299,31): warning C4244: "=": konwersja z "int" do "float", możliwa utrata danych
C:\Users\Szymek\Desktop\Github\GameEngine2D_Engineer\GameEngine2D_Engineer\src\GameObjects\Structures\Wall.cpp(300,26): warning C4244: "=": konwersja z "int" do "float", możliwa utrata danych
C:\Users\Szymek\Desktop\Github\GameEngine2D_Engineer\GameEngine2D_Engineer\src\GameObjects\Structures\Wall.cpp(304,31): warning C4244: "=": konwersja z "int" do "float", możliwa utrata danych
C:\Users\Szymek\Desktop\Github\GameEngine2D_Engineer\GameEngine2D_Engineer\src\GameObjects\Structures\Wall.cpp(305,26): warning C4244: "=": konwersja z "int" do "float", możliwa utrata danych
C:\Users\Szymek\Desktop\Github\GameEngine2D_Engineer\GameEngine2D_Engineer\src\GameObjects\Structures\Wall.cpp(310,28): warning C4244: "=": konwersja z "int" do "float", możliwa utrata danych
C:\Users\Szymek\Desktop\Github\GameEngine2D_Engineer\GameEngine2D_Engineer\src\GameObjects\Structures\Wall.cpp(312,30): warning C4244: "=": konwersja z "int" do "float", możliwa utrata danych
C:\Users\Szymek\Desktop\Github\GameEngine2D_Engineer\GameEngine2D_Engineer\src\GameObjects\Structures\Wall.cpp(313,25): warning C4244: "=": konwersja z "int" do "float", możliwa utrata danych
C:\Users\Szymek\Desktop\Github\GameEngine2D_Engineer\GameEngine2D_Engineer\src\GameObjects\Structures\Wall.cpp(323,28): warning C4244: "=": konwersja z "int" do "float", możliwa utrata danych
C:\Users\Szymek\Desktop\Github\GameEngine2D_Engineer\GameEngine2D_Engineer\src\GameObjects\Structures\Wall.cpp(325,30): warning C4244: "=": konwersja z "int" do "float", możliwa utrata danych
C:\Users\Szymek\Desktop\Github\GameEngine2D_Engineer\GameEngine2D_Engineer\src\GameObjects\Structures\Wall.cpp(326,25): warning C4244: "=": konwersja z "int" do "float", możliwa utrata danych
C:\Users\Szymek\Desktop\Github\GameEngine2D_Engineer\GameEngine2D_Engineer\src\GameObjects\Structures\Wall.cpp(330,28): warning C4244: "=": konwersja z "int" do "float", możliwa utrata danych
C:\Users\Szymek\Desktop\Github\GameEngine2D_Engineer\GameEngine2D_Engineer\src\GameObjects\Structures\Wall.cpp(332,30): warning C4244: "=": konwersja z "int" do "float", możliwa utrata danych
C:\Users\Szymek\Desktop\Github\GameEngine2D_Engineer\GameEngine2D_Engineer\src\GameObjects\Structures\Wall.cpp(333,25): warning C4244: "=": konwersja z "int" do "float", możliwa utrata danych
C:\Users\Szymek\Desktop\Github\GameEngine2D_Engineer\GameEngine2D_Engineer\src\GameObjects\Structures\Wall.cpp(340,28): warning C4244: "=": konwersja z "int" do "float", możliwa utrata danych
C:\Users\Szymek\Desktop\Github\GameEngine2D_Engineer\GameEngine2D_Engineer\src\GameObjects\Structures\Wall.cpp(342,30): warning C4244: "=": konwersja z "int" do "float", możliwa utrata danych
C:\Users\Szymek\Desktop\Github\GameEngine2D_Engineer\GameEngine2D_Engineer\src\GameObjects\Structures\Wall.cpp(343,25): warning C4244: "=": konwersja z "int" do "float", możliwa utrata danych
C:\Users\Szymek\Desktop\Github\GameEngine2D_Engineer\GameEngine2D_Engineer\src\GameObjects\Structures\Wall.cpp(350,25): warning C4244: "=": konwersja z "int" do "float", możliwa utrata danych
  AddItem.cpp
C:\Users\Szymek\Desktop\Github\GameEngine2D_Engineer\GameEngine2D_Engineer\src\GameObjects\ItemFactory.h(79,37): warning C4267: "return": konwersja z "size_t" do "int", możliwa utrata danych
  (kompilowanie pliku źródłowego „src/core/Elements/AddItem.cpp”)
  
C:\Users\Szymek\Desktop\Github\GameEngine2D_Engineer\GameEngine2D_Engineer\src\GameObjects\AddisionalTypes\CircleCollider.h(15,35): warning C4244: "return": konwersja z "float" do "int", możliwa utrata danych
  (kompilowanie pliku źródłowego „src/core/Elements/AddItem.cpp”)
  
C:\Users\Szymek\Desktop\Github\GameEngine2D_Engineer\GameEngine2D_Engineer\src\GameObjects\Items\Tool\ToolItem.h(15,28): warning C4305: "inicjowanie": obcięcie z "double" do "float"
  (kompilowanie pliku źródłowego „src/core/Elements/AddItem.cpp”)
  
C:\Users\Szymek\Desktop\Github\GameEngine2D_Engineer\GameEngine2D_Engineer\src\core\Elements\AddItem.cpp(21,42): warning C4244: "argument": konwersja z "float" do "int", możliwa utrata danych
C:\Users\Szymek\Desktop\Github\GameEngine2D_Engineer\GameEngine2D_Engineer\src\core\Elements\AddItem.cpp(21,19): warning C4244: "argument": konwersja z "float" do "int", możliwa utrata danych
C:\Users\Szymek\Desktop\Github\GameEngine2D_Engineer\GameEngine2D_Engineer\src\core\Elements\AddItem.cpp(22,56): warning C4244: "argument": konwersja z "float" do "int", możliwa utrata danych
C:\Users\Szymek\Desktop\Github\GameEngine2D_Engineer\GameEngine2D_Engineer\src\core\Elements\AddItem.cpp(22,46): warning C4244: "argument": konwersja z "float" do "int", możliwa utrata danych
C:\Users\Szymek\Desktop\Github\GameEngine2D_Engineer\GameEngine2D_Engineer\src\core\Elements\AddItem.cpp(22,38): warning C4244: "argument": konwersja z "float" do "int", możliwa utrata danych
C:\Users\Szymek\Desktop\Github\GameEngine2D_Engineer\GameEngine2D_Engineer\src\core\Elements\AddItem.cpp(23,54): warning C4244: "argument": konwersja z "float" do "int", możliwa utrata danych
C:\Users\Szymek\Desktop\Github\GameEngine2D_Engineer\GameEngine2D_Engineer\src\core\Elements\AddItem.cpp(23,46): warning C4244: "argument": konwersja z "float" do "int", możliwa utrata danych
C:\Users\Szymek\Desktop\Github\GameEngine2D_Engineer\GameEngine2D_Engineer\src\core\Elements\AddItem.cpp(23,19): warning C4244: "argument": konwersja z "float" do "int", możliwa utrata danych
  LineColliderCheckBox.cpp
C:\Users\Szymek\Desktop\Github\GameEngine2D_Engineer\GameEngine2D_Engineer\src\GameObjects\ItemFactory.h(79,37): warning C4267: "return": konwersja z "size_t" do "int", możliwa utrata danych
  (kompilowanie pliku źródłowego „src/core/Elements/LineColliderCheckBox.cpp”)
  
C:\Users\Szymek\Desktop\Github\GameEngine2D_Engineer\GameEngine2D_Engineer\src\GameObjects\AddisionalTypes\CircleCollider.h(15,35): warning C4244: "return": konwersja z "float" do "int", możliwa utrata danych
  (kompilowanie pliku źródłowego „src/core/Elements/LineColliderCheckBox.cpp”)
  
C:\Users\Szymek\Desktop\Github\GameEngine2D_Engineer\GameEngine2D_Engineer\src\GameObjects\Items\Tool\ToolItem.h(15,28): warning C4305: "inicjowanie": obcięcie z "double" do "float"
  (kompilowanie pliku źródłowego „src/core/Elements/LineColliderCheckBox.cpp”)
  
  Engine.cpp
C:\Users\Szymek\Desktop\Github\GameEngine2D_Engineer\GameEngine2D_Engineer\src\GameObjects\ItemFactory.h(79,37): warning C4267: "return": konwersja z "size_t" do "int", możliwa utrata danych
  (kompilowanie pliku źródłowego „src/core/Engine.cpp”)
  
C:\Users\Szymek\Desktop\Github\GameEngine2D_Engineer\GameEngine2D_Engineer\src\GameObjects\AddisionalTypes\CircleCollider.h(15,35): warning C4244: "return": konwersja z "float" do "int", możliwa utrata danych
  (kompilowanie pliku źródłowego „src/core/Engine.cpp”)
  
C:\Users\Szymek\Desktop\Github\GameEngine2D_Engineer\GameEngine2D_Engineer\src\GameObjects\BlockFactory.h(36,37): warning C4267: "return": konwersja z "size_t" do "int", możliwa utrata danych
  (kompilowanie pliku źródłowego „src/core/Engine.cpp”)
  
C:\Users\Szymek\Desktop\Github\GameEngine2D_Engineer\GameEngine2D_Engineer\src\GameObjects\Items\Tool\ToolItem.h(15,28): warning C4305: "inicjowanie": obcięcie z "double" do "float"
  (kompilowanie pliku źródłowego „src/core/Engine.cpp”)
  
C:\Users\Szymek\Desktop\Github\GameEngine2D_Engineer\GameEngine2D_Engineer\src\core\Engine.cpp(17,12): warning C4244: "argument": konwersja z "time_t" do "unsigned int", możliwa utrata danych
C:\Users\Szymek\Desktop\Github\GameEngine2D_Engineer\GameEngine2D_Engineer\src\core\Engine.cpp(49,21): warning C4244: "=": konwersja z "double" do "float", możliwa utrata danych
C:\Users\Szymek\Desktop\Github\GameEngine2D_Engineer\GameEngine2D_Engineer\src\core\Engine.cpp(51,16): warning C4305: "=": obcięcie z "double" do "float"
C:\Users\Szymek\Desktop\Github\GameEngine2D_Engineer\GameEngine2D_Engineer\src\core\Engine.cpp(53,21): warning C4305: "*=": obcięcie z "double" do "float"
  GameScene.cpp
C:\Users\Szymek\Desktop\Github\GameEngine2D_Engineer\GameEngine2D_Engineer\src\GameObjects\ItemFactory.h(79,37): warning C4267: "return": konwersja z "size_t" do "int", możliwa utrata danych
  (kompilowanie pliku źródłowego „src/core/Scenes/GameScene.cpp”)
  
C:\Users\Szymek\Desktop\Github\GameEngine2D_Engineer\GameEngine2D_Engineer\src\GameObjects\AddisionalTypes\CircleCollider.h(15,35): warning C4244: "return": konwersja z "float" do "int", możliwa utrata danych
  (kompilowanie pliku źródłowego „src/core/Scenes/GameScene.cpp”)
  
C:\Users\Szymek\Desktop\Github\GameEngine2D_Engineer\GameEngine2D_Engineer\src\GameObjects\AddisionalTypes\Shop.h(22,53): warning C4244: "inicjowanie": konwersja z "float" do "const int", możliwa utrata danych
  (kompilowanie pliku źródłowego „src/core/Scenes/GameScene.cpp”)
  
C:\Users\Szymek\Desktop\Github\GameEngine2D_Engineer\GameEngine2D_Engineer\src\GameObjects\EnemyFactory.h(18,37): warning C4267: "return": konwersja z "size_t" do "int", możliwa utrata danych
  (kompilowanie pliku źródłowego „src/core/Scenes/GameScene.cpp”)
  
C:\Users\Szymek\Desktop\Github\GameEngine2D_Engineer\GameEngine2D_Engineer\src\GameObjects\NPCFactory.h(18,37): warning C4267: "return": konwersja z "size_t" do "int", możliwa utrata danych
  (kompilowanie pliku źródłowego „src/core/Scenes/GameScene.cpp”)
  
C:\Program Files\Microsoft Visual Studio\2022\Preview\VC\Tools\MSVC\14.39.33321\include\filesystem(12): warning STL4038: The contents of <filesystem> are available only with C++17 or later.
C:\Users\Szymek\Desktop\Github\GameEngine2D_Engineer\GameEngine2D_Engineer\src\core\Scenes\GameScene.cpp(150,15): warning C4305: "+=": obcięcie z "double" do "float"
C:\Users\Szymek\Desktop\Github\GameEngine2D_Engineer\GameEngine2D_Engineer\src\core\Scenes\GameScene.cpp(152,15): warning C4305: "-=": obcięcie z "double" do "float"
C:\Users\Szymek\Desktop\Github\GameEngine2D_Engineer\GameEngine2D_Engineer\src\core\Scenes\GameScene.cpp(159,104): warning C4838: konwersja z „int” do „float” wymaga konwersji zawężającej
C:\Users\Szymek\Desktop\Github\GameEngine2D_Engineer\GameEngine2D_Engineer\src\core\Scenes\GameScene.cpp(159,104): warning C4244: "inicjowanie": konwersja z "int" do "float", możliwa utrata danych
C:\Users\Szymek\Desktop\Github\GameEngine2D_Engineer\GameEngine2D_Engineer\src\core\Scenes\GameScene.cpp(159,159): warning C4838: konwersja z „int” do „float” wymaga konwersji zawężającej
C:\Users\Szymek\Desktop\Github\GameEngine2D_Engineer\GameEngine2D_Engineer\src\core\Scenes\GameScene.cpp(159,159): warning C4244: "inicjowanie": konwersja z "int" do "float", możliwa utrata danych
C:\Users\Szymek\Desktop\Github\GameEngine2D_Engineer\GameEngine2D_Engineer\src\core\Scenes\GameScene.cpp(327,29): warning C4244: "argument": konwersja z "float" do "int", możliwa utrata danych
C:\Users\Szymek\Desktop\Github\GameEngine2D_Engineer\GameEngine2D_Engineer\src\core\Scenes\GameScene.cpp(327,22): warning C4244: "argument": konwersja z "float" do "int", możliwa utrata danych
C:\Users\Szymek\Desktop\Github\GameEngine2D_Engineer\GameEngine2D_Engineer\src\core\Scenes\GameScene.cpp(334,29): warning C4244: "argument": konwersja z "float" do "int", możliwa utrata danych
C:\Users\Szymek\Desktop\Github\GameEngine2D_Engineer\GameEngine2D_Engineer\src\core\Scenes\GameScene.cpp(334,22): warning C4244: "argument": konwersja z "float" do "int", możliwa utrata danych
C:\Users\Szymek\Desktop\Github\GameEngine2D_Engineer\GameEngine2D_Engineer\src\core\Scenes\GameScene.cpp(349,33): warning C4244: "argument": konwersja z "float" do "int", możliwa utrata danych
C:\Users\Szymek\Desktop\Github\GameEngine2D_Engineer\GameEngine2D_Engineer\src\core\Scenes\GameScene.cpp(349,26): warning C4244: "argument": konwersja z "float" do "int", możliwa utrata danych
C:\Users\Szymek\Desktop\Github\GameEngine2D_Engineer\GameEngine2D_Engineer\src\core\Scenes\GameScene.cpp(360,55): warning C4244: "argument": konwersja z "float" do "int", możliwa utrata danych
C:\Users\Szymek\Desktop\Github\GameEngine2D_Engineer\GameEngine2D_Engineer\src\core\Scenes\GameScene.cpp(360,44): warning C4244: "argument": konwersja z "float" do "int", możliwa utrata danych
C:\Users\Szymek\Desktop\Github\GameEngine2D_Engineer\GameEngine2D_Engineer\src\core\Scenes\GameScene.cpp(360,37): warning C4244: "argument": konwersja z "float" do "int", możliwa utrata danych
C:\Users\Szymek\Desktop\Github\GameEngine2D_Engineer\GameEngine2D_Engineer\src\core\Scenes\GameScene.cpp(360,30): warning C4244: "argument": konwersja z "float" do "int", możliwa utrata danych
C:\Users\Szymek\Desktop\Github\GameEngine2D_Engineer\GameEngine2D_Engineer\src\core\Scenes\GameScene.cpp(363,68): warning C4244: "argument": konwersja z "float" do "int", możliwa utrata danych
C:\Users\Szymek\Desktop\Github\GameEngine2D_Engineer\GameEngine2D_Engineer\src\core\Scenes\GameScene.cpp(363,57): warning C4244: "argument": konwersja z "float" do "int", możliwa utrata danych
C:\Users\Szymek\Desktop\Github\GameEngine2D_Engineer\GameEngine2D_Engineer\src\core\Scenes\GameScene.cpp(363,50): warning C4244: "argument": konwersja z "float" do "int", możliwa utrata danych
C:\Users\Szymek\Desktop\Github\GameEngine2D_Engineer\GameEngine2D_Engineer\src\core\Scenes\GameScene.cpp(363,43): warning C4244: "argument": konwersja z "float" do "int", możliwa utrata danych
  ObjectHandler.cpp
C:\Users\Szymek\Desktop\Github\GameEngine2D_Engineer\GameEngine2D_Engineer\src\GameObjects\ItemFactory.h(79,37): warning C4267: "return": konwersja z "size_t" do "int", możliwa utrata danych
  (kompilowanie pliku źródłowego „src/core/Scenes/Game/ObjectHandler.cpp”)
  
C:\Users\Szymek\Desktop\Github\GameEngine2D_Engineer\GameEngine2D_Engineer\src\GameObjects\AddisionalTypes\CircleCollider.h(15,35): warning C4244: "return": konwersja z "float" do "int", możliwa utrata danych
  (kompilowanie pliku źródłowego „src/core/Scenes/Game/ObjectHandler.cpp”)
  
C:\Users\Szymek\Desktop\Github\GameEngine2D_Engineer\GameEngine2D_Engineer\src\GameObjects\BlockFactory.h(36,37): warning C4267: "return": konwersja z "size_t" do "int", możliwa utrata danych
  (kompilowanie pliku źródłowego „src/core/Scenes/Game/ObjectHandler.cpp”)
  
C:\Users\Szymek\Desktop\Github\GameEngine2D_Engineer\GameEngine2D_Engineer\src\core\Scenes\Game\ObjectHandler.cpp(49,29): warning C4838: konwersja z „int” do „float” wymaga konwersji zawężającej
C:\Users\Szymek\Desktop\Github\GameEngine2D_Engineer\GameEngine2D_Engineer\src\core\Scenes\Game\ObjectHandler.cpp(49,29): warning C4244: "inicjowanie": konwersja z "int" do "float", możliwa utrata danych
C:\Users\Szymek\Desktop\Github\GameEngine2D_Engineer\GameEngine2D_Engineer\src\core\Scenes\Game\ObjectHandler.cpp(49,52): warning C4838: konwersja z „int” do „float” wymaga konwersji zawężającej
C:\Users\Szymek\Desktop\Github\GameEngine2D_Engineer\GameEngine2D_Engineer\src\core\Scenes\Game\ObjectHandler.cpp(49,52): warning C4244: "inicjowanie": konwersja z "int" do "float", możliwa utrata danych
C:\Users\Szymek\Desktop\Github\GameEngine2D_Engineer\GameEngine2D_Engineer\src\core\Scenes\Game\ObjectHandler.cpp(81,29): warning C4838: konwersja z „int” do „float” wymaga konwersji zawężającej
C:\Users\Szymek\Desktop\Github\GameEngine2D_Engineer\GameEngine2D_Engineer\src\core\Scenes\Game\ObjectHandler.cpp(81,29): warning C4244: "inicjowanie": konwersja z "int" do "float", możliwa utrata danych
C:\Users\Szymek\Desktop\Github\GameEngine2D_Engineer\GameEngine2D_Engineer\src\core\Scenes\Game\ObjectHandler.cpp(81,52): warning C4838: konwersja z „int” do „float” wymaga konwersji zawężającej
C:\Users\Szymek\Desktop\Github\GameEngine2D_Engineer\GameEngine2D_Engineer\src\core\Scenes\Game\ObjectHandler.cpp(81,52): warning C4244: "inicjowanie": konwersja z "int" do "float", możliwa utrata danych
C:\Users\Szymek\Desktop\Github\GameEngine2D_Engineer\GameEngine2D_Engineer\src\core\Scenes\Game\ObjectHandler.cpp(107,24): warning C4244: "argument": konwersja z "float" do "int", możliwa utrata danych
C:\Users\Szymek\Desktop\Github\GameEngine2D_Engineer\GameEngine2D_Engineer\src\core\Scenes\Game\ObjectHandler.cpp(117,26): warning C4244: "argument": konwersja z "float" do "int", możliwa utrata danych
C:\Users\Szymek\Desktop\Github\GameEngine2D_Engineer\GameEngine2D_Engineer\src\core\Scenes\Game\ObjectHandler.cpp(128,24): warning C4244: "argument": konwersja z "float" do "int", możliwa utrata danych
C:\Users\Szymek\Desktop\Github\GameEngine2D_Engineer\GameEngine2D_Engineer\src\core\Scenes\Game\ObjectHandler.cpp(135,33): warning C4244: "argument": konwersja z "float" do "int", możliwa utrata danych
C:\Users\Szymek\Desktop\Github\GameEngine2D_Engineer\GameEngine2D_Engineer\src\core\Scenes\Game\ObjectHandler.cpp(155,28): warning C4838: konwersja z „int” do „float” wymaga konwersji zawężającej
C:\Users\Szymek\Desktop\Github\GameEngine2D_Engineer\GameEngine2D_Engineer\src\core\Scenes\Game\ObjectHandler.cpp(155,28): warning C4244: "inicjowanie": konwersja z "int" do "float", możliwa utrata danych
C:\Users\Szymek\Desktop\Github\GameEngine2D_Engineer\GameEngine2D_Engineer\src\core\Scenes\Game\ObjectHandler.cpp(155,51): warning C4838: konwersja z „int” do „float” wymaga konwersji zawężającej
C:\Users\Szymek\Desktop\Github\GameEngine2D_Engineer\GameEngine2D_Engineer\src\core\Scenes\Game\ObjectHandler.cpp(155,51): warning C4244: "inicjowanie": konwersja z "int" do "float", możliwa utrata danych
C:\Users\Szymek\Desktop\Github\GameEngine2D_Engineer\GameEngine2D_Engineer\src\core\Scenes\Game\ObjectHandler.cpp(256,14): warning C4244: "inicjowanie": konwersja z "float" do "int", możliwa utrata danych
C:\Users\Szymek\Desktop\Github\GameEngine2D_Engineer\GameEngine2D_Engineer\src\core\Scenes\Game\ObjectHandler.cpp(257,14): warning C4244: "inicjowanie": konwersja z "float" do "int", możliwa utrata danych
C:\Users\Szymek\Desktop\Github\GameEngine2D_Engineer\GameEngine2D_Engineer\src\core\Scenes\Game\ObjectHandler.cpp(262,9): warning C4244: "inicjowanie": konwersja z "float" do "int", możliwa utrata danych
C:\Users\Szymek\Desktop\Github\GameEngine2D_Engineer\GameEngine2D_Engineer\src\core\Scenes\Game\ObjectHandler.cpp(263,9): warning C4244: "inicjowanie": konwersja z "float" do "int", możliwa utrata danych
C:\Users\Szymek\Desktop\Github\GameEngine2D_Engineer\GameEngine2D_Engineer\src\core\Scenes\Game\ObjectHandler.cpp(373,8): warning C4244: "inicjowanie": konwersja z "float" do "int", możliwa utrata danych
C:\Users\Szymek\Desktop\Github\GameEngine2D_Engineer\GameEngine2D_Engineer\src\core\Scenes\Game\ObjectHandler.cpp(376,8): warning C4244: "inicjowanie": konwersja z "float" do "int", możliwa utrata danych
C:\Users\Szymek\Desktop\Github\GameEngine2D_Engineer\GameEngine2D_Engineer\src\core\Scenes\Game\ObjectHandler.cpp(407,9): warning C4244: "inicjowanie": konwersja z "float" do "int", możliwa utrata danych
C:\Users\Szymek\Desktop\Github\GameEngine2D_Engineer\GameEngine2D_Engineer\src\core\Scenes\Game\ObjectHandler.cpp(408,9): warning C4244: "inicjowanie": konwersja z "float" do "int", możliwa utrata danych
  ItemEdytor.cpp
C:\Users\Szymek\Desktop\Github\GameEngine2D_Engineer\GameEngine2D_Engineer\src\GameObjects\ItemFactory.h(79,37): warning C4267: "return": konwersja z "size_t" do "int", możliwa utrata danych
  (kompilowanie pliku źródłowego „src/core/Scenes/ItemEdytor.cpp”)
  
C:\Users\Szymek\Desktop\Github\GameEngine2D_Engineer\GameEngine2D_Engineer\src\GameObjects\AddisionalTypes\CircleCollider.h(15,35): warning C4244: "return": konwersja z "float" do "int", możliwa utrata danych
  (kompilowanie pliku źródłowego „src/core/Scenes/ItemEdytor.cpp”)
  
C:\Users\Szymek\Desktop\Github\GameEngine2D_Engineer\GameEngine2D_Engineer\src\GameObjects\Items\Tool\ToolItem.h(15,28): warning C4305: "inicjowanie": obcięcie z "double" do "float"
  (kompilowanie pliku źródłowego „src/core/Scenes/ItemEdytor.cpp”)
  
C:\Users\Szymek\Desktop\Github\GameEngine2D_Engineer\GameEngine2D_Engineer\src\core\Scenes\ItemEdytor.cpp(104,18): warning C4244: "=": konwersja z "const int" do "float", możliwa utrata danych
C:\Users\Szymek\Desktop\Github\GameEngine2D_Engineer\GameEngine2D_Engineer\src\core\Scenes\ItemEdytor.cpp(105,19): warning C4244: "=": konwersja z "const int" do "float", możliwa utrata danych
C:\Users\Szymek\Desktop\Github\GameEngine2D_Engineer\GameEngine2D_Engineer\src\core\Scenes\ItemEdytor.cpp(128,44): warning C4244: "=": konwersja z "int" do "float", możliwa utrata danych
C:\Users\Szymek\Desktop\Github\GameEngine2D_Engineer\GameEngine2D_Engineer\src\core\Scenes\ItemEdytor.cpp(226,20): warning C4267: "=": konwersja z "size_t" do "int", możliwa utrata danych
C:\Users\Szymek\Desktop\Github\GameEngine2D_Engineer\GameEngine2D_Engineer\src\core\Scenes\ItemEdytor.cpp(267,8): warning C4267: "inicjowanie": konwersja z "size_t" do "int", możliwa utrata danych
C:\Users\Szymek\Desktop\Github\GameEngine2D_Engineer\GameEngine2D_Engineer\src\core\Scenes\ItemEdytor.cpp(299,8): warning C4267: "inicjowanie": konwersja z "size_t" do "int", możliwa utrata danych
C:\Users\Szymek\Desktop\Github\GameEngine2D_Engineer\GameEngine2D_Engineer\src\core\Scenes\ItemEdytor.cpp(365,51): warning C4244: "=": konwersja z "float" do "int", możliwa utrata danych
C:\Users\Szymek\Desktop\Github\GameEngine2D_Engineer\GameEngine2D_Engineer\src\core\Scenes\ItemEdytor.cpp(369,28): warning C4267: "=": konwersja z "size_t" do "int", możliwa utrata danych
C:\Users\Szymek\Desktop\Github\GameEngine2D_Engineer\GameEngine2D_Engineer\src\core\Scenes\ItemEdytor.cpp(373,8): warning C4267: "inicjowanie": konwersja z "size_t" do "int", możliwa utrata danych
C:\Users\Szymek\Desktop\Github\GameEngine2D_Engineer\GameEngine2D_Engineer\src\core\Scenes\ItemEdytor.cpp(430,8): warning C4244: "inicjowanie": konwersja z "float" do "int", możliwa utrata danych
C:\Users\Szymek\Desktop\Github\GameEngine2D_Engineer\GameEngine2D_Engineer\src\core\Scenes\ItemEdytor.cpp(431,8): warning C4244: "inicjowanie": konwersja z "float" do "int", możliwa utrata danych
C:\Users\Szymek\Desktop\Github\GameEngine2D_Engineer\GameEngine2D_Engineer\src\core\Scenes\ItemEdytor.cpp(432,12): warning C4244: "inicjowanie": konwersja z "float" do "int", możliwa utrata danych
C:\Users\Szymek\Desktop\Github\GameEngine2D_Engineer\GameEngine2D_Engineer\src\core\Scenes\ItemEdytor.cpp(433,12): warning C4244: "inicjowanie": konwersja z "float" do "int", możliwa utrata danych
C:\Users\Szymek\Desktop\Github\GameEngine2D_Engineer\GameEngine2D_Engineer\src\core\Scenes\ItemEdytor.cpp(436,43): warning C4244: "argument": konwersja z "float" do "int", możliwa utrata danych
C:\Users\Szymek\Desktop\Github\GameEngine2D_Engineer\GameEngine2D_Engineer\src\core\Scenes\ItemEdytor.cpp(436,24): warning C4244: "argument": konwersja z "float" do "int", możliwa utrata danych
C:\Users\Szymek\Desktop\Github\GameEngine2D_Engineer\GameEngine2D_Engineer\src\core\Scenes\ItemEdytor.cpp(437,42): warning C4244: "argument": konwersja z "float" do "int", możliwa utrata danych
C:\Users\Szymek\Desktop\Github\GameEngine2D_Engineer\GameEngine2D_Engineer\src\core\Scenes\ItemEdytor.cpp(437,35): warning C4244: "argument": konwersja z "float" do "int", możliwa utrata danych
C:\Users\Szymek\Desktop\Github\GameEngine2D_Engineer\GameEngine2D_Engineer\src\core\Scenes\ItemEdytor.cpp(438,77): warning C4244: "argument": konwersja z "float" do "int", możliwa utrata danych
C:\Users\Szymek\Desktop\Github\GameEngine2D_Engineer\GameEngine2D_Engineer\src\core\Scenes\ItemEdytor.cpp(438,61): warning C4244: "argument": konwersja z "float" do "int", możliwa utrata danych
C:\Users\Szymek\Desktop\Github\GameEngine2D_Engineer\GameEngine2D_Engineer\src\core\Scenes\ItemEdytor.cpp(439,104): warning C4244: "argument": konwersja z "float" do "int", możliwa utrata danych
C:\Users\Szymek\Desktop\Github\GameEngine2D_Engineer\GameEngine2D_Engineer\src\core\Scenes\ItemEdytor.cpp(439,85): warning C4244: "argument": konwersja z "float" do "int", możliwa utrata danych
C:\Users\Szymek\Desktop\Github\GameEngine2D_Engineer\GameEngine2D_Engineer\src\core\Scenes\ItemEdytor.cpp(440,69): warning C4244: "argument": konwersja z "float" do "int", możliwa utrata danych
C:\Users\Szymek\Desktop\Github\GameEngine2D_Engineer\GameEngine2D_Engineer\src\core\Scenes\ItemEdytor.cpp(440,59): warning C4244: "argument": konwersja z "float" do "int", możliwa utrata danych
C:\Users\Szymek\Desktop\Github\GameEngine2D_Engineer\GameEngine2D_Engineer\src\core\Scenes\ItemEdytor.cpp(442,85): warning C4244: "argument": konwersja z "float" do "int", możliwa utrata danych
C:\Users\Szymek\Desktop\Github\GameEngine2D_Engineer\GameEngine2D_Engineer\src\core\Scenes\ItemEdytor.cpp(442,65): warning C4244: "argument": konwersja z "float" do "int", możliwa utrata danych
C:\Users\Szymek\Desktop\Github\GameEngine2D_Engineer\GameEngine2D_Engineer\src\core\Scenes\ItemEdytor.cpp(444,112): warning C4244: "argument": konwersja z "float" do "int", możliwa utrata danych
C:\Users\Szymek\Desktop\Github\GameEngine2D_Engineer\GameEngine2D_Engineer\src\core\Scenes\ItemEdytor.cpp(444,89): warning C4244: "argument": konwersja z "float" do "int", możliwa utrata danych
C:\Users\Szymek\Desktop\Github\GameEngine2D_Engineer\GameEngine2D_Engineer\src\core\Scenes\ItemEdytor.cpp(446,73): warning C4244: "argument": konwersja z "float" do "int", możliwa utrata danych
C:\Users\Szymek\Desktop\Github\GameEngine2D_Engineer\GameEngine2D_Engineer\src\core\Scenes\ItemEdytor.cpp(446,63): warning C4244: "argument": konwersja z "float" do "int", możliwa utrata danych
C:\Users\Szymek\Desktop\Github\GameEngine2D_Engineer\GameEngine2D_Engineer\src\core\Scenes\ItemEdytor.cpp(447,108): warning C4244: "argument": konwersja z "float" do "int", możliwa utrata danych
C:\Users\Szymek\Desktop\Github\GameEngine2D_Engineer\GameEngine2D_Engineer\src\core\Scenes\ItemEdytor.cpp(447,89): warning C4244: "argument": konwersja z "float" do "int", możliwa utrata danych
C:\Users\Szymek\Desktop\Github\GameEngine2D_Engineer\GameEngine2D_Engineer\src\core\Scenes\ItemEdytor.cpp(454,65): warning C4244: "argument": konwersja z "float" do "int", możliwa utrata danych
C:\Users\Szymek\Desktop\Github\GameEngine2D_Engineer\GameEngine2D_Engineer\src\core\Scenes\ItemEdytor.cpp(454,55): warning C4244: "argument": konwersja z "float" do "int", możliwa utrata danych
C:\Users\Szymek\Desktop\Github\GameEngine2D_Engineer\GameEngine2D_Engineer\src\core\Scenes\ItemEdytor.cpp(482,50): warning C4244: "argument": konwersja z "float" do "int", możliwa utrata danych
C:\Users\Szymek\Desktop\Github\GameEngine2D_Engineer\GameEngine2D_Engineer\src\core\Scenes\ItemEdytor.cpp(482,45): warning C4244: "argument": konwersja z "float" do "int", możliwa utrata danych
  ItemProperty.cpp
C:\Users\Szymek\Desktop\Github\GameEngine2D_Engineer\GameEngine2D_Engineer\src\GameObjects\ItemFactory.h(79,37): warning C4267: "return": konwersja z "size_t" do "int", możliwa utrata danych
  (kompilowanie pliku źródłowego „src/core/Scenes/ItemEdytorStruct/ItemProperty.cpp”)
  
C:\Users\Szymek\Desktop\Github\GameEngine2D_Engineer\GameEngine2D_Engineer\src\GameObjects\AddisionalTypes\CircleCollider.h(15,35): warning C4244: "return": konwersja z "float" do "int", możliwa utrata danych
  (kompilowanie pliku źródłowego „src/core/Scenes/ItemEdytorStruct/ItemProperty.cpp”)
  
C:\Users\Szymek\Desktop\Github\GameEngine2D_Engineer\GameEngine2D_Engineer\src\GameObjects\Items\Tool\ToolItem.h(15,28): warning C4305: "inicjowanie": obcięcie z "double" do "float"
  (kompilowanie pliku źródłowego „src/core/Scenes/ItemEdytorStruct/ItemProperty.cpp”)
  
C:\Users\Szymek\Desktop\Github\GameEngine2D_Engineer\GameEngine2D_Engineer\src\core\Scenes\ItemEdytorStruct\ItemProperty.cpp(415,55): warning C4244: "argument": konwersja z "float" do "int", możliwa utrata danych
C:\Users\Szymek\Desktop\Github\GameEngine2D_Engineer\GameEngine2D_Engineer\src\core\Scenes\ItemEdytorStruct\ItemProperty.cpp(415,48): warning C4244: "argument": konwersja z "float" do "int", możliwa utrata danych
  Menu.cpp
C:\Users\Szymek\Desktop\Github\GameEngine2D_Engineer\GameEngine2D_Engineer\src\GameObjects\ItemFactory.h(79,37): warning C4267: "return": konwersja z "size_t" do "int", możliwa utrata danych
  (kompilowanie pliku źródłowego „src/core/Scenes/Menu.cpp”)
  
C:\Users\Szymek\Desktop\Github\GameEngine2D_Engineer\GameEngine2D_Engineer\src\GameObjects\AddisionalTypes\CircleCollider.h(15,35): warning C4244: "return": konwersja z "float" do "int", możliwa utrata danych
  (kompilowanie pliku źródłowego „src/core/Scenes/Menu.cpp”)
  
C:\Users\Szymek\Desktop\Github\GameEngine2D_Engineer\GameEngine2D_Engineer\src\GameObjects\Items\Tool\ToolItem.h(15,28): warning C4305: "inicjowanie": obcięcie z "double" do "float"
  (kompilowanie pliku źródłowego „src/core/Scenes/Menu.cpp”)
  
  RecipesEdytor.cpp
C:\Users\Szymek\Desktop\Github\GameEngine2D_Engineer\GameEngine2D_Engineer\src\GameObjects\ItemFactory.h(79,37): warning C4267: "return": konwersja z "size_t" do "int", możliwa utrata danych
  (kompilowanie pliku źródłowego „src/core/Scenes/RecipesEdytor.cpp”)
  
C:\Users\Szymek\Desktop\Github\GameEngine2D_Engineer\GameEngine2D_Engineer\src\GameObjects\AddisionalTypes\CircleCollider.h(15,35): warning C4244: "return": konwersja z "float" do "int", możliwa utrata danych
  (kompilowanie pliku źródłowego „src/core/Scenes/RecipesEdytor.cpp”)
  
C:\Users\Szymek\Desktop\Github\GameEngine2D_Engineer\GameEngine2D_Engineer\src\GameObjects\Items\Tool\ToolItem.h(15,28): warning C4305: "inicjowanie": obcięcie z "double" do "float"
  (kompilowanie pliku źródłowego „src/core/Scenes/RecipesEdytor.cpp”)
  
C:\Users\Szymek\Desktop\Github\GameEngine2D_Engineer\GameEngine2D_Engineer\src\core\Scenes\RecipesEdytor.cpp(29,18): warning C4244: "=": konwersja z "const int" do "float", możliwa utrata danych
C:\Users\Szymek\Desktop\Github\GameEngine2D_Engineer\GameEngine2D_Engineer\src\core\Scenes\RecipesEdytor.cpp(30,19): warning C4244: "=": konwersja z "const int" do "float", możliwa utrata danych
C:\Users\Szymek\Desktop\Github\GameEngine2D_Engineer\GameEngine2D_Engineer\src\core\Scenes\RecipesEdytor.cpp(40,49): warning C4244: "=": konwersja z "int" do "float", możliwa utrata danych
C:\Users\Szymek\Desktop\Github\GameEngine2D_Engineer\GameEngine2D_Engineer\src\core\Scenes\RecipesEdytor.cpp(41,48): warning C4244: "=": konwersja z "int" do "float", możliwa utrata danych
C:\Users\Szymek\Desktop\Github\GameEngine2D_Engineer\GameEngine2D_Engineer\src\core\Scenes\RecipesEdytor.cpp(129,8): warning C4267: "inicjowanie": konwersja z "size_t" do "int", możliwa utrata danych
C:\Users\Szymek\Desktop\Github\GameEngine2D_Engineer\GameEngine2D_Engineer\src\core\Scenes\RecipesEdytor.cpp(147,70): warning C4244: "argument": konwersja z "float" do "int", możliwa utrata danych
C:\Users\Szymek\Desktop\Github\GameEngine2D_Engineer\GameEngine2D_Engineer\src\core\Scenes\RecipesEdytor.cpp(147,63): warning C4244: "argument": konwersja z "float" do "int", możliwa utrata danych
C:\Users\Szymek\Desktop\Github\GameEngine2D_Engineer\GameEngine2D_Engineer\src\core\Scenes\RecipesEdytor.cpp(161,21): warning C4244: "argument": konwersja z "float" do "int", możliwa utrata danych
C:\Users\Szymek\Desktop\Github\GameEngine2D_Engineer\GameEngine2D_Engineer\src\core\Scenes\RecipesEdytor.cpp(161,10): warning C4244: "argument": konwersja z "float" do "int", możliwa utrata danych
C:\Users\Szymek\Desktop\Github\GameEngine2D_Engineer\GameEngine2D_Engineer\src\core\Scenes\RecipesEdytor.cpp(164,57): warning C4267: "argument": konwersja z "size_t" do "int", możliwa utrata danych
C:\Users\Szymek\Desktop\Github\GameEngine2D_Engineer\GameEngine2D_Engineer\src\core\Scenes\RecipesEdytor.cpp(167,39): warning C4244: "argument": konwersja z "float" do "int", możliwa utrata danych
C:\Users\Szymek\Desktop\Github\GameEngine2D_Engineer\GameEngine2D_Engineer\src\core\Scenes\RecipesEdytor.cpp(167,32): warning C4244: "argument": konwersja z "float" do "int", możliwa utrata danych
C:\Users\Szymek\Desktop\Github\GameEngine2D_Engineer\GameEngine2D_Engineer\src\core\Scenes\RecipesEdytor.cpp(258,8): warning C4267: "inicjowanie": konwersja z "size_t" do "int", możliwa utrata danych
C:\Users\Szymek\Desktop\Github\GameEngine2D_Engineer\GameEngine2D_Engineer\src\core\Scenes\RecipesEdytor.cpp(268,14): warning C4244: "=": konwersja z "const int" do "float", możliwa utrata danych
C:\Users\Szymek\Desktop\Github\GameEngine2D_Engineer\GameEngine2D_Engineer\src\core\Scenes\RecipesEdytor.cpp(269,15): warning C4244: "=": konwersja z "const int" do "float", możliwa utrata danych
C:\Users\Szymek\Desktop\Github\GameEngine2D_Engineer\GameEngine2D_Engineer\src\core\Scenes\RecipesEdytor.cpp(278,14): warning C4244: "=": konwersja z "const int" do "float", możliwa utrata danych
C:\Users\Szymek\Desktop\Github\GameEngine2D_Engineer\GameEngine2D_Engineer\src\core\Scenes\RecipesEdytor.cpp(279,15): warning C4244: "=": konwersja z "const int" do "float", możliwa utrata danych
C:\Users\Szymek\Desktop\Github\GameEngine2D_Engineer\GameEngine2D_Engineer\src\core\Scenes\RecipesEdytor.cpp(290,8): warning C4267: "inicjowanie": konwersja z "size_t" do "int", możliwa utrata danych
C:\Users\Szymek\Desktop\Github\GameEngine2D_Engineer\GameEngine2D_Engineer\src\core\Scenes\RecipesEdytor.cpp(309,79): warning C4267: "argument": konwersja z "size_t" do "int", możliwa utrata danych
C:\Users\Szymek\Desktop\Github\GameEngine2D_Engineer\GameEngine2D_Engineer\src\core\Scenes\RecipesEdytor.cpp(310,8): warning C4267: "inicjowanie": konwersja z "size_t" do "int", możliwa utrata danych
C:\Users\Szymek\Desktop\Github\GameEngine2D_Engineer\GameEngine2D_Engineer\src\core\Scenes\RecipesEdytor.cpp(366,33): warning C4267: "=": konwersja z "size_t" do "int", możliwa utrata danych
  Trwa generowanie kodu
  4 of 3942 functions ( 0.1%) were compiled, the rest were copied from previous compilation.
    0 functions were new in current compilation
    9 functions had inline decision re-evaluated but remain unchanged
  Zakończono generowanie kodu
  GameEngine2D.vcxproj -> C:\Users\Szymek\Desktop\Github\GameEngine2D_Engineer\GameEngine2D_Engineer\x64\Release\GameEngine2D.exe
