  Player.cpp
C:\Users\Szymek\Desktop\Github\GameEngine2D_Engineer\GameEngine2D_Engineer\src\GameObjects\AddisionalTypes\CircleCollider.h(15,35): warning C4244: "return": konwersja z "float" do "int", możliwa utrata danych
  (kompilowanie pliku źródłowego „src/GameObjects/Player/Player.cpp”)
  
C:\Users\Szymek\Desktop\Github\GameEngine2D_Engineer\GameEngine2D_Engineer\src\GameObjects\AddisionalTypes\Shop.h(22,53): warning C4244: "inicjowanie": konwersja z "float" do "const int", możliwa utrata danych
  (kompilowanie pliku źródłowego „src/GameObjects/Player/Player.cpp”)
  
C:\Users\Szymek\Desktop\Github\GameEngine2D_Engineer\GameEngine2D_Engineer\src\GameObjects\Player\Player.cpp(223,13): warning C4244: "inicjowanie": konwersja z "double" do "float", możliwa utrata danych
C:\Users\Szymek\Desktop\Github\GameEngine2D_Engineer\GameEngine2D_Engineer\src\GameObjects\Player\Player.cpp(346,82): warning C4244: "argument": konwersja z "float" do "int", możliwa utrata danych
C:\Users\Szymek\Desktop\Github\GameEngine2D_Engineer\GameEngine2D_Engineer\src\GameObjects\Player\Player.cpp(346,75): warning C4244: "argument": konwersja z "float" do "int", możliwa utrata danych
C:\Users\Szymek\Desktop\Github\GameEngine2D_Engineer\GameEngine2D_Engineer\src\GameObjects\Player\Player.cpp(359,14): warning C4244: "inicjowanie": konwersja z "float" do "int", możliwa utrata danych
  Trwa generowanie kodu
  1 of 3944 functions (<0.1%) were compiled, the rest were copied from previous compilation.
    0 functions were new in current compilation
    9 functions had inline decision re-evaluated but remain unchanged
  Zakończono generowanie kodu
raylib.lib(raudio.obj) : warning LNK4099: nie znaleziono pliku PDB „” z elementem „raylib.lib(raudio.obj)” lub w pozycji „”; obiekt zostanie skonsolidowany bez informacji debugowania
raylib.lib(rcore.obj) : warning LNK4099: nie znaleziono pliku PDB „” z elementem „raylib.lib(rcore.obj)” lub w pozycji „”; obiekt zostanie skonsolidowany bez informacji debugowania
raylib.lib(rglfw.obj) : warning LNK4099: nie znaleziono pliku PDB „” z elementem „raylib.lib(rglfw.obj)” lub w pozycji „”; obiekt zostanie skonsolidowany bez informacji debugowania
raylib.lib(rshapes.obj) : warning LNK4099: nie znaleziono pliku PDB „” z elementem „raylib.lib(rshapes.obj)” lub w pozycji „”; obiekt zostanie skonsolidowany bez informacji debugowania
raylib.lib(rtext.obj) : warning LNK4099: nie znaleziono pliku PDB „” z elementem „raylib.lib(rtext.obj)” lub w pozycji „”; obiekt zostanie skonsolidowany bez informacji debugowania
raylib.lib(rtextures.obj) : warning LNK4099: nie znaleziono pliku PDB „” z elementem „raylib.lib(rtextures.obj)” lub w pozycji „”; obiekt zostanie skonsolidowany bez informacji debugowania
raylib.lib(utils.obj) : warning LNK4099: nie znaleziono pliku PDB „” z elementem „raylib.lib(utils.obj)” lub w pozycji „”; obiekt zostanie skonsolidowany bez informacji debugowania
  GameEngine2D.vcxproj -> C:\Users\Szymek\Desktop\Github\GameEngine2D_Engineer\GameEngine2D_Engineer\Release\GameEngine2D.exe
